Using pre-set license
Built from '2021.3/staging' branch; Version is '2021.3.8f1 (b30333d56e81) revision 11731763'; Using compiler version '192829333'; Build Type 'Release'
OS: 'Windows 11  (10.0.22631) 64bit Core' Language: 'en' Physical Memory: 8006 MB
BatchMode: 1, IsHumanControllingUs: 0, StartBugReporterOnCrash: 0, Is64bit: 1, IsPro: 1

COMMAND LINE ARGUMENTS:
C:\Program Files\Unity\Hub\Editor\2021.3.8f1\Editor\Unity.exe
-adb2
-batchMode
-noUpm
-name
AssetImportWorker5
-projectPath
C:/Users/liopo/OneDrive/桌面/Unity Projects/Monster Evolution
-logFile
Logs/AssetImportWorker5.log
-srvPort
56419
Successfully changed project path to: C:/Users/liopo/OneDrive/桌面/Unity Projects/Monster Evolution
C:/Users/liopo/OneDrive/桌面/Unity Projects/Monster Evolution
[UnityMemory] Configuration Parameters - Can be set up in boot.config
    "memorysetup-bucket-allocator-granularity=16"
    "memorysetup-bucket-allocator-bucket-count=8"
    "memorysetup-bucket-allocator-block-size=33554432"
    "memorysetup-bucket-allocator-block-count=8"
    "memorysetup-main-allocator-block-size=16777216"
    "memorysetup-thread-allocator-block-size=16777216"
    "memorysetup-gfx-main-allocator-block-size=16777216"
    "memorysetup-gfx-thread-allocator-block-size=16777216"
    "memorysetup-cache-allocator-block-size=4194304"
    "memorysetup-typetree-allocator-block-size=2097152"
    "memorysetup-profiler-bucket-allocator-granularity=16"
    "memorysetup-profiler-bucket-allocator-bucket-count=8"
    "memorysetup-profiler-bucket-allocator-block-size=33554432"
    "memorysetup-profiler-bucket-allocator-block-count=8"
    "memorysetup-profiler-allocator-block-size=16777216"
    "memorysetup-profiler-editor-allocator-block-size=1048576"
    "memorysetup-temp-allocator-size-main=16777216"
    "memorysetup-job-temp-allocator-block-size=2097152"
    "memorysetup-job-temp-allocator-block-size-background=1048576"
    "memorysetup-job-temp-allocator-reduction-small-platforms=262144"
    "memorysetup-temp-allocator-size-background-worker=32768"
    "memorysetup-temp-allocator-size-job-worker=262144"
    "memorysetup-temp-allocator-size-preload-manager=33554432"
    "memorysetup-temp-allocator-size-nav-mesh-worker=65536"
    "memorysetup-temp-allocator-size-audio-worker=65536"
    "memorysetup-temp-allocator-size-cloud-worker=32768"
    "memorysetup-temp-allocator-size-gi-baking-worker=262144"
    "memorysetup-temp-allocator-size-gfx=262144"
Refreshing native plugins compatible for Editor in 578.63 ms, found 4 plugins.
Preloading 0 native plugins for Editor in 0.00 ms.
Initialize engine version: 2021.3.8f1 (b30333d56e81)
[Subsystems] Discovering subsystems at path C:/Program Files/Unity/Hub/Editor/2021.3.8f1/Editor/Data/Resources/UnitySubsystems
[Subsystems] Discovering subsystems at path C:/Users/liopo/OneDrive/桌面/Unity Projects/Monster Evolution/Assets
GfxDevice: creating device client; threaded=0; jobified=0
Direct3D:
    Version:  Direct3D 11.0 [level 11.1]
    Renderer: Intel(R) UHD Graphics 620 (ID=0x3ea0)
    Vendor:   Intel
    VRAM:     4003 MB
    Driver:   27.20.100.8681
Initialize mono
Mono path[0] = 'C:/Program Files/Unity/Hub/Editor/2021.3.8f1/Editor/Data/Managed'
Mono path[1] = 'C:/Program Files/Unity/Hub/Editor/2021.3.8f1/Editor/Data/MonoBleedingEdge/lib/mono/unityjit-win32'
Mono config path = 'C:/Program Files/Unity/Hub/Editor/2021.3.8f1/Editor/Data/MonoBleedingEdge/etc'
Using monoOptions --debugger-agent=transport=dt_socket,embedding=1,server=y,suspend=n,address=127.0.0.1:56252
Begin MonoManager ReloadAssembly
Registering precompiled unity dll's ...
Register platform support module: C:/Program Files/Unity/Hub/Editor/2021.3.8f1/Editor/Data/PlaybackEngines/WebGLSupport/UnityEditor.WebGL.Extensions.dll
Register platform support module: C:/Program Files/Unity/Hub/Editor/2021.3.8f1/Editor/Data/PlaybackEngines/iOSSupport/UnityEditor.iOS.Extensions.dll
Register platform support module: C:/Program Files/Unity/Hub/Editor/2021.3.8f1/Editor/Data/PlaybackEngines/WindowsStandaloneSupport/UnityEditor.WindowsStandalone.Extensions.dll
Registered in 0.023247 seconds.
Native extension for WindowsStandalone target not found
[usbmuxd] Start listen thread
[usbmuxd] Listen thread started
Native extension for iOS target not found
Native extension for WebGL target not found
Refreshing native plugins compatible for Editor in 357.96 ms, found 4 plugins.
Preloading 0 native plugins for Editor in 0.00 ms.
Mono: successfully reloaded assembly
- Completed reload, in  2.778 seconds
Domain Reload Profiling:
	ReloadAssembly (2779ms)
		BeginReloadAssembly (645ms)
			ExecutionOrderSort (0ms)
			DisableScriptedObjects (0ms)
			BackupInstance (0ms)
			ReleaseScriptingObjects (0ms)
			CreateAndSetChildDomain (2ms)
		EndReloadAssembly (1763ms)
			LoadAssemblies (637ms)
			RebuildTransferFunctionScriptingTraits (0ms)
			SetupTypeCache (443ms)
			ReleaseScriptCaches (0ms)
			RebuildScriptCaches (73ms)
			SetupLoadedEditorAssemblies (1107ms)
				LogAssemblyErrors (0ms)
				InitializePlatformSupportModulesInManaged (72ms)
				SetLoadedEditorAssemblies (1ms)
				RefreshPlugins (358ms)
				BeforeProcessingInitializeOnLoad (2ms)
				ProcessInitializeOnLoadAttributes (463ms)
				ProcessInitializeOnLoadMethodAttributes (211ms)
				AfterProcessingInitializeOnLoad (0ms)
				EditorAssembliesLoaded (0ms)
			ExecutionOrderSort2 (0ms)
			AwakeInstancesAfterBackupRestoration (0ms)
Platform modules already initialized, skipping
Registering precompiled user dll's ...
Registered in 0.045699 seconds.
Begin MonoManager ReloadAssembly
Symbol file LoadedFromMemory doesn't match image C:\Users\liopo\OneDrive\桌面\Unity Projects\Monster Evolution\Library\PackageCache\com.unity.visualscripting@1.7.8\Editor\VisualScripting.Core\Dependencies\YamlDotNet\Unity.VisualScripting.YamlDotNet.dll
Symbol file LoadedFromMemory doesn't match image C:\Users\liopo\OneDrive\桌面\Unity Projects\Monster Evolution\Library\PackageCache\com.unity.visualscripting@1.7.8\Editor\VisualScripting.Core\Dependencies\DotNetZip\Unity.VisualScripting.IonicZip.dll
Native extension for WindowsStandalone target not found
Native extension for iOS target not found
Native extension for WebGL target not found
Refreshing native plugins compatible for Editor in 737.68 ms, found 4 plugins.
Preloading 0 native plugins for Editor in 0.00 ms.
Mono: successfully reloaded assembly
- Completed reload, in  7.362 seconds
Domain Reload Profiling:
	ReloadAssembly (7365ms)
		BeginReloadAssembly (474ms)
			ExecutionOrderSort (0ms)
			DisableScriptedObjects (19ms)
			BackupInstance (0ms)
			ReleaseScriptingObjects (1ms)
			CreateAndSetChildDomain (63ms)
		EndReloadAssembly (6435ms)
			LoadAssemblies (665ms)
			RebuildTransferFunctionScriptingTraits (0ms)
			SetupTypeCache (1263ms)
			ReleaseScriptCaches (4ms)
			RebuildScriptCaches (395ms)
			SetupLoadedEditorAssemblies (3821ms)
				LogAssemblyErrors (0ms)
				InitializePlatformSupportModulesInManaged (84ms)
				SetLoadedEditorAssemblies (1ms)
				RefreshPlugins (738ms)
				BeforeProcessingInitializeOnLoad (745ms)
				ProcessInitializeOnLoadAttributes (1787ms)
				ProcessInitializeOnLoadMethodAttributes (432ms)
				AfterProcessingInitializeOnLoad (34ms)
				EditorAssembliesLoaded (1ms)
			ExecutionOrderSort2 (0ms)
			AwakeInstancesAfterBackupRestoration (32ms)
Platform modules already initialized, skipping
========================================================================
Worker process is ready to serve import requests
Launched and connected shader compiler UnityShaderCompiler.exe after 0.32 seconds
Refreshing native plugins compatible for Editor in 5.91 ms, found 4 plugins.
Preloading 0 native plugins for Editor in 0.00 ms.
Unloading 5588 Unused Serialized files (Serialized files now loaded: 0)
Unloading 47 unused Assets / (0.8 MB). Loaded Objects now: 6054.
Memory consumption went from 235.5 MB to 234.8 MB.
Total: 61.780100 ms (FindLiveObjects: 1.863300 ms CreateObjectMapping: 5.061500 ms MarkObjects: 44.666000 ms  DeleteObjects: 10.183700 ms)

AssetImportParameters requested are different than current active one (requested -> active):
  custom:video-decoder-ogg-theora: a1e56fd34408186e4bbccfd4996cb3dc -> 
  custom:container-muxer-webm: aa71ff27fc2769a1b78a27578f13a17b -> 
  custom:container-demuxer-webm: 4f35f7cbe854078d1ac9338744f61a02 -> 
  custom:video-encoder-webm-vp8: eb34c28f22e8b96e1ab97ce403110664 -> 
  custom:audio-encoder-webm-vorbis: bf7c407c2cedff20999df2af8eb42d56 -> 
  custom:framework-win-MediaFoundation: 216162199b28c13a410421893ffa2e32 -> 
  custom:container-demuxer-ogg: 62fdf1f143b41e24485cea50d1cbac27 -> 
  custom:video-decoder-webm-vp8: 9c59270c3fd7afecdb556c50c9e8de78 -> 
  custom:audio-decoder-ogg-vorbis: bf7c407c2cedff20999df2af8eb42d56 -> 
========================================================================
Received Prepare
Registering precompiled user dll's ...
Registered in 0.018106 seconds.
Begin MonoManager ReloadAssembly
Symbol file LoadedFromMemory doesn't match image C:\Users\liopo\OneDrive\桌面\Unity Projects\Monster Evolution\Library\PackageCache\com.unity.visualscripting@1.7.8\Editor\VisualScripting.Core\Dependencies\YamlDotNet\Unity.VisualScripting.YamlDotNet.dll
Symbol file LoadedFromMemory doesn't match image C:\Users\liopo\OneDrive\桌面\Unity Projects\Monster Evolution\Library\PackageCache\com.unity.visualscripting@1.7.8\Editor\VisualScripting.Core\Dependencies\DotNetZip\Unity.VisualScripting.IonicZip.dll
Native extension for WindowsStandalone target not found
Native extension for iOS target not found
Native extension for WebGL target not found
Refreshing native plugins compatible for Editor in 6.49 ms, found 4 plugins.
Preloading 0 native plugins for Editor in 0.00 ms.
Mono: successfully reloaded assembly
- Completed reload, in  8.868 seconds
Domain Reload Profiling:
	ReloadAssembly (8883ms)
		BeginReloadAssembly (2715ms)
			ExecutionOrderSort (0ms)
			DisableScriptedObjects (321ms)
			BackupInstance (0ms)
			ReleaseScriptingObjects (0ms)
			CreateAndSetChildDomain (1171ms)
		EndReloadAssembly (5523ms)
			LoadAssemblies (1245ms)
			RebuildTransferFunctionScriptingTraits (1ms)
			SetupTypeCache (2316ms)
			ReleaseScriptCaches (16ms)
			RebuildScriptCaches (350ms)
			SetupLoadedEditorAssemblies (1843ms)
				LogAssemblyErrors (0ms)
				InitializePlatformSupportModulesInManaged (107ms)
				SetLoadedEditorAssemblies (4ms)
				RefreshPlugins (7ms)
				BeforeProcessingInitializeOnLoad (391ms)
				ProcessInitializeOnLoadAttributes (977ms)
				ProcessInitializeOnLoadMethodAttributes (328ms)
				AfterProcessingInitializeOnLoad (29ms)
				EditorAssembliesLoaded (1ms)
			ExecutionOrderSort2 (0ms)
			AwakeInstancesAfterBackupRestoration (59ms)
Platform modules already initialized, skipping
Refreshing native plugins compatible for Editor in 81.18 ms, found 4 plugins.
Preloading 0 native plugins for Editor in 0.00 ms.
Unloading 5449 Unused Serialized files (Serialized files now loaded: 0)
Unloading 35 unused Assets / (0.8 MB). Loaded Objects now: 6057.
Memory consumption went from 226.4 MB to 225.7 MB.
Total: 64.943500 ms (FindLiveObjects: 1.693800 ms CreateObjectMapping: 1.877700 ms MarkObjects: 58.254300 ms  DeleteObjects: 3.110700 ms)

AssetImportParameters requested are different than current active one (requested -> active):
  custom:video-decoder-ogg-theora: a1e56fd34408186e4bbccfd4996cb3dc -> 
  custom:container-muxer-webm: aa71ff27fc2769a1b78a27578f13a17b -> 
  custom:container-demuxer-webm: 4f35f7cbe854078d1ac9338744f61a02 -> 
  custom:video-encoder-webm-vp8: eb34c28f22e8b96e1ab97ce403110664 -> 
  custom:audio-encoder-webm-vorbis: bf7c407c2cedff20999df2af8eb42d56 -> 
  custom:framework-win-MediaFoundation: 216162199b28c13a410421893ffa2e32 -> 
  custom:container-demuxer-ogg: 62fdf1f143b41e24485cea50d1cbac27 -> 
  custom:video-decoder-webm-vp8: 9c59270c3fd7afecdb556c50c9e8de78 -> 
  custom:audio-decoder-ogg-vorbis: bf7c407c2cedff20999df2af8eb42d56 -> 
========================================================================
Received Import Request.
  Time since last request: 1232072.378659 seconds.
  path: Assets/Scripts/Player/Weapons/WeaponData.cs
  artifactKey: Guid(74b06f7d6fbcab94cb1aa96df6de1b52) Importer(815301076,1909f56bfc062723c751e8b465ee728b)
Start importing Assets/Scripts/Player/Weapons/WeaponData.cs using Guid(74b06f7d6fbcab94cb1aa96df6de1b52) Importer(815301076,1909f56bfc062723c751e8b465ee728b)  -> (artifact id: '86fe0048e6a0986681f46f32c05e4bf2') in 3.931069 seconds 
========================================================================
Received Prepare
Registering precompiled user dll's ...
Registered in 0.184810 seconds.
Begin MonoManager ReloadAssembly
Symbol file LoadedFromMemory doesn't match image C:\Users\liopo\OneDrive\桌面\Unity Projects\Monster Evolution\Library\PackageCache\com.unity.visualscripting@1.7.8\Editor\VisualScripting.Core\Dependencies\YamlDotNet\Unity.VisualScripting.YamlDotNet.dll
Symbol file LoadedFromMemory doesn't match image C:\Users\liopo\OneDrive\桌面\Unity Projects\Monster Evolution\Library\PackageCache\com.unity.visualscripting@1.7.8\Editor\VisualScripting.Core\Dependencies\DotNetZip\Unity.VisualScripting.IonicZip.dll
Native extension for WindowsStandalone target not found
Native extension for iOS target not found
Native extension for WebGL target not found
Refreshing native plugins compatible for Editor in 46.87 ms, found 4 plugins.
Preloading 0 native plugins for Editor in 0.00 ms.
Mono: successfully reloaded assembly
- Completed reload, in 24.378 seconds
Domain Reload Profiling:
	ReloadAssembly (25277ms)
		BeginReloadAssembly (7781ms)
			ExecutionOrderSort (5ms)
			DisableScriptedObjects (1023ms)
			BackupInstance (0ms)
			ReleaseScriptingObjects (4ms)
			CreateAndSetChildDomain (3975ms)
		EndReloadAssembly (15793ms)
			LoadAssemblies (1451ms)
			RebuildTransferFunctionScriptingTraits (12ms)
			SetupTypeCache (6398ms)
			ReleaseScriptCaches (33ms)
			RebuildScriptCaches (654ms)
			SetupLoadedEditorAssemblies (6284ms)
				LogAssemblyErrors (0ms)
				InitializePlatformSupportModulesInManaged (230ms)
				SetLoadedEditorAssemblies (5ms)
				RefreshPlugins (47ms)
				BeforeProcessingInitializeOnLoad (1981ms)
				ProcessInitializeOnLoadAttributes (2880ms)
				ProcessInitializeOnLoadMethodAttributes (1024ms)
				AfterProcessingInitializeOnLoad (116ms)
				EditorAssembliesLoaded (1ms)
			ExecutionOrderSort2 (0ms)
			AwakeInstancesAfterBackupRestoration (100ms)
Platform modules already initialized, skipping
Refreshing native plugins compatible for Editor in 88.30 ms, found 4 plugins.
Preloading 0 native plugins for Editor in 0.00 ms.
Unloading 5449 Unused Serialized files (Serialized files now loaded: 0)
Unloading 35 unused Assets / (0.8 MB). Loaded Objects now: 6060.
Memory consumption went from 226.5 MB to 225.7 MB.
Total: 537.057300 ms (FindLiveObjects: 2.446600 ms CreateObjectMapping: 8.708400 ms MarkObjects: 521.472100 ms  DeleteObjects: 4.424200 ms)

AssetImportParameters requested are different than current active one (requested -> active):
  custom:video-decoder-ogg-theora: a1e56fd34408186e4bbccfd4996cb3dc -> 
  custom:container-muxer-webm: aa71ff27fc2769a1b78a27578f13a17b -> 
  custom:container-demuxer-webm: 4f35f7cbe854078d1ac9338744f61a02 -> 
  custom:video-encoder-webm-vp8: eb34c28f22e8b96e1ab97ce403110664 -> 
  custom:audio-encoder-webm-vorbis: bf7c407c2cedff20999df2af8eb42d56 -> 
  custom:framework-win-MediaFoundation: 216162199b28c13a410421893ffa2e32 -> 
  custom:container-demuxer-ogg: 62fdf1f143b41e24485cea50d1cbac27 -> 
  custom:video-decoder-webm-vp8: 9c59270c3fd7afecdb556c50c9e8de78 -> 
  custom:audio-decoder-ogg-vorbis: bf7c407c2cedff20999df2af8eb42d56 -> 
========================================================================
Received Prepare
Registering precompiled user dll's ...
Registered in 0.066818 seconds.
Begin MonoManager ReloadAssembly
Symbol file LoadedFromMemory doesn't match image C:\Users\liopo\OneDrive\桌面\Unity Projects\Monster Evolution\Library\PackageCache\com.unity.visualscripting@1.7.8\Editor\VisualScripting.Core\Dependencies\YamlDotNet\Unity.VisualScripting.YamlDotNet.dll
Symbol file LoadedFromMemory doesn't match image C:\Users\liopo\OneDrive\桌面\Unity Projects\Monster Evolution\Library\PackageCache\com.unity.visualscripting@1.7.8\Editor\VisualScripting.Core\Dependencies\DotNetZip\Unity.VisualScripting.IonicZip.dll
Native extension for WindowsStandalone target not found
Native extension for iOS target not found
Native extension for WebGL target not found
Refreshing native plugins compatible for Editor in 9.42 ms, found 4 plugins.
Preloading 0 native plugins for Editor in 0.00 ms.
Mono: successfully reloaded assembly
- Completed reload, in 14.626 seconds
Domain Reload Profiling:
	ReloadAssembly (14636ms)
		BeginReloadAssembly (1545ms)
			ExecutionOrderSort (0ms)
			DisableScriptedObjects (94ms)
			BackupInstance (0ms)
			ReleaseScriptingObjects (0ms)
			CreateAndSetChildDomain (766ms)
		EndReloadAssembly (12508ms)
			LoadAssemblies (969ms)
			RebuildTransferFunctionScriptingTraits (0ms)
			SetupTypeCache (3187ms)
			ReleaseScriptCaches (33ms)
			RebuildScriptCaches (1746ms)
			SetupLoadedEditorAssemblies (4706ms)
				LogAssemblyErrors (0ms)
				InitializePlatformSupportModulesInManaged (348ms)
				SetLoadedEditorAssemblies (7ms)
				RefreshPlugins (10ms)
				BeforeProcessingInitializeOnLoad (1587ms)
				ProcessInitializeOnLoadAttributes (2047ms)
				ProcessInitializeOnLoadMethodAttributes (644ms)
				AfterProcessingInitializeOnLoad (61ms)
				EditorAssembliesLoaded (1ms)
			ExecutionOrderSort2 (0ms)
			AwakeInstancesAfterBackupRestoration (64ms)
Platform modules already initialized, skipping
Refreshing native plugins compatible for Editor in 240.50 ms, found 4 plugins.
Preloading 0 native plugins for Editor in 0.00 ms.
Unloading 5449 Unused Serialized files (Serialized files now loaded: 0)
Unloading 35 unused Assets / (0.8 MB). Loaded Objects now: 6063.
Memory consumption went from 226.5 MB to 225.7 MB.
Total: 73.572200 ms (FindLiveObjects: 5.925400 ms CreateObjectMapping: 6.247300 ms MarkObjects: 58.922500 ms  DeleteObjects: 2.472000 ms)

AssetImportParameters requested are different than current active one (requested -> active):
  custom:video-decoder-ogg-theora: a1e56fd34408186e4bbccfd4996cb3dc -> 
  custom:container-muxer-webm: aa71ff27fc2769a1b78a27578f13a17b -> 
  custom:container-demuxer-webm: 4f35f7cbe854078d1ac9338744f61a02 -> 
  custom:video-encoder-webm-vp8: eb34c28f22e8b96e1ab97ce403110664 -> 
  custom:audio-encoder-webm-vorbis: bf7c407c2cedff20999df2af8eb42d56 -> 
  custom:framework-win-MediaFoundation: 216162199b28c13a410421893ffa2e32 -> 
  custom:container-demuxer-ogg: 62fdf1f143b41e24485cea50d1cbac27 -> 
  custom:video-decoder-webm-vp8: 9c59270c3fd7afecdb556c50c9e8de78 -> 
  custom:audio-decoder-ogg-vorbis: bf7c407c2cedff20999df2af8eb42d56 -> 
========================================================================
Received Import Request.
  Time since last request: 637.671179 seconds.
  path: Assets/Items/WeaponData/Throwing Knife.asset
  artifactKey: Guid(aec78d22fbec5394aaec00a4be393fa1) Importer(815301076,1909f56bfc062723c751e8b465ee728b)
Start importing Assets/Items/WeaponData/Throwing Knife.asset using Guid(aec78d22fbec5394aaec00a4be393fa1) Importer(815301076,1909f56bfc062723c751e8b465ee728b)  -> (artifact id: '89c060ce4a8bf5e54e0b34882ed7fc92') in 1.010633 seconds 
========================================================================
Received Prepare
Registering precompiled user dll's ...
Registered in 0.030781 seconds.
Begin MonoManager ReloadAssembly
Symbol file LoadedFromMemory doesn't match image C:\Users\liopo\OneDrive\桌面\Unity Projects\Monster Evolution\Library\PackageCache\com.unity.visualscripting@1.7.8\Editor\VisualScripting.Core\Dependencies\YamlDotNet\Unity.VisualScripting.YamlDotNet.dll
Symbol file LoadedFromMemory doesn't match image C:\Users\liopo\OneDrive\桌面\Unity Projects\Monster Evolution\Library\PackageCache\com.unity.visualscripting@1.7.8\Editor\VisualScripting.Core\Dependencies\DotNetZip\Unity.VisualScripting.IonicZip.dll
Native extension for WindowsStandalone target not found
Native extension for iOS target not found
Native extension for WebGL target not found
Refreshing native plugins compatible for Editor in 24.42 ms, found 4 plugins.
Preloading 0 native plugins for Editor in 0.00 ms.
Mono: successfully reloaded assembly
- Completed reload, in 63.948 seconds
Domain Reload Profiling:
	ReloadAssembly (63995ms)
		BeginReloadAssembly (5693ms)
			ExecutionOrderSort (0ms)
			DisableScriptedObjects (195ms)
			BackupInstance (0ms)
			ReleaseScriptingObjects (2ms)
			CreateAndSetChildDomain (2911ms)
		EndReloadAssembly (56053ms)
			LoadAssemblies (4116ms)
			RebuildTransferFunctionScriptingTraits (1ms)
			SetupTypeCache (9919ms)
			ReleaseScriptCaches (58ms)
			RebuildScriptCaches (2584ms)
			SetupLoadedEditorAssemblies (34192ms)
				LogAssemblyErrors (0ms)
				InitializePlatformSupportModulesInManaged (1792ms)
				SetLoadedEditorAssemblies (18ms)
				RefreshPlugins (25ms)
				BeforeProcessingInitializeOnLoad (4343ms)
				ProcessInitializeOnLoadAttributes (24630ms)
				ProcessInitializeOnLoadMethodAttributes (3111ms)
				AfterProcessingInitializeOnLoad (233ms)
				EditorAssembliesLoaded (40ms)
			ExecutionOrderSort2 (0ms)
			AwakeInstancesAfterBackupRestoration (764ms)
Platform modules already initialized, skipping
Refreshing native plugins compatible for Editor in 55.63 ms, found 4 plugins.
Preloading 0 native plugins for Editor in 0.00 ms.
Unloading 5449 Unused Serialized files (Serialized files now loaded: 0)
Unloading 35 unused Assets / (0.8 MB). Loaded Objects now: 6067.
Memory consumption went from 226.5 MB to 225.7 MB.
Total: 170.816200 ms (FindLiveObjects: 14.481300 ms CreateObjectMapping: 17.378900 ms MarkObjects: 132.293700 ms  DeleteObjects: 6.648000 ms)

AssetImportParameters requested are different than current active one (requested -> active):
  custom:video-decoder-ogg-theora: a1e56fd34408186e4bbccfd4996cb3dc -> 
  custom:container-muxer-webm: aa71ff27fc2769a1b78a27578f13a17b -> 
  custom:container-demuxer-webm: 4f35f7cbe854078d1ac9338744f61a02 -> 
  custom:video-encoder-webm-vp8: eb34c28f22e8b96e1ab97ce403110664 -> 
  custom:audio-encoder-webm-vorbis: bf7c407c2cedff20999df2af8eb42d56 -> 
  custom:framework-win-MediaFoundation: 216162199b28c13a410421893ffa2e32 -> 
  custom:container-demuxer-ogg: 62fdf1f143b41e24485cea50d1cbac27 -> 
  custom:video-decoder-webm-vp8: 9c59270c3fd7afecdb556c50c9e8de78 -> 
  custom:audio-decoder-ogg-vorbis: bf7c407c2cedff20999df2af8eb42d56 -> 
========================================================================
Received Prepare
Script is not up to date after domain reload: guid(29ae3989663ff5747ad56df302cb0e13) path("Assets/Scripts/Player/Weapons/ThrowingKnifeWeapon.cs") state(2)
Registering precompiled user dll's ...
Registered in 1.390920 seconds.
Begin MonoManager ReloadAssembly
Symbol file LoadedFromMemory doesn't match image C:\Users\liopo\OneDrive\桌面\Unity Projects\Monster Evolution\Library\PackageCache\com.unity.visualscripting@1.7.8\Editor\VisualScripting.Core\Dependencies\YamlDotNet\Unity.VisualScripting.YamlDotNet.dll
Symbol file LoadedFromMemory doesn't match image C:\Users\liopo\OneDrive\桌面\Unity Projects\Monster Evolution\Library\PackageCache\com.unity.visualscripting@1.7.8\Editor\VisualScripting.Core\Dependencies\DotNetZip\Unity.VisualScripting.IonicZip.dll
Native extension for WindowsStandalone target not found
Native extension for iOS target not found
Native extension for WebGL target not found
Refreshing native plugins compatible for Editor in 31.75 ms, found 4 plugins.
Preloading 0 native plugins for Editor in 0.00 ms.
Mono: successfully reloaded assembly
- Completed reload, in 37.117 seconds
Domain Reload Profiling:
	ReloadAssembly (37145ms)
		BeginReloadAssembly (5257ms)
			ExecutionOrderSort (1ms)
			DisableScriptedObjects (489ms)
			BackupInstance (0ms)
			ReleaseScriptingObjects (1ms)
			CreateAndSetChildDomain (3422ms)
		EndReloadAssembly (30884ms)
			LoadAssemblies (1165ms)
			RebuildTransferFunctionScriptingTraits (0ms)
			SetupTypeCache (3500ms)
			ReleaseScriptCaches (263ms)
			RebuildScriptCaches (1981ms)
			SetupLoadedEditorAssemblies (21145ms)
				LogAssemblyErrors (0ms)
				InitializePlatformSupportModulesInManaged (3586ms)
				SetLoadedEditorAssemblies (141ms)
				RefreshPlugins (33ms)
				BeforeProcessingInitializeOnLoad (9286ms)
				ProcessInitializeOnLoadAttributes (7144ms)
				ProcessInitializeOnLoadMethodAttributes (894ms)
				AfterProcessingInitializeOnLoad (57ms)
				EditorAssembliesLoaded (4ms)
			ExecutionOrderSort2 (0ms)
			AwakeInstancesAfterBackupRestoration (88ms)
Platform modules already initialized, skipping
Script is not up to date after domain reload: guid(29ae3989663ff5747ad56df302cb0e13) path("Assets/Scripts/Player/Weapons/ThrowingKnifeWeapon.cs") state(2)
Refreshing native plugins compatible for Editor in 65.95 ms, found 4 plugins.
Preloading 0 native plugins for Editor in 0.00 ms.
Unloading 5448 Unused Serialized files (Serialized files now loaded: 0)
Unloading 36 unused Assets / (0.8 MB). Loaded Objects now: 6069.
Memory consumption went from 226.5 MB to 225.7 MB.
Total: 162.062200 ms (FindLiveObjects: 3.756200 ms CreateObjectMapping: 14.383100 ms MarkObjects: 137.049500 ms  DeleteObjects: 6.865200 ms)

AssetImportParameters requested are different than current active one (requested -> active):
  custom:video-decoder-ogg-theora: a1e56fd34408186e4bbccfd4996cb3dc -> 
  custom:container-muxer-webm: aa71ff27fc2769a1b78a27578f13a17b -> 
  custom:container-demuxer-webm: 4f35f7cbe854078d1ac9338744f61a02 -> 
  custom:video-encoder-webm-vp8: eb34c28f22e8b96e1ab97ce403110664 -> 
  custom:audio-encoder-webm-vorbis: bf7c407c2cedff20999df2af8eb42d56 -> 
  custom:framework-win-MediaFoundation: 216162199b28c13a410421893ffa2e32 -> 
  custom:container-demuxer-ogg: 62fdf1f143b41e24485cea50d1cbac27 -> 
  custom:video-decoder-webm-vp8: 9c59270c3fd7afecdb556c50c9e8de78 -> 
  custom:audio-decoder-ogg-vorbis: bf7c407c2cedff20999df2af8eb42d56 -> 
========================================================================
Received Prepare
Registering precompiled user dll's ...
Registered in 0.085843 seconds.
Begin MonoManager ReloadAssembly
Symbol file LoadedFromMemory doesn't match image C:\Users\liopo\OneDrive\桌面\Unity Projects\Monster Evolution\Library\PackageCache\com.unity.visualscripting@1.7.8\Editor\VisualScripting.Core\Dependencies\YamlDotNet\Unity.VisualScripting.YamlDotNet.dll
Symbol file LoadedFromMemory doesn't match image C:\Users\liopo\OneDrive\桌面\Unity Projects\Monster Evolution\Library\PackageCache\com.unity.visualscripting@1.7.8\Editor\VisualScripting.Core\Dependencies\DotNetZip\Unity.VisualScripting.IonicZip.dll
Native extension for WindowsStandalone target not found
Native extension for iOS target not found
Native extension for WebGL target not found
Refreshing native plugins compatible for Editor in 6.84 ms, found 4 plugins.
Preloading 0 native plugins for Editor in 0.00 ms.
Mono: successfully reloaded assembly
- Completed reload, in 12.743 seconds
Domain Reload Profiling:
	ReloadAssembly (12748ms)
		BeginReloadAssembly (1871ms)
			ExecutionOrderSort (0ms)
			DisableScriptedObjects (92ms)
			BackupInstance (0ms)
			ReleaseScriptingObjects (1ms)
			CreateAndSetChildDomain (716ms)
		EndReloadAssembly (9840ms)
			LoadAssemblies (1238ms)
			RebuildTransferFunctionScriptingTraits (1ms)
			SetupTypeCache (3771ms)
			ReleaseScriptCaches (12ms)
			RebuildScriptCaches (402ms)
			SetupLoadedEditorAssemblies (4477ms)
				LogAssemblyErrors (0ms)
				InitializePlatformSupportModulesInManaged (206ms)
				SetLoadedEditorAssemblies (5ms)
				RefreshPlugins (7ms)
				BeforeProcessingInitializeOnLoad (523ms)
				ProcessInitializeOnLoadAttributes (2756ms)
				ProcessInitializeOnLoadMethodAttributes (933ms)
				AfterProcessingInitializeOnLoad (46ms)
				EditorAssembliesLoaded (1ms)
			ExecutionOrderSort2 (0ms)
			AwakeInstancesAfterBackupRestoration (68ms)
Platform modules already initialized, skipping
Refreshing native plugins compatible for Editor in 55.15 ms, found 4 plugins.
Preloading 0 native plugins for Editor in 0.00 ms.
Unloading 5449 Unused Serialized files (Serialized files now loaded: 0)
Unloading 35 unused Assets / (0.8 MB). Loaded Objects now: 6073.
Memory consumption went from 226.5 MB to 225.7 MB.
Total: 103.861500 ms (FindLiveObjects: 4.749900 ms CreateObjectMapping: 3.302700 ms MarkObjects: 90.128700 ms  DeleteObjects: 5.672000 ms)

AssetImportParameters requested are different than current active one (requested -> active):
  custom:video-decoder-ogg-theora: a1e56fd34408186e4bbccfd4996cb3dc -> 
  custom:container-muxer-webm: aa71ff27fc2769a1b78a27578f13a17b -> 
  custom:container-demuxer-webm: 4f35f7cbe854078d1ac9338744f61a02 -> 
  custom:video-encoder-webm-vp8: eb34c28f22e8b96e1ab97ce403110664 -> 
  custom:audio-encoder-webm-vorbis: bf7c407c2cedff20999df2af8eb42d56 -> 
  custom:framework-win-MediaFoundation: 216162199b28c13a410421893ffa2e32 -> 
  custom:container-demuxer-ogg: 62fdf1f143b41e24485cea50d1cbac27 -> 
  custom:video-decoder-webm-vp8: 9c59270c3fd7afecdb556c50c9e8de78 -> 
  custom:audio-decoder-ogg-vorbis: bf7c407c2cedff20999df2af8eb42d56 -> 
========================================================================
Received Import Request.
  Time since last request: 1199.893205 seconds.
  path: Assets/Prefabs/WeaponBase/wpn_ThrowingDagger.prefab
  artifactKey: Guid(c20339a59f3e2c641a9559cd8761c812) Importer(815301076,1909f56bfc062723c751e8b465ee728b)
Start importing Assets/Prefabs/WeaponBase/wpn_ThrowingDagger.prefab using Guid(c20339a59f3e2c641a9559cd8761c812) Importer(815301076,1909f56bfc062723c751e8b465ee728b)  -> (artifact id: '6af757ec1c979603ff9e8a898d59887e') in 1.038231 seconds 
========================================================================
Received Prepare
Registering precompiled user dll's ...
Registered in 0.045211 seconds.
Begin MonoManager ReloadAssembly
Symbol file LoadedFromMemory doesn't match image C:\Users\liopo\OneDrive\桌面\Unity Projects\Monster Evolution\Library\PackageCache\com.unity.visualscripting@1.7.8\Editor\VisualScripting.Core\Dependencies\YamlDotNet\Unity.VisualScripting.YamlDotNet.dll
Symbol file LoadedFromMemory doesn't match image C:\Users\liopo\OneDrive\桌面\Unity Projects\Monster Evolution\Library\PackageCache\com.unity.visualscripting@1.7.8\Editor\VisualScripting.Core\Dependencies\DotNetZip\Unity.VisualScripting.IonicZip.dll
Native extension for WindowsStandalone target not found
Native extension for iOS target not found
Native extension for WebGL target not found
Refreshing native plugins compatible for Editor in 12.54 ms, found 4 plugins.
Preloading 0 native plugins for Editor in 0.00 ms.
Mono: successfully reloaded assembly
- Completed reload, in 14.439 seconds
Domain Reload Profiling:
	ReloadAssembly (14450ms)
		BeginReloadAssembly (2516ms)
			ExecutionOrderSort (1ms)
			DisableScriptedObjects (215ms)
			BackupInstance (0ms)
			ReleaseScriptingObjects (1ms)
			CreateAndSetChildDomain (936ms)
		EndReloadAssembly (10935ms)
			LoadAssemblies (1881ms)
			RebuildTransferFunctionScriptingTraits (2ms)
			SetupTypeCache (3070ms)
			ReleaseScriptCaches (19ms)
			RebuildScriptCaches (829ms)
			SetupLoadedEditorAssemblies (4889ms)
				LogAssemblyErrors (0ms)
				InitializePlatformSupportModulesInManaged (538ms)
				SetLoadedEditorAssemblies (9ms)
				RefreshPlugins (13ms)
				BeforeProcessingInitializeOnLoad (955ms)
				ProcessInitializeOnLoadAttributes (2453ms)
				ProcessInitializeOnLoadMethodAttributes (798ms)
				AfterProcessingInitializeOnLoad (121ms)
				EditorAssembliesLoaded (2ms)
			ExecutionOrderSort2 (0ms)
			AwakeInstancesAfterBackupRestoration (130ms)
Platform modules already initialized, skipping
Refreshing native plugins compatible for Editor in 37.66 ms, found 4 plugins.
Preloading 0 native plugins for Editor in 0.00 ms.
Unloading 5449 Unused Serialized files (Serialized files now loaded: 0)
Unloading 35 unused Assets / (0.8 MB). Loaded Objects now: 6076.
Memory consumption went from 226.5 MB to 225.7 MB.
Total: 191.618200 ms (FindLiveObjects: 4.366000 ms CreateObjectMapping: 6.424500 ms MarkObjects: 171.808700 ms  DeleteObjects: 9.012000 ms)

AssetImportParameters requested are different than current active one (requested -> active):
  custom:video-decoder-ogg-theora: a1e56fd34408186e4bbccfd4996cb3dc -> 
  custom:container-muxer-webm: aa71ff27fc2769a1b78a27578f13a17b -> 
  custom:container-demuxer-webm: 4f35f7cbe854078d1ac9338744f61a02 -> 
  custom:video-encoder-webm-vp8: eb34c28f22e8b96e1ab97ce403110664 -> 
  custom:audio-encoder-webm-vorbis: bf7c407c2cedff20999df2af8eb42d56 -> 
  custom:framework-win-MediaFoundation: 216162199b28c13a410421893ffa2e32 -> 
  custom:container-demuxer-ogg: 62fdf1f143b41e24485cea50d1cbac27 -> 
  custom:video-decoder-webm-vp8: 9c59270c3fd7afecdb556c50c9e8de78 -> 
  custom:audio-decoder-ogg-vorbis: bf7c407c2cedff20999df2af8eb42d56 -> 
========================================================================
Received Prepare
Registering precompiled user dll's ...
Registered in 0.084609 seconds.
Begin MonoManager ReloadAssembly
Symbol file LoadedFromMemory doesn't match image C:\Users\liopo\OneDrive\桌面\Unity Projects\Monster Evolution\Library\PackageCache\com.unity.visualscripting@1.7.8\Editor\VisualScripting.Core\Dependencies\YamlDotNet\Unity.VisualScripting.YamlDotNet.dll
Symbol file LoadedFromMemory doesn't match image C:\Users\liopo\OneDrive\桌面\Unity Projects\Monster Evolution\Library\PackageCache\com.unity.visualscripting@1.7.8\Editor\VisualScripting.Core\Dependencies\DotNetZip\Unity.VisualScripting.IonicZip.dll
Native extension for WindowsStandalone target not found
Native extension for iOS target not found
Native extension for WebGL target not found
Refreshing native plugins compatible for Editor in 5.87 ms, found 4 plugins.
Preloading 0 native plugins for Editor in 0.00 ms.
Mono: successfully reloaded assembly
- Completed reload, in 15.605 seconds
Domain Reload Profiling:
	ReloadAssembly (15613ms)
		BeginReloadAssembly (5289ms)
			ExecutionOrderSort (0ms)
			DisableScriptedObjects (244ms)
			BackupInstance (0ms)
			ReleaseScriptingObjects (6ms)
			CreateAndSetChildDomain (3480ms)
		EndReloadAssembly (8464ms)
			LoadAssemblies (1689ms)
			RebuildTransferFunctionScriptingTraits (1ms)
			SetupTypeCache (3011ms)
			ReleaseScriptCaches (11ms)
			RebuildScriptCaches (649ms)
			SetupLoadedEditorAssemblies (3231ms)
				LogAssemblyErrors (0ms)
				InitializePlatformSupportModulesInManaged (198ms)
				SetLoadedEditorAssemblies (3ms)
				RefreshPlugins (6ms)
				BeforeProcessingInitializeOnLoad (550ms)
				ProcessInitializeOnLoadAttributes (1749ms)
				ProcessInitializeOnLoadMethodAttributes (663ms)
				AfterProcessingInitializeOnLoad (60ms)
				EditorAssembliesLoaded (1ms)
			ExecutionOrderSort2 (0ms)
			AwakeInstancesAfterBackupRestoration (90ms)
Platform modules already initialized, skipping
Refreshing native plugins compatible for Editor in 75.15 ms, found 4 plugins.
Preloading 0 native plugins for Editor in 0.00 ms.
Unloading 5449 Unused Serialized files (Serialized files now loaded: 0)
Unloading 35 unused Assets / (0.8 MB). Loaded Objects now: 6079.
Memory consumption went from 226.5 MB to 225.7 MB.
Total: 408.113900 ms (FindLiveObjects: 102.965800 ms CreateObjectMapping: 14.337600 ms MarkObjects: 288.172700 ms  DeleteObjects: 2.628200 ms)

AssetImportParameters requested are different than current active one (requested -> active):
  custom:video-decoder-ogg-theora: a1e56fd34408186e4bbccfd4996cb3dc -> 
  custom:container-muxer-webm: aa71ff27fc2769a1b78a27578f13a17b -> 
  custom:container-demuxer-webm: 4f35f7cbe854078d1ac9338744f61a02 -> 
  custom:video-encoder-webm-vp8: eb34c28f22e8b96e1ab97ce403110664 -> 
  custom:audio-encoder-webm-vorbis: bf7c407c2cedff20999df2af8eb42d56 -> 
  custom:framework-win-MediaFoundation: 216162199b28c13a410421893ffa2e32 -> 
  custom:container-demuxer-ogg: 62fdf1f143b41e24485cea50d1cbac27 -> 
  custom:video-decoder-webm-vp8: 9c59270c3fd7afecdb556c50c9e8de78 -> 
  custom:audio-decoder-ogg-vorbis: bf7c407c2cedff20999df2af8eb42d56 -> 
========================================================================
Received Import Request.
  Time since last request: 277.806202 seconds.
  path: Assets/Prefabs/Enemy1.prefab
  artifactKey: Guid(ba0fe44ccedd95343baf57d210dcae17) Importer(815301076,1909f56bfc062723c751e8b465ee728b)
Start importing Assets/Prefabs/Enemy1.prefab using Guid(ba0fe44ccedd95343baf57d210dcae17) Importer(815301076,1909f56bfc062723c751e8b465ee728b)  -> (artifact id: '1a1f699c1de7608c554d7762c5f4bc5d') in 6.961225 seconds 
========================================================================
Received Prepare
Registering precompiled user dll's ...
Registered in 0.087281 seconds.
Begin MonoManager ReloadAssembly
Symbol file LoadedFromMemory doesn't match image C:\Users\liopo\OneDrive\桌面\Unity Projects\Monster Evolution\Library\PackageCache\com.unity.visualscripting@1.7.8\Editor\VisualScripting.Core\Dependencies\YamlDotNet\Unity.VisualScripting.YamlDotNet.dll
Symbol file LoadedFromMemory doesn't match image C:\Users\liopo\OneDrive\桌面\Unity Projects\Monster Evolution\Library\PackageCache\com.unity.visualscripting@1.7.8\Editor\VisualScripting.Core\Dependencies\DotNetZip\Unity.VisualScripting.IonicZip.dll
Native extension for WindowsStandalone target not found
Native extension for iOS target not found
Native extension for WebGL target not found
Refreshing native plugins compatible for Editor in 11.94 ms, found 4 plugins.
Preloading 0 native plugins for Editor in 0.00 ms.
Mono: successfully reloaded assembly
- Completed reload, in 40.684 seconds
Domain Reload Profiling:
	ReloadAssembly (40694ms)
		BeginReloadAssembly (17012ms)
			ExecutionOrderSort (0ms)
			DisableScriptedObjects (151ms)
			BackupInstance (0ms)
			ReleaseScriptingObjects (1ms)
			CreateAndSetChildDomain (14439ms)
		EndReloadAssembly (18877ms)
			LoadAssemblies (2486ms)
			RebuildTransferFunctionScriptingTraits (0ms)
			SetupTypeCache (3541ms)
			ReleaseScriptCaches (31ms)
			RebuildScriptCaches (662ms)
			SetupLoadedEditorAssemblies (11511ms)
				LogAssemblyErrors (0ms)
				InitializePlatformSupportModulesInManaged (405ms)
				SetLoadedEditorAssemblies (8ms)
				RefreshPlugins (12ms)
				BeforeProcessingInitializeOnLoad (1532ms)
				ProcessInitializeOnLoadAttributes (7247ms)
				ProcessInitializeOnLoadMethodAttributes (2212ms)
				AfterProcessingInitializeOnLoad (93ms)
				EditorAssembliesLoaded (2ms)
			ExecutionOrderSort2 (0ms)
			AwakeInstancesAfterBackupRestoration (240ms)
Platform modules already initialized, skipping
Refreshing native plugins compatible for Editor in 46.75 ms, found 4 plugins.
Preloading 0 native plugins for Editor in 0.00 ms.
Unloading 5457 Unused Serialized files (Serialized files now loaded: 0)
Unloading 35 unused Assets / (0.8 MB). Loaded Objects now: 6132.
Memory consumption went from 233.2 MB to 232.5 MB.
Total: 971.314500 ms (FindLiveObjects: 29.783700 ms CreateObjectMapping: 4.120600 ms MarkObjects: 909.950700 ms  DeleteObjects: 27.452100 ms)

AssetImportParameters requested are different than current active one (requested -> active):
  custom:video-decoder-ogg-theora: a1e56fd34408186e4bbccfd4996cb3dc -> 
  custom:container-muxer-webm: aa71ff27fc2769a1b78a27578f13a17b -> 
  custom:container-demuxer-webm: 4f35f7cbe854078d1ac9338744f61a02 -> 
  custom:video-encoder-webm-vp8: eb34c28f22e8b96e1ab97ce403110664 -> 
  custom:audio-encoder-webm-vorbis: bf7c407c2cedff20999df2af8eb42d56 -> 
  custom:framework-win-MediaFoundation: 216162199b28c13a410421893ffa2e32 -> 
  custom:container-demuxer-ogg: 62fdf1f143b41e24485cea50d1cbac27 -> 
  custom:video-decoder-webm-vp8: 9c59270c3fd7afecdb556c50c9e8de78 -> 
  custom:audio-decoder-ogg-vorbis: bf7c407c2cedff20999df2af8eb42d56 -> 
========================================================================
Received Prepare
Registering precompiled user dll's ...
Registered in 0.161659 seconds.
Begin MonoManager ReloadAssembly
Symbol file LoadedFromMemory doesn't match image C:\Users\liopo\OneDrive\桌面\Unity Projects\Monster Evolution\Library\PackageCache\com.unity.visualscripting@1.7.8\Editor\VisualScripting.Core\Dependencies\YamlDotNet\Unity.VisualScripting.YamlDotNet.dll
Symbol file LoadedFromMemory doesn't match image C:\Users\liopo\OneDrive\桌面\Unity Projects\Monster Evolution\Library\PackageCache\com.unity.visualscripting@1.7.8\Editor\VisualScripting.Core\Dependencies\DotNetZip\Unity.VisualScripting.IonicZip.dll
Native extension for WindowsStandalone target not found
Native extension for iOS target not found
Native extension for WebGL target not found
Refreshing native plugins compatible for Editor in 8.05 ms, found 4 plugins.
Preloading 0 native plugins for Editor in 0.00 ms.
Mono: successfully reloaded assembly
- Completed reload, in 29.313 seconds
Domain Reload Profiling:
	ReloadAssembly (29342ms)
		BeginReloadAssembly (8140ms)
			ExecutionOrderSort (0ms)
			DisableScriptedObjects (489ms)
			BackupInstance (0ms)
			ReleaseScriptingObjects (2ms)
			CreateAndSetChildDomain (6529ms)
		EndReloadAssembly (19059ms)
			LoadAssemblies (2620ms)
			RebuildTransferFunctionScriptingTraits (1ms)
			SetupTypeCache (10929ms)
			ReleaseScriptCaches (108ms)
			RebuildScriptCaches (812ms)
			SetupLoadedEditorAssemblies (3650ms)
				LogAssemblyErrors (0ms)
				InitializePlatformSupportModulesInManaged (209ms)
				SetLoadedEditorAssemblies (5ms)
				RefreshPlugins (8ms)
				BeforeProcessingInitializeOnLoad (726ms)
				ProcessInitializeOnLoadAttributes (1863ms)
				ProcessInitializeOnLoadMethodAttributes (775ms)
				AfterProcessingInitializeOnLoad (62ms)
				EditorAssembliesLoaded (2ms)
			ExecutionOrderSort2 (0ms)
			AwakeInstancesAfterBackupRestoration (125ms)
Platform modules already initialized, skipping
Refreshing native plugins compatible for Editor in 605.70 ms, found 4 plugins.
Preloading 0 native plugins for Editor in 0.00 ms.
Unloading 5457 Unused Serialized files (Serialized files now loaded: 0)
Unloading 35 unused Assets / (0.8 MB). Loaded Objects now: 6135.
Memory consumption went from 233.6 MB to 232.8 MB.
Total: 1902.634700 ms (FindLiveObjects: 113.608600 ms CreateObjectMapping: 24.146300 ms MarkObjects: 1748.538000 ms  DeleteObjects: 16.330800 ms)

AssetImportParameters requested are different than current active one (requested -> active):
  custom:video-decoder-ogg-theora: a1e56fd34408186e4bbccfd4996cb3dc -> 
  custom:container-muxer-webm: aa71ff27fc2769a1b78a27578f13a17b -> 
  custom:container-demuxer-webm: 4f35f7cbe854078d1ac9338744f61a02 -> 
  custom:video-encoder-webm-vp8: eb34c28f22e8b96e1ab97ce403110664 -> 
  custom:audio-encoder-webm-vorbis: bf7c407c2cedff20999df2af8eb42d56 -> 
  custom:framework-win-MediaFoundation: 216162199b28c13a410421893ffa2e32 -> 
  custom:container-demuxer-ogg: 62fdf1f143b41e24485cea50d1cbac27 -> 
  custom:video-decoder-webm-vp8: 9c59270c3fd7afecdb556c50c9e8de78 -> 
  custom:audio-decoder-ogg-vorbis: bf7c407c2cedff20999df2af8eb42d56 -> 
========================================================================
Received Prepare
Registering precompiled user dll's ...
Registered in 0.539559 seconds.
Begin MonoManager ReloadAssembly
Symbol file LoadedFromMemory doesn't match image C:\Users\liopo\OneDrive\桌面\Unity Projects\Monster Evolution\Library\PackageCache\com.unity.visualscripting@1.7.8\Editor\VisualScripting.Core\Dependencies\YamlDotNet\Unity.VisualScripting.YamlDotNet.dll
Symbol file LoadedFromMemory doesn't match image C:\Users\liopo\OneDrive\桌面\Unity Projects\Monster Evolution\Library\PackageCache\com.unity.visualscripting@1.7.8\Editor\VisualScripting.Core\Dependencies\DotNetZip\Unity.VisualScripting.IonicZip.dll
Native extension for WindowsStandalone target not found
Native extension for iOS target not found
Native extension for WebGL target not found
Refreshing native plugins compatible for Editor in 16.54 ms, found 4 plugins.
Preloading 0 native plugins for Editor in 0.00 ms.
Mono: successfully reloaded assembly
- Completed reload, in 33.876 seconds
Domain Reload Profiling:
	ReloadAssembly (33973ms)
		BeginReloadAssembly (10376ms)
			ExecutionOrderSort (0ms)
			DisableScriptedObjects (1226ms)
			BackupInstance (0ms)
			ReleaseScriptingObjects (2ms)
			CreateAndSetChildDomain (7304ms)
		EndReloadAssembly (22622ms)
			LoadAssemblies (1514ms)
			RebuildTransferFunctionScriptingTraits (2ms)
			SetupTypeCache (8782ms)
			ReleaseScriptCaches (76ms)
			RebuildScriptCaches (1115ms)
			SetupLoadedEditorAssemblies (10085ms)
				LogAssemblyErrors (0ms)
				InitializePlatformSupportModulesInManaged (400ms)
				SetLoadedEditorAssemblies (31ms)
				RefreshPlugins (17ms)
				BeforeProcessingInitializeOnLoad (2498ms)
				ProcessInitializeOnLoadAttributes (4996ms)
				ProcessInitializeOnLoadMethodAttributes (2058ms)
				AfterProcessingInitializeOnLoad (83ms)
				EditorAssembliesLoaded (2ms)
			ExecutionOrderSort2 (0ms)
			AwakeInstancesAfterBackupRestoration (182ms)
Platform modules already initialized, skipping
Refreshing native plugins compatible for Editor in 182.38 ms, found 4 plugins.
Preloading 0 native plugins for Editor in 0.00 ms.
Unloading 5457 Unused Serialized files (Serialized files now loaded: 0)
Unloading 35 unused Assets / (0.8 MB). Loaded Objects now: 6138.
Memory consumption went from 233.6 MB to 232.8 MB.
Total: 82.887100 ms (FindLiveObjects: 3.295200 ms CreateObjectMapping: 3.986000 ms MarkObjects: 65.768400 ms  DeleteObjects: 9.828200 ms)

AssetImportParameters requested are different than current active one (requested -> active):
  custom:video-decoder-ogg-theora: a1e56fd34408186e4bbccfd4996cb3dc -> 
  custom:container-muxer-webm: aa71ff27fc2769a1b78a27578f13a17b -> 
  custom:container-demuxer-webm: 4f35f7cbe854078d1ac9338744f61a02 -> 
  custom:video-encoder-webm-vp8: eb34c28f22e8b96e1ab97ce403110664 -> 
  custom:audio-encoder-webm-vorbis: bf7c407c2cedff20999df2af8eb42d56 -> 
  custom:framework-win-MediaFoundation: 216162199b28c13a410421893ffa2e32 -> 
  custom:container-demuxer-ogg: 62fdf1f143b41e24485cea50d1cbac27 -> 
  custom:video-decoder-webm-vp8: 9c59270c3fd7afecdb556c50c9e8de78 -> 
  custom:audio-decoder-ogg-vorbis: bf7c407c2cedff20999df2af8eb42d56 -> 
========================================================================
Received Prepare
Registering precompiled user dll's ...
Registered in 0.173494 seconds.
Begin MonoManager ReloadAssembly
Symbol file LoadedFromMemory doesn't match image C:\Users\liopo\OneDrive\桌面\Unity Projects\Monster Evolution\Library\PackageCache\com.unity.visualscripting@1.7.8\Editor\VisualScripting.Core\Dependencies\YamlDotNet\Unity.VisualScripting.YamlDotNet.dll
Symbol file LoadedFromMemory doesn't match image C:\Users\liopo\OneDrive\桌面\Unity Projects\Monster Evolution\Library\PackageCache\com.unity.visualscripting@1.7.8\Editor\VisualScripting.Core\Dependencies\DotNetZip\Unity.VisualScripting.IonicZip.dll
Native extension for WindowsStandalone target not found
Native extension for iOS target not found
Native extension for WebGL target not found
Refreshing native plugins compatible for Editor in 8.02 ms, found 4 plugins.
Preloading 0 native plugins for Editor in 0.00 ms.
Mono: successfully reloaded assembly
- Completed reload, in 15.998 seconds
Domain Reload Profiling:
	ReloadAssembly (16002ms)
		BeginReloadAssembly (2169ms)
			ExecutionOrderSort (0ms)
			DisableScriptedObjects (77ms)
			BackupInstance (0ms)
			ReleaseScriptingObjects (1ms)
			CreateAndSetChildDomain (772ms)
		EndReloadAssembly (12246ms)
			LoadAssemblies (1990ms)
			RebuildTransferFunctionScriptingTraits (1ms)
			SetupTypeCache (3534ms)
			ReleaseScriptCaches (29ms)
			RebuildScriptCaches (944ms)
			SetupLoadedEditorAssemblies (5381ms)
				LogAssemblyErrors (0ms)
				InitializePlatformSupportModulesInManaged (206ms)
				SetLoadedEditorAssemblies (3ms)
				RefreshPlugins (8ms)
				BeforeProcessingInitializeOnLoad (740ms)
				ProcessInitializeOnLoadAttributes (3361ms)
				ProcessInitializeOnLoadMethodAttributes (988ms)
				AfterProcessingInitializeOnLoad (71ms)
				EditorAssembliesLoaded (2ms)
			ExecutionOrderSort2 (0ms)
			AwakeInstancesAfterBackupRestoration (109ms)
Platform modules already initialized, skipping
Refreshing native plugins compatible for Editor in 1146.68 ms, found 4 plugins.
Preloading 0 native plugins for Editor in 0.00 ms.
Unloading 5457 Unused Serialized files (Serialized files now loaded: 0)
Unloading 35 unused Assets / (0.8 MB). Loaded Objects now: 6141.
Memory consumption went from 233.6 MB to 232.8 MB.
Total: 248.301500 ms (FindLiveObjects: 13.530500 ms CreateObjectMapping: 4.199500 ms MarkObjects: 226.119400 ms  DeleteObjects: 4.397100 ms)

AssetImportParameters requested are different than current active one (requested -> active):
  custom:video-decoder-ogg-theora: a1e56fd34408186e4bbccfd4996cb3dc -> 
  custom:container-muxer-webm: aa71ff27fc2769a1b78a27578f13a17b -> 
  custom:container-demuxer-webm: 4f35f7cbe854078d1ac9338744f61a02 -> 
  custom:video-encoder-webm-vp8: eb34c28f22e8b96e1ab97ce403110664 -> 
  custom:audio-encoder-webm-vorbis: bf7c407c2cedff20999df2af8eb42d56 -> 
  custom:framework-win-MediaFoundation: 216162199b28c13a410421893ffa2e32 -> 
  custom:container-demuxer-ogg: 62fdf1f143b41e24485cea50d1cbac27 -> 
  custom:video-decoder-webm-vp8: 9c59270c3fd7afecdb556c50c9e8de78 -> 
  custom:audio-decoder-ogg-vorbis: bf7c407c2cedff20999df2af8eb42d56 -> 
========================================================================
Received Prepare
Registering precompiled user dll's ...
Registered in 0.111196 seconds.
Begin MonoManager ReloadAssembly
Symbol file LoadedFromMemory doesn't match image C:\Users\liopo\OneDrive\桌面\Unity Projects\Monster Evolution\Library\PackageCache\com.unity.visualscripting@1.7.8\Editor\VisualScripting.Core\Dependencies\YamlDotNet\Unity.VisualScripting.YamlDotNet.dll
Symbol file LoadedFromMemory doesn't match image C:\Users\liopo\OneDrive\桌面\Unity Projects\Monster Evolution\Library\PackageCache\com.unity.visualscripting@1.7.8\Editor\VisualScripting.Core\Dependencies\DotNetZip\Unity.VisualScripting.IonicZip.dll
Native extension for WindowsStandalone target not found
Native extension for iOS target not found
Native extension for WebGL target not found
Refreshing native plugins compatible for Editor in 19.94 ms, found 4 plugins.
Preloading 0 native plugins for Editor in 0.00 ms.
Mono: successfully reloaded assembly
- Completed reload, in 31.192 seconds
Domain Reload Profiling:
	ReloadAssembly (31200ms)
		BeginReloadAssembly (2735ms)
			ExecutionOrderSort (0ms)
			DisableScriptedObjects (225ms)
			BackupInstance (0ms)
			ReleaseScriptingObjects (2ms)
			CreateAndSetChildDomain (1007ms)
		EndReloadAssembly (26405ms)
			LoadAssemblies (2215ms)
			RebuildTransferFunctionScriptingTraits (1ms)
			SetupTypeCache (7424ms)
			ReleaseScriptCaches (33ms)
			RebuildScriptCaches (897ms)
			SetupLoadedEditorAssemblies (13214ms)
				LogAssemblyErrors (0ms)
				InitializePlatformSupportModulesInManaged (574ms)
				SetLoadedEditorAssemblies (11ms)
				RefreshPlugins (21ms)
				BeforeProcessingInitializeOnLoad (2532ms)
				ProcessInitializeOnLoadAttributes (6935ms)
				ProcessInitializeOnLoadMethodAttributes (3032ms)
				AfterProcessingInitializeOnLoad (108ms)
				EditorAssembliesLoaded (2ms)
			ExecutionOrderSort2 (0ms)
			AwakeInstancesAfterBackupRestoration (535ms)
Platform modules already initialized, skipping
Refreshing native plugins compatible for Editor in 719.92 ms, found 4 plugins.
Preloading 0 native plugins for Editor in 0.00 ms.
Unloading 5457 Unused Serialized files (Serialized files now loaded: 0)
Unloading 35 unused Assets / (0.8 MB). Loaded Objects now: 6144.
Memory consumption went from 233.6 MB to 232.8 MB.
Total: 489.997700 ms (FindLiveObjects: 6.693400 ms CreateObjectMapping: 5.169600 ms MarkObjects: 463.581600 ms  DeleteObjects: 14.543800 ms)

AssetImportParameters requested are different than current active one (requested -> active):
  custom:video-decoder-ogg-theora: a1e56fd34408186e4bbccfd4996cb3dc -> 
  custom:container-muxer-webm: aa71ff27fc2769a1b78a27578f13a17b -> 
  custom:container-demuxer-webm: 4f35f7cbe854078d1ac9338744f61a02 -> 
  custom:video-encoder-webm-vp8: eb34c28f22e8b96e1ab97ce403110664 -> 
  custom:audio-encoder-webm-vorbis: bf7c407c2cedff20999df2af8eb42d56 -> 
  custom:framework-win-MediaFoundation: 216162199b28c13a410421893ffa2e32 -> 
  custom:container-demuxer-ogg: 62fdf1f143b41e24485cea50d1cbac27 -> 
  custom:video-decoder-webm-vp8: 9c59270c3fd7afecdb556c50c9e8de78 -> 
  custom:audio-decoder-ogg-vorbis: bf7c407c2cedff20999df2af8eb42d56 -> 
========================================================================
Received Prepare
Registering precompiled user dll's ...
Registered in 0.024776 seconds.
Begin MonoManager ReloadAssembly
Symbol file LoadedFromMemory doesn't match image C:\Users\liopo\OneDrive\桌面\Unity Projects\Monster Evolution\Library\PackageCache\com.unity.visualscripting@1.7.8\Editor\VisualScripting.Core\Dependencies\YamlDotNet\Unity.VisualScripting.YamlDotNet.dll
Symbol file LoadedFromMemory doesn't match image C:\Users\liopo\OneDrive\桌面\Unity Projects\Monster Evolution\Library\PackageCache\com.unity.visualscripting@1.7.8\Editor\VisualScripting.Core\Dependencies\DotNetZip\Unity.VisualScripting.IonicZip.dll
Native extension for WindowsStandalone target not found
Native extension for iOS target not found
Native extension for WebGL target not found
Refreshing native plugins compatible for Editor in 4.12 ms, found 4 plugins.
Preloading 0 native plugins for Editor in 0.00 ms.
Mono: successfully reloaded assembly
- Completed reload, in  9.934 seconds
Domain Reload Profiling:
	ReloadAssembly (9953ms)
		BeginReloadAssembly (4068ms)
			ExecutionOrderSort (1ms)
			DisableScriptedObjects (391ms)
			BackupInstance (0ms)
			ReleaseScriptingObjects (1ms)
			CreateAndSetChildDomain (2928ms)
		EndReloadAssembly (5115ms)
			LoadAssemblies (613ms)
			RebuildTransferFunctionScriptingTraits (0ms)
			SetupTypeCache (1767ms)
			ReleaseScriptCaches (16ms)
			RebuildScriptCaches (227ms)
			SetupLoadedEditorAssemblies (2167ms)
				LogAssemblyErrors (0ms)
				InitializePlatformSupportModulesInManaged (122ms)
				SetLoadedEditorAssemblies (4ms)
				RefreshPlugins (4ms)
				BeforeProcessingInitializeOnLoad (387ms)
				ProcessInitializeOnLoadAttributes (1153ms)
				ProcessInitializeOnLoadMethodAttributes (462ms)
				AfterProcessingInitializeOnLoad (34ms)
				EditorAssembliesLoaded (1ms)
			ExecutionOrderSort2 (0ms)
			AwakeInstancesAfterBackupRestoration (70ms)
Platform modules already initialized, skipping
Refreshing native plugins compatible for Editor in 24.46 ms, found 4 plugins.
Preloading 0 native plugins for Editor in 0.00 ms.
Unloading 5457 Unused Serialized files (Serialized files now loaded: 0)
Unloading 35 unused Assets / (0.8 MB). Loaded Objects now: 6147.
Memory consumption went from 233.6 MB to 232.9 MB.
Total: 57.744000 ms (FindLiveObjects: 9.330100 ms CreateObjectMapping: 6.452900 ms MarkObjects: 39.958600 ms  DeleteObjects: 1.997800 ms)

AssetImportParameters requested are different than current active one (requested -> active):
  custom:video-decoder-ogg-theora: a1e56fd34408186e4bbccfd4996cb3dc -> 
  custom:container-muxer-webm: aa71ff27fc2769a1b78a27578f13a17b -> 
  custom:container-demuxer-webm: 4f35f7cbe854078d1ac9338744f61a02 -> 
  custom:video-encoder-webm-vp8: eb34c28f22e8b96e1ab97ce403110664 -> 
  custom:audio-encoder-webm-vorbis: bf7c407c2cedff20999df2af8eb42d56 -> 
  custom:framework-win-MediaFoundation: 216162199b28c13a410421893ffa2e32 -> 
  custom:container-demuxer-ogg: 62fdf1f143b41e24485cea50d1cbac27 -> 
  custom:video-decoder-webm-vp8: 9c59270c3fd7afecdb556c50c9e8de78 -> 
  custom:audio-decoder-ogg-vorbis: bf7c407c2cedff20999df2af8eb42d56 -> 
========================================================================
Received Prepare
Registering precompiled user dll's ...
Registered in 0.078516 seconds.
Begin MonoManager ReloadAssembly
Symbol file LoadedFromMemory doesn't match image C:\Users\liopo\OneDrive\桌面\Unity Projects\Monster Evolution\Library\PackageCache\com.unity.visualscripting@1.7.8\Editor\VisualScripting.Core\Dependencies\YamlDotNet\Unity.VisualScripting.YamlDotNet.dll
Symbol file LoadedFromMemory doesn't match image C:\Users\liopo\OneDrive\桌面\Unity Projects\Monster Evolution\Library\PackageCache\com.unity.visualscripting@1.7.8\Editor\VisualScripting.Core\Dependencies\DotNetZip\Unity.VisualScripting.IonicZip.dll
Native extension for WindowsStandalone target not found
Native extension for iOS target not found
Native extension for WebGL target not found
Refreshing native plugins compatible for Editor in 8.19 ms, found 4 plugins.
Preloading 0 native plugins for Editor in 0.00 ms.
Mono: successfully reloaded assembly
- Completed reload, in  9.558 seconds
Domain Reload Profiling:
	ReloadAssembly (9563ms)
		BeginReloadAssembly (1380ms)
			ExecutionOrderSort (0ms)
			DisableScriptedObjects (61ms)
			BackupInstance (0ms)
			ReleaseScriptingObjects (1ms)
			CreateAndSetChildDomain (275ms)
		EndReloadAssembly (7560ms)
			LoadAssemblies (1174ms)
			RebuildTransferFunctionScriptingTraits (0ms)
			SetupTypeCache (2197ms)
			ReleaseScriptCaches (24ms)
			RebuildScriptCaches (491ms)
			SetupLoadedEditorAssemblies (3387ms)
				LogAssemblyErrors (0ms)
				InitializePlatformSupportModulesInManaged (161ms)
				SetLoadedEditorAssemblies (3ms)
				RefreshPlugins (9ms)
				BeforeProcessingInitializeOnLoad (565ms)
				ProcessInitializeOnLoadAttributes (2059ms)
				ProcessInitializeOnLoadMethodAttributes (529ms)
				AfterProcessingInitializeOnLoad (59ms)
				EditorAssembliesLoaded (2ms)
			ExecutionOrderSort2 (0ms)
			AwakeInstancesAfterBackupRestoration (89ms)
Platform modules already initialized, skipping
Refreshing native plugins compatible for Editor in 16.27 ms, found 4 plugins.
Preloading 0 native plugins for Editor in 0.00 ms.
Unloading 5457 Unused Serialized files (Serialized files now loaded: 0)
Unloading 35 unused Assets / (0.8 MB). Loaded Objects now: 6150.
Memory consumption went from 233.6 MB to 232.9 MB.
Total: 22.828800 ms (FindLiveObjects: 1.625200 ms CreateObjectMapping: 1.422500 ms MarkObjects: 17.630700 ms  DeleteObjects: 2.144400 ms)

AssetImportParameters requested are different than current active one (requested -> active):
  custom:video-decoder-ogg-theora: a1e56fd34408186e4bbccfd4996cb3dc -> 
  custom:container-muxer-webm: aa71ff27fc2769a1b78a27578f13a17b -> 
  custom:container-demuxer-webm: 4f35f7cbe854078d1ac9338744f61a02 -> 
  custom:video-encoder-webm-vp8: eb34c28f22e8b96e1ab97ce403110664 -> 
  custom:audio-encoder-webm-vorbis: bf7c407c2cedff20999df2af8eb42d56 -> 
  custom:framework-win-MediaFoundation: 216162199b28c13a410421893ffa2e32 -> 
  custom:container-demuxer-ogg: 62fdf1f143b41e24485cea50d1cbac27 -> 
  custom:video-decoder-webm-vp8: 9c59270c3fd7afecdb556c50c9e8de78 -> 
  custom:audio-decoder-ogg-vorbis: bf7c407c2cedff20999df2af8eb42d56 -> 
