Using pre-set license
Built from '2021.3/staging' branch; Version is '2021.3.8f1 (b30333d56e81) revision 11731763'; Using compiler version '192829333'; Build Type 'Release'
OS: 'Windows 11  (10.0.22631) 64bit Core' Language: 'en' Physical Memory: 8006 MB
BatchMode: 1, IsHumanControllingUs: 0, StartBugReporterOnCrash: 0, Is64bit: 1, IsPro: 1

COMMAND LINE ARGUMENTS:
C:\Program Files\Unity\Hub\Editor\2021.3.8f1\Editor\Unity.exe
-adb2
-batchMode
-noUpm
-name
AssetImportWorker2
-projectPath
C:/Users/liopo/OneDrive/桌面/Unity Projects/Monster Evolution
-logFile
Logs/AssetImportWorker2.log
-srvPort
61079
Successfully changed project path to: C:/Users/liopo/OneDrive/桌面/Unity Projects/Monster Evolution
C:/Users/liopo/OneDrive/桌面/Unity Projects/Monster Evolution
[UnityMemory] Configuration Parameters - Can be set up in boot.config
    "memorysetup-bucket-allocator-granularity=16"
    "memorysetup-bucket-allocator-bucket-count=8"
    "memorysetup-bucket-allocator-block-size=33554432"
    "memorysetup-bucket-allocator-block-count=8"
    "memorysetup-main-allocator-block-size=16777216"
    "memorysetup-thread-allocator-block-size=16777216"
    "memorysetup-gfx-main-allocator-block-size=16777216"
    "memorysetup-gfx-thread-allocator-block-size=16777216"
    "memorysetup-cache-allocator-block-size=4194304"
    "memorysetup-typetree-allocator-block-size=2097152"
    "memorysetup-profiler-bucket-allocator-granularity=16"
    "memorysetup-profiler-bucket-allocator-bucket-count=8"
    "memorysetup-profiler-bucket-allocator-block-size=33554432"
    "memorysetup-profiler-bucket-allocator-block-count=8"
    "memorysetup-profiler-allocator-block-size=16777216"
    "memorysetup-profiler-editor-allocator-block-size=1048576"
    "memorysetup-temp-allocator-size-main=16777216"
    "memorysetup-job-temp-allocator-block-size=2097152"
    "memorysetup-job-temp-allocator-block-size-background=1048576"
    "memorysetup-job-temp-allocator-reduction-small-platforms=262144"
    "memorysetup-temp-allocator-size-background-worker=32768"
    "memorysetup-temp-allocator-size-job-worker=262144"
    "memorysetup-temp-allocator-size-preload-manager=33554432"
    "memorysetup-temp-allocator-size-nav-mesh-worker=65536"
    "memorysetup-temp-allocator-size-audio-worker=65536"
    "memorysetup-temp-allocator-size-cloud-worker=32768"
    "memorysetup-temp-allocator-size-gi-baking-worker=262144"
    "memorysetup-temp-allocator-size-gfx=262144"
Refreshing native plugins compatible for Editor in 496.53 ms, found 4 plugins.
Preloading 0 native plugins for Editor in 0.00 ms.
Initialize engine version: 2021.3.8f1 (b30333d56e81)
[Subsystems] Discovering subsystems at path C:/Program Files/Unity/Hub/Editor/2021.3.8f1/Editor/Data/Resources/UnitySubsystems
[Subsystems] Discovering subsystems at path C:/Users/liopo/OneDrive/桌面/Unity Projects/Monster Evolution/Assets
GfxDevice: creating device client; threaded=0; jobified=0
Direct3D:
    Version:  Direct3D 11.0 [level 11.1]
    Renderer: Intel(R) UHD Graphics 620 (ID=0x3ea0)
    Vendor:   Intel
    VRAM:     4003 MB
    Driver:   27.20.100.8681
Initialize mono
Mono path[0] = 'C:/Program Files/Unity/Hub/Editor/2021.3.8f1/Editor/Data/Managed'
Mono path[1] = 'C:/Program Files/Unity/Hub/Editor/2021.3.8f1/Editor/Data/MonoBleedingEdge/lib/mono/unityjit-win32'
Mono config path = 'C:/Program Files/Unity/Hub/Editor/2021.3.8f1/Editor/Data/MonoBleedingEdge/etc'
Using monoOptions --debugger-agent=transport=dt_socket,embedding=1,server=y,suspend=n,address=127.0.0.1:56232
Begin MonoManager ReloadAssembly
Registering precompiled unity dll's ...
Register platform support module: C:/Program Files/Unity/Hub/Editor/2021.3.8f1/Editor/Data/PlaybackEngines/WebGLSupport/UnityEditor.WebGL.Extensions.dll
Register platform support module: C:/Program Files/Unity/Hub/Editor/2021.3.8f1/Editor/Data/PlaybackEngines/iOSSupport/UnityEditor.iOS.Extensions.dll
Register platform support module: C:/Program Files/Unity/Hub/Editor/2021.3.8f1/Editor/Data/PlaybackEngines/WindowsStandaloneSupport/UnityEditor.WindowsStandalone.Extensions.dll
Registered in 0.015310 seconds.
Native extension for WindowsStandalone target not found
[usbmuxd] Start listen thread
[usbmuxd] Listen thread started
Native extension for iOS target not found
Native extension for WebGL target not found
Refreshing native plugins compatible for Editor in 284.39 ms, found 4 plugins.
Preloading 0 native plugins for Editor in 0.00 ms.
Mono: successfully reloaded assembly
- Completed reload, in  1.725 seconds
Domain Reload Profiling:
	ReloadAssembly (1725ms)
		BeginReloadAssembly (227ms)
			ExecutionOrderSort (0ms)
			DisableScriptedObjects (0ms)
			BackupInstance (0ms)
			ReleaseScriptingObjects (0ms)
			CreateAndSetChildDomain (2ms)
		EndReloadAssembly (1203ms)
			LoadAssemblies (220ms)
			RebuildTransferFunctionScriptingTraits (0ms)
			SetupTypeCache (273ms)
			ReleaseScriptCaches (0ms)
			RebuildScriptCaches (62ms)
			SetupLoadedEditorAssemblies (757ms)
				LogAssemblyErrors (0ms)
				InitializePlatformSupportModulesInManaged (65ms)
				SetLoadedEditorAssemblies (0ms)
				RefreshPlugins (285ms)
				BeforeProcessingInitializeOnLoad (2ms)
				ProcessInitializeOnLoadAttributes (278ms)
				ProcessInitializeOnLoadMethodAttributes (126ms)
				AfterProcessingInitializeOnLoad (0ms)
				EditorAssembliesLoaded (0ms)
			ExecutionOrderSort2 (0ms)
			AwakeInstancesAfterBackupRestoration (0ms)
Platform modules already initialized, skipping
Registering precompiled user dll's ...
Registered in 0.014707 seconds.
Begin MonoManager ReloadAssembly
Symbol file LoadedFromMemory doesn't match image C:\Users\liopo\OneDrive\桌面\Unity Projects\Monster Evolution\Library\PackageCache\com.unity.visualscripting@1.7.8\Editor\VisualScripting.Core\Dependencies\YamlDotNet\Unity.VisualScripting.YamlDotNet.dll
Symbol file LoadedFromMemory doesn't match image C:\Users\liopo\OneDrive\桌面\Unity Projects\Monster Evolution\Library\PackageCache\com.unity.visualscripting@1.7.8\Editor\VisualScripting.Core\Dependencies\DotNetZip\Unity.VisualScripting.IonicZip.dll
Native extension for WindowsStandalone target not found
Native extension for iOS target not found
Native extension for WebGL target not found
Refreshing native plugins compatible for Editor in 407.70 ms, found 4 plugins.
Preloading 0 native plugins for Editor in 0.00 ms.
Mono: successfully reloaded assembly
- Completed reload, in  5.444 seconds
Domain Reload Profiling:
	ReloadAssembly (5446ms)
		BeginReloadAssembly (316ms)
			ExecutionOrderSort (0ms)
			DisableScriptedObjects (15ms)
			BackupInstance (0ms)
			ReleaseScriptingObjects (0ms)
			CreateAndSetChildDomain (45ms)
		EndReloadAssembly (4542ms)
			LoadAssemblies (458ms)
			RebuildTransferFunctionScriptingTraits (0ms)
			SetupTypeCache (1369ms)
			ReleaseScriptCaches (4ms)
			RebuildScriptCaches (198ms)
			SetupLoadedEditorAssemblies (2329ms)
				LogAssemblyErrors (0ms)
				InitializePlatformSupportModulesInManaged (146ms)
				SetLoadedEditorAssemblies (0ms)
				RefreshPlugins (408ms)
				BeforeProcessingInitializeOnLoad (442ms)
				ProcessInitializeOnLoadAttributes (880ms)
				ProcessInitializeOnLoadMethodAttributes (433ms)
				AfterProcessingInitializeOnLoad (19ms)
				EditorAssembliesLoaded (1ms)
			ExecutionOrderSort2 (0ms)
			AwakeInstancesAfterBackupRestoration (23ms)
Platform modules already initialized, skipping
========================================================================
Worker process is ready to serve import requests
Launched and connected shader compiler UnityShaderCompiler.exe after 0.22 seconds
Refreshing native plugins compatible for Editor in 4.16 ms, found 4 plugins.
Preloading 0 native plugins for Editor in 0.00 ms.
Unloading 5589 Unused Serialized files (Serialized files now loaded: 0)
Unloading 47 unused Assets / (0.8 MB). Loaded Objects now: 6055.
Memory consumption went from 235.4 MB to 234.6 MB.
Total: 30.085800 ms (FindLiveObjects: 1.526900 ms CreateObjectMapping: 1.176500 ms MarkObjects: 25.897000 ms  DeleteObjects: 1.482600 ms)

AssetImportParameters requested are different than current active one (requested -> active):
  custom:video-decoder-ogg-theora: a1e56fd34408186e4bbccfd4996cb3dc -> 
  custom:container-muxer-webm: aa71ff27fc2769a1b78a27578f13a17b -> 
  custom:container-demuxer-webm: 4f35f7cbe854078d1ac9338744f61a02 -> 
  custom:video-encoder-webm-vp8: eb34c28f22e8b96e1ab97ce403110664 -> 
  custom:audio-encoder-webm-vorbis: bf7c407c2cedff20999df2af8eb42d56 -> 
  custom:framework-win-MediaFoundation: 216162199b28c13a410421893ffa2e32 -> 
  custom:container-demuxer-ogg: 62fdf1f143b41e24485cea50d1cbac27 -> 
  custom:video-decoder-webm-vp8: 9c59270c3fd7afecdb556c50c9e8de78 -> 
  custom:audio-decoder-ogg-vorbis: bf7c407c2cedff20999df2af8eb42d56 -> 
========================================================================
Received Import Request.
  Time since last request: 1308369.679625 seconds.
  path: Assets/Scripts/Objects/DataContainer.cs
  artifactKey: Guid(ed15761308da3fd4796f8651b74b80be) Importer(815301076,1909f56bfc062723c751e8b465ee728b)
Start importing Assets/Scripts/Objects/DataContainer.cs using Guid(ed15761308da3fd4796f8651b74b80be) Importer(815301076,1909f56bfc062723c751e8b465ee728b)  -> (artifact id: '2909aebc12fdab8d5591575a7d192066') in 0.712670 seconds 
========================================================================
Received Prepare
Registering precompiled user dll's ...
Registered in 0.032125 seconds.
Begin MonoManager ReloadAssembly
Symbol file LoadedFromMemory doesn't match image C:\Users\liopo\OneDrive\桌面\Unity Projects\Monster Evolution\Library\PackageCache\com.unity.visualscripting@1.7.8\Editor\VisualScripting.Core\Dependencies\YamlDotNet\Unity.VisualScripting.YamlDotNet.dll
Symbol file LoadedFromMemory doesn't match image C:\Users\liopo\OneDrive\桌面\Unity Projects\Monster Evolution\Library\PackageCache\com.unity.visualscripting@1.7.8\Editor\VisualScripting.Core\Dependencies\DotNetZip\Unity.VisualScripting.IonicZip.dll
Native extension for WindowsStandalone target not found
Native extension for iOS target not found
Native extension for WebGL target not found
Refreshing native plugins compatible for Editor in 5.69 ms, found 4 plugins.
Preloading 0 native plugins for Editor in 0.00 ms.
Mono: successfully reloaded assembly
- Completed reload, in  8.152 seconds
Domain Reload Profiling:
	ReloadAssembly (8160ms)
		BeginReloadAssembly (2992ms)
			ExecutionOrderSort (0ms)
			DisableScriptedObjects (307ms)
			BackupInstance (0ms)
			ReleaseScriptingObjects (1ms)
			CreateAndSetChildDomain (1913ms)
		EndReloadAssembly (4628ms)
			LoadAssemblies (929ms)
			RebuildTransferFunctionScriptingTraits (1ms)
			SetupTypeCache (1412ms)
			ReleaseScriptCaches (8ms)
			RebuildScriptCaches (168ms)
			SetupLoadedEditorAssemblies (1894ms)
				LogAssemblyErrors (0ms)
				InitializePlatformSupportModulesInManaged (109ms)
				SetLoadedEditorAssemblies (4ms)
				RefreshPlugins (6ms)
				BeforeProcessingInitializeOnLoad (308ms)
				ProcessInitializeOnLoadAttributes (1051ms)
				ProcessInitializeOnLoadMethodAttributes (390ms)
				AfterProcessingInitializeOnLoad (25ms)
				EditorAssembliesLoaded (2ms)
			ExecutionOrderSort2 (0ms)
			AwakeInstancesAfterBackupRestoration (35ms)
Platform modules already initialized, skipping
Refreshing native plugins compatible for Editor in 39.38 ms, found 4 plugins.
Preloading 0 native plugins for Editor in 0.00 ms.
Unloading 5450 Unused Serialized files (Serialized files now loaded: 0)
Unloading 35 unused Assets / (0.8 MB). Loaded Objects now: 6058.
Memory consumption went from 226.3 MB to 225.5 MB.
Total: 59.296700 ms (FindLiveObjects: 2.994000 ms CreateObjectMapping: 1.813400 ms MarkObjects: 53.175500 ms  DeleteObjects: 1.309000 ms)

AssetImportParameters requested are different than current active one (requested -> active):
  custom:video-decoder-ogg-theora: a1e56fd34408186e4bbccfd4996cb3dc -> 
  custom:container-muxer-webm: aa71ff27fc2769a1b78a27578f13a17b -> 
  custom:container-demuxer-webm: 4f35f7cbe854078d1ac9338744f61a02 -> 
  custom:video-encoder-webm-vp8: eb34c28f22e8b96e1ab97ce403110664 -> 
  custom:audio-encoder-webm-vorbis: bf7c407c2cedff20999df2af8eb42d56 -> 
  custom:framework-win-MediaFoundation: 216162199b28c13a410421893ffa2e32 -> 
  custom:container-demuxer-ogg: 62fdf1f143b41e24485cea50d1cbac27 -> 
  custom:video-decoder-webm-vp8: 9c59270c3fd7afecdb556c50c9e8de78 -> 
  custom:audio-decoder-ogg-vorbis: bf7c407c2cedff20999df2af8eb42d56 -> 
========================================================================
Received Import Request.
  Time since last request: 221.967465 seconds.
  path: Assets/Scripts/Objects/DataContainer.cs
  artifactKey: Guid(ed15761308da3fd4796f8651b74b80be) Importer(815301076,1909f56bfc062723c751e8b465ee728b)
Start importing Assets/Scripts/Objects/DataContainer.cs using Guid(ed15761308da3fd4796f8651b74b80be) Importer(815301076,1909f56bfc062723c751e8b465ee728b)  -> (artifact id: '69ce78e732f1ae4dc74635c3b3f28cd1') in 0.055796 seconds 
========================================================================
Received Import Request.
  Time since last request: 6.791282 seconds.
  path: Assets/Items/Data Container.asset
  artifactKey: Guid(efc30a524ece60549bbbacfe63a08f81) Importer(815301076,1909f56bfc062723c751e8b465ee728b)
Start importing Assets/Items/Data Container.asset using Guid(efc30a524ece60549bbbacfe63a08f81) Importer(815301076,1909f56bfc062723c751e8b465ee728b)  -> (artifact id: 'a950bf88f6011d369062a9110c91d0d8') in 0.176824 seconds 
========================================================================
Received Import Request.
  Time since last request: 82.628850 seconds.
  path: Assets/Prefabs/Blue Slime.prefab
  artifactKey: Guid(ba0fe44ccedd95343baf57d210dcae17) Importer(815301076,1909f56bfc062723c751e8b465ee728b)
Start importing Assets/Prefabs/Blue Slime.prefab using Guid(ba0fe44ccedd95343baf57d210dcae17) Importer(815301076,1909f56bfc062723c751e8b465ee728b)  -> (artifact id: '339dbbc92be1e7591c9e8213a5342a0c') in 1.617633 seconds 
========================================================================
Received Prepare
Registering precompiled user dll's ...
Registered in 0.033323 seconds.
Begin MonoManager ReloadAssembly
Symbol file LoadedFromMemory doesn't match image C:\Users\liopo\OneDrive\桌面\Unity Projects\Monster Evolution\Library\PackageCache\com.unity.visualscripting@1.7.8\Editor\VisualScripting.Core\Dependencies\YamlDotNet\Unity.VisualScripting.YamlDotNet.dll
Symbol file LoadedFromMemory doesn't match image C:\Users\liopo\OneDrive\桌面\Unity Projects\Monster Evolution\Library\PackageCache\com.unity.visualscripting@1.7.8\Editor\VisualScripting.Core\Dependencies\DotNetZip\Unity.VisualScripting.IonicZip.dll
Native extension for WindowsStandalone target not found
Native extension for iOS target not found
Native extension for WebGL target not found
Refreshing native plugins compatible for Editor in 9.17 ms, found 4 plugins.
Preloading 0 native plugins for Editor in 0.00 ms.
Mono: successfully reloaded assembly
- Completed reload, in 11.041 seconds
Domain Reload Profiling:
	ReloadAssembly (11053ms)
		BeginReloadAssembly (4272ms)
			ExecutionOrderSort (0ms)
			DisableScriptedObjects (452ms)
			BackupInstance (0ms)
			ReleaseScriptingObjects (0ms)
			CreateAndSetChildDomain (2563ms)
		EndReloadAssembly (6256ms)
			LoadAssemblies (1114ms)
			RebuildTransferFunctionScriptingTraits (1ms)
			SetupTypeCache (2267ms)
			ReleaseScriptCaches (15ms)
			RebuildScriptCaches (344ms)
			SetupLoadedEditorAssemblies (2287ms)
				LogAssemblyErrors (0ms)
				InitializePlatformSupportModulesInManaged (131ms)
				SetLoadedEditorAssemblies (8ms)
				RefreshPlugins (9ms)
				BeforeProcessingInitializeOnLoad (651ms)
				ProcessInitializeOnLoadAttributes (1123ms)
				ProcessInitializeOnLoadMethodAttributes (336ms)
				AfterProcessingInitializeOnLoad (26ms)
				EditorAssembliesLoaded (1ms)
			ExecutionOrderSort2 (0ms)
			AwakeInstancesAfterBackupRestoration (53ms)
Platform modules already initialized, skipping
Refreshing native plugins compatible for Editor in 15.26 ms, found 4 plugins.
Preloading 0 native plugins for Editor in 0.00 ms.
Unloading 5458 Unused Serialized files (Serialized files now loaded: 0)
Unloading 35 unused Assets / (0.8 MB). Loaded Objects now: 6112.
Memory consumption went from 233.4 MB to 232.7 MB.
Total: 36.948300 ms (FindLiveObjects: 1.909400 ms CreateObjectMapping: 1.133800 ms MarkObjects: 32.182100 ms  DeleteObjects: 1.719100 ms)

AssetImportParameters requested are different than current active one (requested -> active):
  custom:video-decoder-ogg-theora: a1e56fd34408186e4bbccfd4996cb3dc -> 
  custom:container-muxer-webm: aa71ff27fc2769a1b78a27578f13a17b -> 
  custom:container-demuxer-webm: 4f35f7cbe854078d1ac9338744f61a02 -> 
  custom:video-encoder-webm-vp8: eb34c28f22e8b96e1ab97ce403110664 -> 
  custom:audio-encoder-webm-vorbis: bf7c407c2cedff20999df2af8eb42d56 -> 
  custom:framework-win-MediaFoundation: 216162199b28c13a410421893ffa2e32 -> 
  custom:container-demuxer-ogg: 62fdf1f143b41e24485cea50d1cbac27 -> 
  custom:video-decoder-webm-vp8: 9c59270c3fd7afecdb556c50c9e8de78 -> 
  custom:audio-decoder-ogg-vorbis: bf7c407c2cedff20999df2af8eb42d56 -> 
========================================================================
Received Import Request.
  Time since last request: 237.281848 seconds.
  path: Assets/Prefabs/Blue Slime.prefab
  artifactKey: Guid(ba0fe44ccedd95343baf57d210dcae17) Importer(815301076,1909f56bfc062723c751e8b465ee728b)
Start importing Assets/Prefabs/Blue Slime.prefab using Guid(ba0fe44ccedd95343baf57d210dcae17) Importer(815301076,1909f56bfc062723c751e8b465ee728b)  -> (artifact id: '5d14c344ff259ef4cab8e34633427289') in 2.379355 seconds 
========================================================================
Received Import Request.
  Time since last request: 32.301782 seconds.
  path: Assets/Prefabs/Coin.prefab
  artifactKey: Guid(209605987bea2a243afe0e56e088b5ea) Importer(815301076,1909f56bfc062723c751e8b465ee728b)
Start importing Assets/Prefabs/Coin.prefab using Guid(209605987bea2a243afe0e56e088b5ea) Importer(815301076,1909f56bfc062723c751e8b465ee728b)  -> (artifact id: 'e6dfb8d52e4412b9fa33177838b21163') in 0.047072 seconds 
========================================================================
Received Import Request.
  Time since last request: 19.075928 seconds.
  path: Assets/Prefabs/Blue Slime.prefab
  artifactKey: Guid(ba0fe44ccedd95343baf57d210dcae17) Importer(815301076,1909f56bfc062723c751e8b465ee728b)
Start importing Assets/Prefabs/Blue Slime.prefab using Guid(ba0fe44ccedd95343baf57d210dcae17) Importer(815301076,1909f56bfc062723c751e8b465ee728b)  -> (artifact id: '46b3dfbed484976666e420c286920cb7') in 0.054828 seconds 
========================================================================
Received Prepare
Registering precompiled user dll's ...
Registered in 0.022683 seconds.
Begin MonoManager ReloadAssembly
Symbol file LoadedFromMemory doesn't match image C:\Users\liopo\OneDrive\桌面\Unity Projects\Monster Evolution\Library\PackageCache\com.unity.visualscripting@1.7.8\Editor\VisualScripting.Core\Dependencies\YamlDotNet\Unity.VisualScripting.YamlDotNet.dll
Symbol file LoadedFromMemory doesn't match image C:\Users\liopo\OneDrive\桌面\Unity Projects\Monster Evolution\Library\PackageCache\com.unity.visualscripting@1.7.8\Editor\VisualScripting.Core\Dependencies\DotNetZip\Unity.VisualScripting.IonicZip.dll
Native extension for WindowsStandalone target not found
Native extension for iOS target not found
Native extension for WebGL target not found
Refreshing native plugins compatible for Editor in 18.19 ms, found 4 plugins.
Preloading 0 native plugins for Editor in 0.00 ms.
Mono: successfully reloaded assembly
- Completed reload, in 20.943 seconds
Domain Reload Profiling:
	ReloadAssembly (21057ms)
		BeginReloadAssembly (8910ms)
			ExecutionOrderSort (2ms)
			DisableScriptedObjects (1831ms)
			BackupInstance (0ms)
			ReleaseScriptingObjects (1ms)
			CreateAndSetChildDomain (4991ms)
		EndReloadAssembly (11402ms)
			LoadAssemblies (1430ms)
			RebuildTransferFunctionScriptingTraits (2ms)
			SetupTypeCache (4195ms)
			ReleaseScriptCaches (65ms)
			RebuildScriptCaches (682ms)
			SetupLoadedEditorAssemblies (4870ms)
				LogAssemblyErrors (0ms)
				InitializePlatformSupportModulesInManaged (250ms)
				SetLoadedEditorAssemblies (11ms)
				RefreshPlugins (19ms)
				BeforeProcessingInitializeOnLoad (1132ms)
				ProcessInitializeOnLoadAttributes (2918ms)
				ProcessInitializeOnLoadMethodAttributes (515ms)
				AfterProcessingInitializeOnLoad (25ms)
				EditorAssembliesLoaded (1ms)
			ExecutionOrderSort2 (0ms)
			AwakeInstancesAfterBackupRestoration (57ms)
Platform modules already initialized, skipping
Refreshing native plugins compatible for Editor in 34.31 ms, found 4 plugins.
Preloading 0 native plugins for Editor in 0.00 ms.
Unloading 5458 Unused Serialized files (Serialized files now loaded: 0)
Unloading 35 unused Assets / (0.8 MB). Loaded Objects now: 6156.
Memory consumption went from 233.4 MB to 232.7 MB.
Total: 281.603300 ms (FindLiveObjects: 1.863800 ms CreateObjectMapping: 3.708100 ms MarkObjects: 257.438800 ms  DeleteObjects: 18.585300 ms)

AssetImportParameters requested are different than current active one (requested -> active):
  custom:video-decoder-ogg-theora: a1e56fd34408186e4bbccfd4996cb3dc -> 
  custom:container-muxer-webm: aa71ff27fc2769a1b78a27578f13a17b -> 
  custom:container-demuxer-webm: 4f35f7cbe854078d1ac9338744f61a02 -> 
  custom:video-encoder-webm-vp8: eb34c28f22e8b96e1ab97ce403110664 -> 
  custom:audio-encoder-webm-vorbis: bf7c407c2cedff20999df2af8eb42d56 -> 
  custom:framework-win-MediaFoundation: 216162199b28c13a410421893ffa2e32 -> 
  custom:container-demuxer-ogg: 62fdf1f143b41e24485cea50d1cbac27 -> 
  custom:video-decoder-webm-vp8: 9c59270c3fd7afecdb556c50c9e8de78 -> 
  custom:audio-decoder-ogg-vorbis: bf7c407c2cedff20999df2af8eb42d56 -> 
========================================================================
Received Prepare
Registering precompiled user dll's ...
Registered in 0.018698 seconds.
Begin MonoManager ReloadAssembly
Symbol file LoadedFromMemory doesn't match image C:\Users\liopo\OneDrive\桌面\Unity Projects\Monster Evolution\Library\PackageCache\com.unity.visualscripting@1.7.8\Editor\VisualScripting.Core\Dependencies\YamlDotNet\Unity.VisualScripting.YamlDotNet.dll
Symbol file LoadedFromMemory doesn't match image C:\Users\liopo\OneDrive\桌面\Unity Projects\Monster Evolution\Library\PackageCache\com.unity.visualscripting@1.7.8\Editor\VisualScripting.Core\Dependencies\DotNetZip\Unity.VisualScripting.IonicZip.dll
Native extension for WindowsStandalone target not found
Native extension for iOS target not found
Native extension for WebGL target not found
Refreshing native plugins compatible for Editor in 4.47 ms, found 4 plugins.
Preloading 0 native plugins for Editor in 0.00 ms.
Mono: successfully reloaded assembly
- Completed reload, in  6.914 seconds
Domain Reload Profiling:
	ReloadAssembly (6916ms)
		BeginReloadAssembly (1311ms)
			ExecutionOrderSort (0ms)
			DisableScriptedObjects (60ms)
			BackupInstance (0ms)
			ReleaseScriptingObjects (1ms)
			CreateAndSetChildDomain (611ms)
		EndReloadAssembly (4969ms)
			LoadAssemblies (710ms)
			RebuildTransferFunctionScriptingTraits (0ms)
			SetupTypeCache (1748ms)
			ReleaseScriptCaches (11ms)
			RebuildScriptCaches (381ms)
			SetupLoadedEditorAssemblies (1860ms)
				LogAssemblyErrors (0ms)
				InitializePlatformSupportModulesInManaged (107ms)
				SetLoadedEditorAssemblies (2ms)
				RefreshPlugins (5ms)
				BeforeProcessingInitializeOnLoad (475ms)
				ProcessInitializeOnLoadAttributes (998ms)
				ProcessInitializeOnLoadMethodAttributes (255ms)
				AfterProcessingInitializeOnLoad (17ms)
				EditorAssembliesLoaded (1ms)
			ExecutionOrderSort2 (0ms)
			AwakeInstancesAfterBackupRestoration (47ms)
Platform modules already initialized, skipping
Refreshing native plugins compatible for Editor in 21.44 ms, found 4 plugins.
Preloading 0 native plugins for Editor in 0.00 ms.
Unloading 5458 Unused Serialized files (Serialized files now loaded: 0)
Unloading 35 unused Assets / (0.8 MB). Loaded Objects now: 6159.
Memory consumption went from 233.4 MB to 232.6 MB.
Total: 40.305300 ms (FindLiveObjects: 8.485400 ms CreateObjectMapping: 8.478700 ms MarkObjects: 21.778100 ms  DeleteObjects: 1.557500 ms)

AssetImportParameters requested are different than current active one (requested -> active):
  custom:video-decoder-ogg-theora: a1e56fd34408186e4bbccfd4996cb3dc -> 
  custom:container-muxer-webm: aa71ff27fc2769a1b78a27578f13a17b -> 
  custom:container-demuxer-webm: 4f35f7cbe854078d1ac9338744f61a02 -> 
  custom:video-encoder-webm-vp8: eb34c28f22e8b96e1ab97ce403110664 -> 
  custom:audio-encoder-webm-vorbis: bf7c407c2cedff20999df2af8eb42d56 -> 
  custom:framework-win-MediaFoundation: 216162199b28c13a410421893ffa2e32 -> 
  custom:container-demuxer-ogg: 62fdf1f143b41e24485cea50d1cbac27 -> 
  custom:video-decoder-webm-vp8: 9c59270c3fd7afecdb556c50c9e8de78 -> 
  custom:audio-decoder-ogg-vorbis: bf7c407c2cedff20999df2af8eb42d56 -> 
========================================================================
Received Import Request.
  Time since last request: 212.072985 seconds.
  path: Assets/Scripts/LevelCompletion.cs
  artifactKey: Guid(ca724d6e724c69648874961c2eaccd35) Importer(815301076,1909f56bfc062723c751e8b465ee728b)
Start importing Assets/Scripts/LevelCompletion.cs using Guid(ca724d6e724c69648874961c2eaccd35) Importer(815301076,1909f56bfc062723c751e8b465ee728b)  -> (artifact id: 'd8665438c564d4dc03f034ba848ca268') in 0.622815 seconds 
========================================================================
Received Prepare
Registering precompiled user dll's ...
Registered in 0.047695 seconds.
Begin MonoManager ReloadAssembly
Symbol file LoadedFromMemory doesn't match image C:\Users\liopo\OneDrive\桌面\Unity Projects\Monster Evolution\Library\PackageCache\com.unity.visualscripting@1.7.8\Editor\VisualScripting.Core\Dependencies\YamlDotNet\Unity.VisualScripting.YamlDotNet.dll
Symbol file LoadedFromMemory doesn't match image C:\Users\liopo\OneDrive\桌面\Unity Projects\Monster Evolution\Library\PackageCache\com.unity.visualscripting@1.7.8\Editor\VisualScripting.Core\Dependencies\DotNetZip\Unity.VisualScripting.IonicZip.dll
Native extension for WindowsStandalone target not found
Native extension for iOS target not found
Native extension for WebGL target not found
Refreshing native plugins compatible for Editor in 5.74 ms, found 4 plugins.
Preloading 0 native plugins for Editor in 0.00 ms.
Mono: successfully reloaded assembly
- Completed reload, in  8.106 seconds
Domain Reload Profiling:
	ReloadAssembly (8116ms)
		BeginReloadAssembly (2059ms)
			ExecutionOrderSort (0ms)
			DisableScriptedObjects (295ms)
			BackupInstance (0ms)
			ReleaseScriptingObjects (0ms)
			CreateAndSetChildDomain (1211ms)
		EndReloadAssembly (5671ms)
			LoadAssemblies (564ms)
			RebuildTransferFunctionScriptingTraits (0ms)
			SetupTypeCache (2381ms)
			ReleaseScriptCaches (7ms)
			RebuildScriptCaches (391ms)
			SetupLoadedEditorAssemblies (1862ms)
				LogAssemblyErrors (0ms)
				InitializePlatformSupportModulesInManaged (122ms)
				SetLoadedEditorAssemblies (3ms)
				RefreshPlugins (6ms)
				BeforeProcessingInitializeOnLoad (349ms)
				ProcessInitializeOnLoadAttributes (975ms)
				ProcessInitializeOnLoadMethodAttributes (388ms)
				AfterProcessingInitializeOnLoad (19ms)
				EditorAssembliesLoaded (1ms)
			ExecutionOrderSort2 (0ms)
			AwakeInstancesAfterBackupRestoration (49ms)
Platform modules already initialized, skipping
Refreshing native plugins compatible for Editor in 20.55 ms, found 4 plugins.
Preloading 0 native plugins for Editor in 0.00 ms.
Unloading 5459 Unused Serialized files (Serialized files now loaded: 0)
Unloading 35 unused Assets / (0.8 MB). Loaded Objects now: 6163.
Memory consumption went from 233.4 MB to 232.6 MB.
Total: 48.648800 ms (FindLiveObjects: 3.179300 ms CreateObjectMapping: 2.244400 ms MarkObjects: 40.619400 ms  DeleteObjects: 2.600100 ms)

AssetImportParameters requested are different than current active one (requested -> active):
  custom:video-decoder-ogg-theora: a1e56fd34408186e4bbccfd4996cb3dc -> 
  custom:container-muxer-webm: aa71ff27fc2769a1b78a27578f13a17b -> 
  custom:container-demuxer-webm: 4f35f7cbe854078d1ac9338744f61a02 -> 
  custom:video-encoder-webm-vp8: eb34c28f22e8b96e1ab97ce403110664 -> 
  custom:audio-encoder-webm-vorbis: bf7c407c2cedff20999df2af8eb42d56 -> 
  custom:framework-win-MediaFoundation: 216162199b28c13a410421893ffa2e32 -> 
  custom:container-demuxer-ogg: 62fdf1f143b41e24485cea50d1cbac27 -> 
  custom:video-decoder-webm-vp8: 9c59270c3fd7afecdb556c50c9e8de78 -> 
  custom:audio-decoder-ogg-vorbis: bf7c407c2cedff20999df2af8eb42d56 -> 
========================================================================
Received Prepare
Registering precompiled user dll's ...
Registered in 0.027911 seconds.
Begin MonoManager ReloadAssembly
Symbol file LoadedFromMemory doesn't match image C:\Users\liopo\OneDrive\桌面\Unity Projects\Monster Evolution\Library\PackageCache\com.unity.visualscripting@1.7.8\Editor\VisualScripting.Core\Dependencies\YamlDotNet\Unity.VisualScripting.YamlDotNet.dll
Symbol file LoadedFromMemory doesn't match image C:\Users\liopo\OneDrive\桌面\Unity Projects\Monster Evolution\Library\PackageCache\com.unity.visualscripting@1.7.8\Editor\VisualScripting.Core\Dependencies\DotNetZip\Unity.VisualScripting.IonicZip.dll
Native extension for WindowsStandalone target not found
Native extension for iOS target not found
Native extension for WebGL target not found
Refreshing native plugins compatible for Editor in 4.31 ms, found 4 plugins.
Preloading 0 native plugins for Editor in 0.00 ms.
Mono: successfully reloaded assembly
- Completed reload, in 10.703 seconds
Domain Reload Profiling:
	ReloadAssembly (10719ms)
		BeginReloadAssembly (4921ms)
			ExecutionOrderSort (0ms)
			DisableScriptedObjects (366ms)
			BackupInstance (0ms)
			ReleaseScriptingObjects (1ms)
			CreateAndSetChildDomain (2023ms)
		EndReloadAssembly (4965ms)
			LoadAssemblies (2197ms)
			RebuildTransferFunctionScriptingTraits (3ms)
			SetupTypeCache (1481ms)
			ReleaseScriptCaches (13ms)
			RebuildScriptCaches (196ms)
			SetupLoadedEditorAssemblies (2317ms)
				LogAssemblyErrors (0ms)
				InitializePlatformSupportModulesInManaged (154ms)
				SetLoadedEditorAssemblies (5ms)
				RefreshPlugins (5ms)
				BeforeProcessingInitializeOnLoad (489ms)
				ProcessInitializeOnLoadAttributes (1324ms)
				ProcessInitializeOnLoadMethodAttributes (321ms)
				AfterProcessingInitializeOnLoad (17ms)
				EditorAssembliesLoaded (1ms)
			ExecutionOrderSort2 (0ms)
			AwakeInstancesAfterBackupRestoration (39ms)
Platform modules already initialized, skipping
Refreshing native plugins compatible for Editor in 17.42 ms, found 4 plugins.
Preloading 0 native plugins for Editor in 0.00 ms.
Unloading 5459 Unused Serialized files (Serialized files now loaded: 0)
Unloading 35 unused Assets / (0.8 MB). Loaded Objects now: 6166.
Memory consumption went from 233.4 MB to 232.6 MB.
Total: 22.756800 ms (FindLiveObjects: 1.412500 ms CreateObjectMapping: 2.166600 ms MarkObjects: 18.015100 ms  DeleteObjects: 1.158900 ms)

AssetImportParameters requested are different than current active one (requested -> active):
  custom:video-decoder-ogg-theora: a1e56fd34408186e4bbccfd4996cb3dc -> 
  custom:container-muxer-webm: aa71ff27fc2769a1b78a27578f13a17b -> 
  custom:container-demuxer-webm: 4f35f7cbe854078d1ac9338744f61a02 -> 
  custom:video-encoder-webm-vp8: eb34c28f22e8b96e1ab97ce403110664 -> 
  custom:audio-encoder-webm-vorbis: bf7c407c2cedff20999df2af8eb42d56 -> 
  custom:framework-win-MediaFoundation: 216162199b28c13a410421893ffa2e32 -> 
  custom:container-demuxer-ogg: 62fdf1f143b41e24485cea50d1cbac27 -> 
  custom:video-decoder-webm-vp8: 9c59270c3fd7afecdb556c50c9e8de78 -> 
  custom:audio-decoder-ogg-vorbis: bf7c407c2cedff20999df2af8eb42d56 -> 
========================================================================
Received Import Request.
  Time since last request: 502.942990 seconds.
  path: Assets/Scripts/UI/GameWinPanel.cs
  artifactKey: Guid(34982499900b9424483522201cefaa3c) Importer(815301076,1909f56bfc062723c751e8b465ee728b)
Start importing Assets/Scripts/UI/GameWinPanel.cs using Guid(34982499900b9424483522201cefaa3c) Importer(815301076,1909f56bfc062723c751e8b465ee728b)  -> (artifact id: 'f7537f7b8977071f1d1c807a82909923') in 4.227168 seconds 
========================================================================
Received Prepare
Registering precompiled user dll's ...
Registered in 0.030774 seconds.
Begin MonoManager ReloadAssembly
Symbol file LoadedFromMemory doesn't match image C:\Users\liopo\OneDrive\桌面\Unity Projects\Monster Evolution\Library\PackageCache\com.unity.visualscripting@1.7.8\Editor\VisualScripting.Core\Dependencies\YamlDotNet\Unity.VisualScripting.YamlDotNet.dll
Symbol file LoadedFromMemory doesn't match image C:\Users\liopo\OneDrive\桌面\Unity Projects\Monster Evolution\Library\PackageCache\com.unity.visualscripting@1.7.8\Editor\VisualScripting.Core\Dependencies\DotNetZip\Unity.VisualScripting.IonicZip.dll
Native extension for WindowsStandalone target not found
Native extension for iOS target not found
Native extension for WebGL target not found
Refreshing native plugins compatible for Editor in 4.22 ms, found 4 plugins.
Preloading 0 native plugins for Editor in 0.00 ms.
Mono: successfully reloaded assembly
- Completed reload, in 11.730 seconds
Domain Reload Profiling:
	ReloadAssembly (11748ms)
		BeginReloadAssembly (2798ms)
			ExecutionOrderSort (0ms)
			DisableScriptedObjects (331ms)
			BackupInstance (0ms)
			ReleaseScriptingObjects (2ms)
			CreateAndSetChildDomain (1414ms)
		EndReloadAssembly (8383ms)
			LoadAssemblies (896ms)
			RebuildTransferFunctionScriptingTraits (0ms)
			SetupTypeCache (2726ms)
			ReleaseScriptCaches (22ms)
			RebuildScriptCaches (289ms)
			SetupLoadedEditorAssemblies (4035ms)
				LogAssemblyErrors (0ms)
				InitializePlatformSupportModulesInManaged (122ms)
				SetLoadedEditorAssemblies (3ms)
				RefreshPlugins (4ms)
				BeforeProcessingInitializeOnLoad (385ms)
				ProcessInitializeOnLoadAttributes (1808ms)
				ProcessInitializeOnLoadMethodAttributes (1636ms)
				AfterProcessingInitializeOnLoad (73ms)
				EditorAssembliesLoaded (3ms)
			ExecutionOrderSort2 (0ms)
			AwakeInstancesAfterBackupRestoration (84ms)
Platform modules already initialized, skipping
Refreshing native plugins compatible for Editor in 42.87 ms, found 4 plugins.
Preloading 0 native plugins for Editor in 0.00 ms.
Unloading 5460 Unused Serialized files (Serialized files now loaded: 0)
Unloading 35 unused Assets / (0.8 MB). Loaded Objects now: 6170.
Memory consumption went from 233.5 MB to 232.7 MB.
Total: 150.944300 ms (FindLiveObjects: 2.315900 ms CreateObjectMapping: 19.248900 ms MarkObjects: 120.916700 ms  DeleteObjects: 8.456500 ms)

AssetImportParameters requested are different than current active one (requested -> active):
  custom:video-decoder-ogg-theora: a1e56fd34408186e4bbccfd4996cb3dc -> 
  custom:container-muxer-webm: aa71ff27fc2769a1b78a27578f13a17b -> 
  custom:container-demuxer-webm: 4f35f7cbe854078d1ac9338744f61a02 -> 
  custom:video-encoder-webm-vp8: eb34c28f22e8b96e1ab97ce403110664 -> 
  custom:audio-encoder-webm-vorbis: bf7c407c2cedff20999df2af8eb42d56 -> 
  custom:framework-win-MediaFoundation: 216162199b28c13a410421893ffa2e32 -> 
  custom:container-demuxer-ogg: 62fdf1f143b41e24485cea50d1cbac27 -> 
  custom:video-decoder-webm-vp8: 9c59270c3fd7afecdb556c50c9e8de78 -> 
  custom:audio-decoder-ogg-vorbis: bf7c407c2cedff20999df2af8eb42d56 -> 
========================================================================
Received Prepare
Registering precompiled user dll's ...
Registered in 0.068247 seconds.
Begin MonoManager ReloadAssembly
Symbol file LoadedFromMemory doesn't match image C:\Users\liopo\OneDrive\桌面\Unity Projects\Monster Evolution\Library\PackageCache\com.unity.visualscripting@1.7.8\Editor\VisualScripting.Core\Dependencies\YamlDotNet\Unity.VisualScripting.YamlDotNet.dll
Symbol file LoadedFromMemory doesn't match image C:\Users\liopo\OneDrive\桌面\Unity Projects\Monster Evolution\Library\PackageCache\com.unity.visualscripting@1.7.8\Editor\VisualScripting.Core\Dependencies\DotNetZip\Unity.VisualScripting.IonicZip.dll
Native extension for WindowsStandalone target not found
Native extension for iOS target not found
Native extension for WebGL target not found
Refreshing native plugins compatible for Editor in 3.61 ms, found 4 plugins.
Preloading 0 native plugins for Editor in 0.00 ms.
Mono: successfully reloaded assembly
- Completed reload, in  7.892 seconds
Domain Reload Profiling:
	ReloadAssembly (7906ms)
		BeginReloadAssembly (2571ms)
			ExecutionOrderSort (0ms)
			DisableScriptedObjects (374ms)
			BackupInstance (0ms)
			ReleaseScriptingObjects (1ms)
			CreateAndSetChildDomain (1389ms)
		EndReloadAssembly (4946ms)
			LoadAssemblies (743ms)
			RebuildTransferFunctionScriptingTraits (0ms)
			SetupTypeCache (1382ms)
			ReleaseScriptCaches (15ms)
			RebuildScriptCaches (297ms)
			SetupLoadedEditorAssemblies (2236ms)
				LogAssemblyErrors (0ms)
				InitializePlatformSupportModulesInManaged (129ms)
				SetLoadedEditorAssemblies (7ms)
				RefreshPlugins (4ms)
				BeforeProcessingInitializeOnLoad (417ms)
				ProcessInitializeOnLoadAttributes (1344ms)
				ProcessInitializeOnLoadMethodAttributes (320ms)
				AfterProcessingInitializeOnLoad (15ms)
				EditorAssembliesLoaded (1ms)
			ExecutionOrderSort2 (0ms)
			AwakeInstancesAfterBackupRestoration (55ms)
Platform modules already initialized, skipping
Refreshing native plugins compatible for Editor in 17.97 ms, found 4 plugins.
Preloading 0 native plugins for Editor in 0.00 ms.
Unloading 5460 Unused Serialized files (Serialized files now loaded: 0)
Unloading 35 unused Assets / (0.8 MB). Loaded Objects now: 6173.
Memory consumption went from 233.5 MB to 232.7 MB.
Total: 47.285200 ms (FindLiveObjects: 2.376700 ms CreateObjectMapping: 1.440500 ms MarkObjects: 34.634600 ms  DeleteObjects: 8.828800 ms)

AssetImportParameters requested are different than current active one (requested -> active):
  custom:video-decoder-ogg-theora: a1e56fd34408186e4bbccfd4996cb3dc -> 
  custom:container-muxer-webm: aa71ff27fc2769a1b78a27578f13a17b -> 
  custom:container-demuxer-webm: 4f35f7cbe854078d1ac9338744f61a02 -> 
  custom:video-encoder-webm-vp8: eb34c28f22e8b96e1ab97ce403110664 -> 
  custom:audio-encoder-webm-vorbis: bf7c407c2cedff20999df2af8eb42d56 -> 
  custom:framework-win-MediaFoundation: 216162199b28c13a410421893ffa2e32 -> 
  custom:container-demuxer-ogg: 62fdf1f143b41e24485cea50d1cbac27 -> 
  custom:video-decoder-webm-vp8: 9c59270c3fd7afecdb556c50c9e8de78 -> 
  custom:audio-decoder-ogg-vorbis: bf7c407c2cedff20999df2af8eb42d56 -> 
========================================================================
Received Prepare
Registering precompiled user dll's ...
Registered in 0.020463 seconds.
Begin MonoManager ReloadAssembly
Symbol file LoadedFromMemory doesn't match image C:\Users\liopo\OneDrive\桌面\Unity Projects\Monster Evolution\Library\PackageCache\com.unity.visualscripting@1.7.8\Editor\VisualScripting.Core\Dependencies\YamlDotNet\Unity.VisualScripting.YamlDotNet.dll
Symbol file LoadedFromMemory doesn't match image C:\Users\liopo\OneDrive\桌面\Unity Projects\Monster Evolution\Library\PackageCache\com.unity.visualscripting@1.7.8\Editor\VisualScripting.Core\Dependencies\DotNetZip\Unity.VisualScripting.IonicZip.dll
Native extension for WindowsStandalone target not found
Native extension for iOS target not found
Native extension for WebGL target not found
Refreshing native plugins compatible for Editor in 4.10 ms, found 4 plugins.
Preloading 0 native plugins for Editor in 0.00 ms.
Mono: successfully reloaded assembly
- Completed reload, in  6.745 seconds
Domain Reload Profiling:
	ReloadAssembly (6748ms)
		BeginReloadAssembly (700ms)
			ExecutionOrderSort (0ms)
			DisableScriptedObjects (62ms)
			BackupInstance (0ms)
			ReleaseScriptingObjects (1ms)
			CreateAndSetChildDomain (211ms)
		EndReloadAssembly (5468ms)
			LoadAssemblies (471ms)
			RebuildTransferFunctionScriptingTraits (0ms)
			SetupTypeCache (1328ms)
			ReleaseScriptCaches (6ms)
			RebuildScriptCaches (361ms)
			SetupLoadedEditorAssemblies (2771ms)
				LogAssemblyErrors (0ms)
				InitializePlatformSupportModulesInManaged (128ms)
				SetLoadedEditorAssemblies (4ms)
				RefreshPlugins (4ms)
				BeforeProcessingInitializeOnLoad (510ms)
				ProcessInitializeOnLoadAttributes (1608ms)
				ProcessInitializeOnLoadMethodAttributes (480ms)
				AfterProcessingInitializeOnLoad (37ms)
				EditorAssembliesLoaded (1ms)
			ExecutionOrderSort2 (0ms)
			AwakeInstancesAfterBackupRestoration (81ms)
Platform modules already initialized, skipping
Refreshing native plugins compatible for Editor in 31.49 ms, found 4 plugins.
Preloading 0 native plugins for Editor in 0.00 ms.
Unloading 5460 Unused Serialized files (Serialized files now loaded: 0)
Unloading 35 unused Assets / (0.8 MB). Loaded Objects now: 6176.
Memory consumption went from 233.5 MB to 232.7 MB.
Total: 31.092600 ms (FindLiveObjects: 1.502300 ms CreateObjectMapping: 1.833900 ms MarkObjects: 25.218400 ms  DeleteObjects: 2.534500 ms)

AssetImportParameters requested are different than current active one (requested -> active):
  custom:video-decoder-ogg-theora: a1e56fd34408186e4bbccfd4996cb3dc -> 
  custom:container-muxer-webm: aa71ff27fc2769a1b78a27578f13a17b -> 
  custom:container-demuxer-webm: 4f35f7cbe854078d1ac9338744f61a02 -> 
  custom:video-encoder-webm-vp8: eb34c28f22e8b96e1ab97ce403110664 -> 
  custom:audio-encoder-webm-vorbis: bf7c407c2cedff20999df2af8eb42d56 -> 
  custom:framework-win-MediaFoundation: 216162199b28c13a410421893ffa2e32 -> 
  custom:container-demuxer-ogg: 62fdf1f143b41e24485cea50d1cbac27 -> 
  custom:video-decoder-webm-vp8: 9c59270c3fd7afecdb556c50c9e8de78 -> 
  custom:audio-decoder-ogg-vorbis: bf7c407c2cedff20999df2af8eb42d56 -> 
========================================================================
Received Prepare
Registering precompiled user dll's ...
Registered in 0.061506 seconds.
Begin MonoManager ReloadAssembly
Symbol file LoadedFromMemory doesn't match image C:\Users\liopo\OneDrive\桌面\Unity Projects\Monster Evolution\Library\PackageCache\com.unity.visualscripting@1.7.8\Editor\VisualScripting.Core\Dependencies\YamlDotNet\Unity.VisualScripting.YamlDotNet.dll
Symbol file LoadedFromMemory doesn't match image C:\Users\liopo\OneDrive\桌面\Unity Projects\Monster Evolution\Library\PackageCache\com.unity.visualscripting@1.7.8\Editor\VisualScripting.Core\Dependencies\DotNetZip\Unity.VisualScripting.IonicZip.dll
Native extension for WindowsStandalone target not found
Native extension for iOS target not found
Native extension for WebGL target not found
Refreshing native plugins compatible for Editor in 10.30 ms, found 4 plugins.
Preloading 0 native plugins for Editor in 0.00 ms.
Mono: successfully reloaded assembly
- Completed reload, in  9.367 seconds
Domain Reload Profiling:
	ReloadAssembly (9385ms)
		BeginReloadAssembly (3272ms)
			ExecutionOrderSort (0ms)
			DisableScriptedObjects (307ms)
			BackupInstance (0ms)
			ReleaseScriptingObjects (1ms)
			CreateAndSetChildDomain (2030ms)
		EndReloadAssembly (5396ms)
			LoadAssemblies (739ms)
			RebuildTransferFunctionScriptingTraits (0ms)
			SetupTypeCache (1446ms)
			ReleaseScriptCaches (20ms)
			RebuildScriptCaches (370ms)
			SetupLoadedEditorAssemblies (2533ms)
				LogAssemblyErrors (0ms)
				InitializePlatformSupportModulesInManaged (222ms)
				SetLoadedEditorAssemblies (6ms)
				RefreshPlugins (11ms)
				BeforeProcessingInitializeOnLoad (502ms)
				ProcessInitializeOnLoadAttributes (1322ms)
				ProcessInitializeOnLoadMethodAttributes (443ms)
				AfterProcessingInitializeOnLoad (26ms)
				EditorAssembliesLoaded (2ms)
			ExecutionOrderSort2 (0ms)
			AwakeInstancesAfterBackupRestoration (52ms)
Platform modules already initialized, skipping
Refreshing native plugins compatible for Editor in 27.20 ms, found 4 plugins.
Preloading 0 native plugins for Editor in 0.00 ms.
Unloading 5460 Unused Serialized files (Serialized files now loaded: 0)
Unloading 35 unused Assets / (0.8 MB). Loaded Objects now: 6179.
Memory consumption went from 233.5 MB to 232.7 MB.
Total: 63.008600 ms (FindLiveObjects: 7.480500 ms CreateObjectMapping: 7.228000 ms MarkObjects: 43.096400 ms  DeleteObjects: 5.198800 ms)

AssetImportParameters requested are different than current active one (requested -> active):
  custom:video-decoder-ogg-theora: a1e56fd34408186e4bbccfd4996cb3dc -> 
  custom:container-muxer-webm: aa71ff27fc2769a1b78a27578f13a17b -> 
  custom:container-demuxer-webm: 4f35f7cbe854078d1ac9338744f61a02 -> 
  custom:video-encoder-webm-vp8: eb34c28f22e8b96e1ab97ce403110664 -> 
  custom:audio-encoder-webm-vorbis: bf7c407c2cedff20999df2af8eb42d56 -> 
  custom:framework-win-MediaFoundation: 216162199b28c13a410421893ffa2e32 -> 
  custom:container-demuxer-ogg: 62fdf1f143b41e24485cea50d1cbac27 -> 
  custom:video-decoder-webm-vp8: 9c59270c3fd7afecdb556c50c9e8de78 -> 
  custom:audio-decoder-ogg-vorbis: bf7c407c2cedff20999df2af8eb42d56 -> 
========================================================================
Received Prepare
Registering precompiled user dll's ...
Registered in 0.069136 seconds.
Begin MonoManager ReloadAssembly
Symbol file LoadedFromMemory doesn't match image C:\Users\liopo\OneDrive\桌面\Unity Projects\Monster Evolution\Library\PackageCache\com.unity.visualscripting@1.7.8\Editor\VisualScripting.Core\Dependencies\YamlDotNet\Unity.VisualScripting.YamlDotNet.dll
Symbol file LoadedFromMemory doesn't match image C:\Users\liopo\OneDrive\桌面\Unity Projects\Monster Evolution\Library\PackageCache\com.unity.visualscripting@1.7.8\Editor\VisualScripting.Core\Dependencies\DotNetZip\Unity.VisualScripting.IonicZip.dll
Native extension for WindowsStandalone target not found
Native extension for iOS target not found
Native extension for WebGL target not found
Refreshing native plugins compatible for Editor in 6.03 ms, found 4 plugins.
Preloading 0 native plugins for Editor in 0.00 ms.
Mono: successfully reloaded assembly
- Completed reload, in  8.463 seconds
Domain Reload Profiling:
	ReloadAssembly (8467ms)
		BeginReloadAssembly (1106ms)
			ExecutionOrderSort (0ms)
			DisableScriptedObjects (49ms)
			BackupInstance (0ms)
			ReleaseScriptingObjects (2ms)
			CreateAndSetChildDomain (246ms)
		EndReloadAssembly (6098ms)
			LoadAssemblies (1073ms)
			RebuildTransferFunctionScriptingTraits (0ms)
			SetupTypeCache (1595ms)
			ReleaseScriptCaches (12ms)
			RebuildScriptCaches (279ms)
			SetupLoadedEditorAssemblies (2966ms)
				LogAssemblyErrors (0ms)
				InitializePlatformSupportModulesInManaged (150ms)
				SetLoadedEditorAssemblies (2ms)
				RefreshPlugins (6ms)
				BeforeProcessingInitializeOnLoad (491ms)
				ProcessInitializeOnLoadAttributes (1671ms)
				ProcessInitializeOnLoadMethodAttributes (552ms)
				AfterProcessingInitializeOnLoad (91ms)
				EditorAssembliesLoaded (1ms)
			ExecutionOrderSort2 (0ms)
			AwakeInstancesAfterBackupRestoration (98ms)
Platform modules already initialized, skipping
Refreshing native plugins compatible for Editor in 20.58 ms, found 4 plugins.
Preloading 0 native plugins for Editor in 0.00 ms.
Unloading 5460 Unused Serialized files (Serialized files now loaded: 0)
Unloading 35 unused Assets / (0.8 MB). Loaded Objects now: 6182.
Memory consumption went from 233.5 MB to 232.7 MB.
Total: 50.832200 ms (FindLiveObjects: 7.326200 ms CreateObjectMapping: 2.867300 ms MarkObjects: 33.634500 ms  DeleteObjects: 2.900100 ms)

AssetImportParameters requested are different than current active one (requested -> active):
  custom:video-decoder-ogg-theora: a1e56fd34408186e4bbccfd4996cb3dc -> 
  custom:container-muxer-webm: aa71ff27fc2769a1b78a27578f13a17b -> 
  custom:container-demuxer-webm: 4f35f7cbe854078d1ac9338744f61a02 -> 
  custom:video-encoder-webm-vp8: eb34c28f22e8b96e1ab97ce403110664 -> 
  custom:audio-encoder-webm-vorbis: bf7c407c2cedff20999df2af8eb42d56 -> 
  custom:framework-win-MediaFoundation: 216162199b28c13a410421893ffa2e32 -> 
  custom:container-demuxer-ogg: 62fdf1f143b41e24485cea50d1cbac27 -> 
  custom:video-decoder-webm-vp8: 9c59270c3fd7afecdb556c50c9e8de78 -> 
  custom:audio-decoder-ogg-vorbis: bf7c407c2cedff20999df2af8eb42d56 -> 
========================================================================
Received Import Request.
  Time since last request: 613.416336 seconds.
  path: Assets/Scripts/UI/ExitToMenu.cs
  artifactKey: Guid(610eb5468f269624296312b5b0031da1) Importer(815301076,1909f56bfc062723c751e8b465ee728b)
Start importing Assets/Scripts/UI/ExitToMenu.cs using Guid(610eb5468f269624296312b5b0031da1) Importer(815301076,1909f56bfc062723c751e8b465ee728b)  -> (artifact id: '4a2a7abe0f7451161bd169f2a405f016') in 0.088924 seconds 
========================================================================
Received Import Request.
  Time since last request: 24.793209 seconds.
  path: Assets/Scripts/UI/MainMenu/StartGame.cs
  artifactKey: Guid(acb5db6eabf01104291f9f0da4bd12db) Importer(815301076,1909f56bfc062723c751e8b465ee728b)
Start importing Assets/Scripts/UI/MainMenu/StartGame.cs using Guid(acb5db6eabf01104291f9f0da4bd12db) Importer(815301076,1909f56bfc062723c751e8b465ee728b)  -> (artifact id: 'c56d7e1526127ff05ef2b0da0f8a01a7') in 0.034570 seconds 
========================================================================
Received Import Request.
  Time since last request: 148.258372 seconds.
  path: Assets/Scenes/Essential.unity
  artifactKey: Guid(b7dcd7230d6bd9d42b8230fc6cde5e80) Importer(815301076,1909f56bfc062723c751e8b465ee728b)
Start importing Assets/Scenes/Essential.unity using Guid(b7dcd7230d6bd9d42b8230fc6cde5e80) Importer(815301076,1909f56bfc062723c751e8b465ee728b)  -> (artifact id: '623b8c0467933b647f87f04f7949b30d') in 0.024027 seconds 
========================================================================
Received Import Request.
  Time since last request: 3.320065 seconds.
  path: Assets/Scenes/GameplayStage1.unity
  artifactKey: Guid(2cda990e2423bbf4892e6590ba056729) Importer(815301076,1909f56bfc062723c751e8b465ee728b)
Start importing Assets/Scenes/GameplayStage1.unity using Guid(2cda990e2423bbf4892e6590ba056729) Importer(815301076,1909f56bfc062723c751e8b465ee728b)  -> (artifact id: 'bca6fead308572db23636dc188134857') in 0.019855 seconds 
========================================================================
Received Prepare
Registering precompiled user dll's ...
Registered in 0.022485 seconds.
Begin MonoManager ReloadAssembly
Symbol file LoadedFromMemory doesn't match image C:\Users\liopo\OneDrive\桌面\Unity Projects\Monster Evolution\Library\PackageCache\com.unity.visualscripting@1.7.8\Editor\VisualScripting.Core\Dependencies\YamlDotNet\Unity.VisualScripting.YamlDotNet.dll
Symbol file LoadedFromMemory doesn't match image C:\Users\liopo\OneDrive\桌面\Unity Projects\Monster Evolution\Library\PackageCache\com.unity.visualscripting@1.7.8\Editor\VisualScripting.Core\Dependencies\DotNetZip\Unity.VisualScripting.IonicZip.dll
Native extension for WindowsStandalone target not found
Native extension for iOS target not found
Native extension for WebGL target not found
Refreshing native plugins compatible for Editor in 5.77 ms, found 4 plugins.
Preloading 0 native plugins for Editor in 0.00 ms.
Mono: successfully reloaded assembly
- Completed reload, in 10.905 seconds
Domain Reload Profiling:
	ReloadAssembly (10918ms)
		BeginReloadAssembly (3337ms)
			ExecutionOrderSort (0ms)
			DisableScriptedObjects (517ms)
			BackupInstance (0ms)
			ReleaseScriptingObjects (1ms)
			CreateAndSetChildDomain (1912ms)
		EndReloadAssembly (7006ms)
			LoadAssemblies (832ms)
			RebuildTransferFunctionScriptingTraits (1ms)
			SetupTypeCache (2360ms)
			ReleaseScriptCaches (20ms)
			RebuildScriptCaches (473ms)
			SetupLoadedEditorAssemblies (2724ms)
				LogAssemblyErrors (0ms)
				InitializePlatformSupportModulesInManaged (199ms)
				SetLoadedEditorAssemblies (7ms)
				RefreshPlugins (6ms)
				BeforeProcessingInitializeOnLoad (392ms)
				ProcessInitializeOnLoadAttributes (1565ms)
				ProcessInitializeOnLoadMethodAttributes (511ms)
				AfterProcessingInitializeOnLoad (44ms)
				EditorAssembliesLoaded (1ms)
			ExecutionOrderSort2 (0ms)
			AwakeInstancesAfterBackupRestoration (87ms)
Platform modules already initialized, skipping
Refreshing native plugins compatible for Editor in 61.79 ms, found 4 plugins.
Preloading 0 native plugins for Editor in 0.00 ms.
Unloading 5460 Unused Serialized files (Serialized files now loaded: 0)
Unloading 35 unused Assets / (0.8 MB). Loaded Objects now: 6185.
Memory consumption went from 233.5 MB to 232.7 MB.
Total: 53.832000 ms (FindLiveObjects: 2.309300 ms CreateObjectMapping: 2.017600 ms MarkObjects: 47.343800 ms  DeleteObjects: 2.156100 ms)

AssetImportParameters requested are different than current active one (requested -> active):
  custom:video-decoder-ogg-theora: a1e56fd34408186e4bbccfd4996cb3dc -> 
  custom:container-muxer-webm: aa71ff27fc2769a1b78a27578f13a17b -> 
  custom:container-demuxer-webm: 4f35f7cbe854078d1ac9338744f61a02 -> 
  custom:video-encoder-webm-vp8: eb34c28f22e8b96e1ab97ce403110664 -> 
  custom:audio-encoder-webm-vorbis: bf7c407c2cedff20999df2af8eb42d56 -> 
  custom:framework-win-MediaFoundation: 216162199b28c13a410421893ffa2e32 -> 
  custom:container-demuxer-ogg: 62fdf1f143b41e24485cea50d1cbac27 -> 
  custom:video-decoder-webm-vp8: 9c59270c3fd7afecdb556c50c9e8de78 -> 
  custom:audio-decoder-ogg-vorbis: bf7c407c2cedff20999df2af8eb42d56 -> 
========================================================================
Received Prepare
Registering precompiled user dll's ...
Registered in 0.065880 seconds.
Begin MonoManager ReloadAssembly
Symbol file LoadedFromMemory doesn't match image C:\Users\liopo\OneDrive\桌面\Unity Projects\Monster Evolution\Library\PackageCache\com.unity.visualscripting@1.7.8\Editor\VisualScripting.Core\Dependencies\YamlDotNet\Unity.VisualScripting.YamlDotNet.dll
Symbol file LoadedFromMemory doesn't match image C:\Users\liopo\OneDrive\桌面\Unity Projects\Monster Evolution\Library\PackageCache\com.unity.visualscripting@1.7.8\Editor\VisualScripting.Core\Dependencies\DotNetZip\Unity.VisualScripting.IonicZip.dll
Native extension for WindowsStandalone target not found
Native extension for iOS target not found
Native extension for WebGL target not found
Refreshing native plugins compatible for Editor in 3.22 ms, found 4 plugins.
Preloading 0 native plugins for Editor in 0.00 ms.
Mono: successfully reloaded assembly
- Completed reload, in  8.374 seconds
Domain Reload Profiling:
	ReloadAssembly (8388ms)
		BeginReloadAssembly (3759ms)
			ExecutionOrderSort (0ms)
			DisableScriptedObjects (351ms)
			BackupInstance (0ms)
			ReleaseScriptingObjects (0ms)
			CreateAndSetChildDomain (2180ms)
		EndReloadAssembly (4012ms)
			LoadAssemblies (1038ms)
			RebuildTransferFunctionScriptingTraits (0ms)
			SetupTypeCache (1211ms)
			ReleaseScriptCaches (13ms)
			RebuildScriptCaches (169ms)
			SetupLoadedEditorAssemblies (1793ms)
				LogAssemblyErrors (0ms)
				InitializePlatformSupportModulesInManaged (114ms)
				SetLoadedEditorAssemblies (5ms)
				RefreshPlugins (3ms)
				BeforeProcessingInitializeOnLoad (298ms)
				ProcessInitializeOnLoadAttributes (962ms)
				ProcessInitializeOnLoadMethodAttributes (384ms)
				AfterProcessingInitializeOnLoad (25ms)
				EditorAssembliesLoaded (1ms)
			ExecutionOrderSort2 (0ms)
			AwakeInstancesAfterBackupRestoration (59ms)
Platform modules already initialized, skipping
Refreshing native plugins compatible for Editor in 20.46 ms, found 4 plugins.
Preloading 0 native plugins for Editor in 0.00 ms.
Unloading 5460 Unused Serialized files (Serialized files now loaded: 0)
Unloading 35 unused Assets / (0.8 MB). Loaded Objects now: 6188.
Memory consumption went from 233.5 MB to 232.7 MB.
Total: 34.238600 ms (FindLiveObjects: 2.048800 ms CreateObjectMapping: 1.381000 ms MarkObjects: 28.064300 ms  DeleteObjects: 2.740000 ms)

AssetImportParameters requested are different than current active one (requested -> active):
  custom:video-decoder-ogg-theora: a1e56fd34408186e4bbccfd4996cb3dc -> 
  custom:container-muxer-webm: aa71ff27fc2769a1b78a27578f13a17b -> 
  custom:container-demuxer-webm: 4f35f7cbe854078d1ac9338744f61a02 -> 
  custom:video-encoder-webm-vp8: eb34c28f22e8b96e1ab97ce403110664 -> 
  custom:audio-encoder-webm-vorbis: bf7c407c2cedff20999df2af8eb42d56 -> 
  custom:framework-win-MediaFoundation: 216162199b28c13a410421893ffa2e32 -> 
  custom:container-demuxer-ogg: 62fdf1f143b41e24485cea50d1cbac27 -> 
  custom:video-decoder-webm-vp8: 9c59270c3fd7afecdb556c50c9e8de78 -> 
  custom:audio-decoder-ogg-vorbis: bf7c407c2cedff20999df2af8eb42d56 -> 
========================================================================
Received Prepare
Registering precompiled user dll's ...
Registered in 0.029061 seconds.
Begin MonoManager ReloadAssembly
Symbol file LoadedFromMemory doesn't match image C:\Users\liopo\OneDrive\桌面\Unity Projects\Monster Evolution\Library\PackageCache\com.unity.visualscripting@1.7.8\Editor\VisualScripting.Core\Dependencies\YamlDotNet\Unity.VisualScripting.YamlDotNet.dll
Symbol file LoadedFromMemory doesn't match image C:\Users\liopo\OneDrive\桌面\Unity Projects\Monster Evolution\Library\PackageCache\com.unity.visualscripting@1.7.8\Editor\VisualScripting.Core\Dependencies\DotNetZip\Unity.VisualScripting.IonicZip.dll
Native extension for WindowsStandalone target not found
Native extension for iOS target not found
Native extension for WebGL target not found
Refreshing native plugins compatible for Editor in 4.42 ms, found 4 plugins.
Preloading 0 native plugins for Editor in 0.00 ms.
Mono: successfully reloaded assembly
- Completed reload, in  8.992 seconds
Domain Reload Profiling:
	ReloadAssembly (9007ms)
		BeginReloadAssembly (2428ms)
			ExecutionOrderSort (0ms)
			DisableScriptedObjects (244ms)
			BackupInstance (0ms)
			ReleaseScriptingObjects (1ms)
			CreateAndSetChildDomain (1295ms)
		EndReloadAssembly (6015ms)
			LoadAssemblies (960ms)
			RebuildTransferFunctionScriptingTraits (4ms)
			SetupTypeCache (1637ms)
			ReleaseScriptCaches (11ms)
			RebuildScriptCaches (222ms)
			SetupLoadedEditorAssemblies (3095ms)
				LogAssemblyErrors (0ms)
				InitializePlatformSupportModulesInManaged (94ms)
				SetLoadedEditorAssemblies (12ms)
				RefreshPlugins (5ms)
				BeforeProcessingInitializeOnLoad (487ms)
				ProcessInitializeOnLoadAttributes (1793ms)
				ProcessInitializeOnLoadMethodAttributes (649ms)
				AfterProcessingInitializeOnLoad (52ms)
				EditorAssembliesLoaded (2ms)
			ExecutionOrderSort2 (0ms)
			AwakeInstancesAfterBackupRestoration (107ms)
Platform modules already initialized, skipping
Refreshing native plugins compatible for Editor in 31.30 ms, found 4 plugins.
Preloading 0 native plugins for Editor in 0.00 ms.
Unloading 5460 Unused Serialized files (Serialized files now loaded: 0)
Unloading 35 unused Assets / (0.8 MB). Loaded Objects now: 6191.
Memory consumption went from 233.5 MB to 232.7 MB.
Total: 39.104200 ms (FindLiveObjects: 2.197800 ms CreateObjectMapping: 1.531600 ms MarkObjects: 33.093600 ms  DeleteObjects: 2.276300 ms)

AssetImportParameters requested are different than current active one (requested -> active):
  custom:video-decoder-ogg-theora: a1e56fd34408186e4bbccfd4996cb3dc -> 
  custom:container-muxer-webm: aa71ff27fc2769a1b78a27578f13a17b -> 
  custom:container-demuxer-webm: 4f35f7cbe854078d1ac9338744f61a02 -> 
  custom:video-encoder-webm-vp8: eb34c28f22e8b96e1ab97ce403110664 -> 
  custom:audio-encoder-webm-vorbis: bf7c407c2cedff20999df2af8eb42d56 -> 
  custom:framework-win-MediaFoundation: 216162199b28c13a410421893ffa2e32 -> 
  custom:container-demuxer-ogg: 62fdf1f143b41e24485cea50d1cbac27 -> 
  custom:video-decoder-webm-vp8: 9c59270c3fd7afecdb556c50c9e8de78 -> 
  custom:audio-decoder-ogg-vorbis: bf7c407c2cedff20999df2af8eb42d56 -> 
========================================================================
Received Prepare
Registering precompiled user dll's ...
Registered in 0.031974 seconds.
Begin MonoManager ReloadAssembly
Symbol file LoadedFromMemory doesn't match image C:\Users\liopo\OneDrive\桌面\Unity Projects\Monster Evolution\Library\PackageCache\com.unity.visualscripting@1.7.8\Editor\VisualScripting.Core\Dependencies\YamlDotNet\Unity.VisualScripting.YamlDotNet.dll
Symbol file LoadedFromMemory doesn't match image C:\Users\liopo\OneDrive\桌面\Unity Projects\Monster Evolution\Library\PackageCache\com.unity.visualscripting@1.7.8\Editor\VisualScripting.Core\Dependencies\DotNetZip\Unity.VisualScripting.IonicZip.dll
Native extension for WindowsStandalone target not found
Native extension for iOS target not found
Native extension for WebGL target not found
Refreshing native plugins compatible for Editor in 19.92 ms, found 4 plugins.
Preloading 0 native plugins for Editor in 0.00 ms.
Mono: successfully reloaded assembly
- Completed reload, in  9.564 seconds
Domain Reload Profiling:
	ReloadAssembly (9598ms)
		BeginReloadAssembly (3374ms)
			ExecutionOrderSort (0ms)
			DisableScriptedObjects (354ms)
			BackupInstance (0ms)
			ReleaseScriptingObjects (0ms)
			CreateAndSetChildDomain (1988ms)
		EndReloadAssembly (5466ms)
			LoadAssemblies (1014ms)
			RebuildTransferFunctionScriptingTraits (1ms)
			SetupTypeCache (2086ms)
			ReleaseScriptCaches (12ms)
			RebuildScriptCaches (245ms)
			SetupLoadedEditorAssemblies (1956ms)
				LogAssemblyErrors (0ms)
				InitializePlatformSupportModulesInManaged (145ms)
				SetLoadedEditorAssemblies (5ms)
				RefreshPlugins (20ms)
				BeforeProcessingInitializeOnLoad (421ms)
				ProcessInitializeOnLoadAttributes (1027ms)
				ProcessInitializeOnLoadMethodAttributes (318ms)
				AfterProcessingInitializeOnLoad (19ms)
				EditorAssembliesLoaded (1ms)
			ExecutionOrderSort2 (0ms)
			AwakeInstancesAfterBackupRestoration (50ms)
Platform modules already initialized, skipping
Refreshing native plugins compatible for Editor in 12.92 ms, found 4 plugins.
Preloading 0 native plugins for Editor in 0.00 ms.
Unloading 5460 Unused Serialized files (Serialized files now loaded: 0)
Unloading 35 unused Assets / (0.8 MB). Loaded Objects now: 6194.
Memory consumption went from 233.5 MB to 232.8 MB.
Total: 20.072700 ms (FindLiveObjects: 1.206800 ms CreateObjectMapping: 0.752100 ms MarkObjects: 16.932300 ms  DeleteObjects: 1.178500 ms)

AssetImportParameters requested are different than current active one (requested -> active):
  custom:video-decoder-ogg-theora: a1e56fd34408186e4bbccfd4996cb3dc -> 
  custom:container-muxer-webm: aa71ff27fc2769a1b78a27578f13a17b -> 
  custom:container-demuxer-webm: 4f35f7cbe854078d1ac9338744f61a02 -> 
  custom:video-encoder-webm-vp8: eb34c28f22e8b96e1ab97ce403110664 -> 
  custom:audio-encoder-webm-vorbis: bf7c407c2cedff20999df2af8eb42d56 -> 
  custom:framework-win-MediaFoundation: 216162199b28c13a410421893ffa2e32 -> 
  custom:container-demuxer-ogg: 62fdf1f143b41e24485cea50d1cbac27 -> 
  custom:video-decoder-webm-vp8: 9c59270c3fd7afecdb556c50c9e8de78 -> 
  custom:audio-decoder-ogg-vorbis: bf7c407c2cedff20999df2af8eb42d56 -> 
========================================================================
Received Prepare
Registering precompiled user dll's ...
Registered in 0.021517 seconds.
Begin MonoManager ReloadAssembly
Symbol file LoadedFromMemory doesn't match image C:\Users\liopo\OneDrive\桌面\Unity Projects\Monster Evolution\Library\PackageCache\com.unity.visualscripting@1.7.8\Editor\VisualScripting.Core\Dependencies\YamlDotNet\Unity.VisualScripting.YamlDotNet.dll
Symbol file LoadedFromMemory doesn't match image C:\Users\liopo\OneDrive\桌面\Unity Projects\Monster Evolution\Library\PackageCache\com.unity.visualscripting@1.7.8\Editor\VisualScripting.Core\Dependencies\DotNetZip\Unity.VisualScripting.IonicZip.dll
Native extension for WindowsStandalone target not found
Native extension for iOS target not found
Native extension for WebGL target not found
Refreshing native plugins compatible for Editor in 46.69 ms, found 4 plugins.
Preloading 0 native plugins for Editor in 0.00 ms.
Mono: successfully reloaded assembly
- Completed reload, in  9.251 seconds
Domain Reload Profiling:
	ReloadAssembly (9255ms)
		BeginReloadAssembly (931ms)
			ExecutionOrderSort (0ms)
			DisableScriptedObjects (65ms)
			BackupInstance (0ms)
			ReleaseScriptingObjects (1ms)
			CreateAndSetChildDomain (282ms)
		EndReloadAssembly (7580ms)
			LoadAssemblies (707ms)
			RebuildTransferFunctionScriptingTraits (0ms)
			SetupTypeCache (2211ms)
			ReleaseScriptCaches (13ms)
			RebuildScriptCaches (482ms)
			SetupLoadedEditorAssemblies (3598ms)
				LogAssemblyErrors (0ms)
				InitializePlatformSupportModulesInManaged (227ms)
				SetLoadedEditorAssemblies (8ms)
				RefreshPlugins (47ms)
				BeforeProcessingInitializeOnLoad (795ms)
				ProcessInitializeOnLoadAttributes (1717ms)
				ProcessInitializeOnLoadMethodAttributes (758ms)
				AfterProcessingInitializeOnLoad (44ms)
				EditorAssembliesLoaded (2ms)
			ExecutionOrderSort2 (0ms)
			AwakeInstancesAfterBackupRestoration (68ms)
Platform modules already initialized, skipping
Refreshing native plugins compatible for Editor in 69.36 ms, found 4 plugins.
Preloading 0 native plugins for Editor in 0.00 ms.
Unloading 5460 Unused Serialized files (Serialized files now loaded: 0)
Unloading 35 unused Assets / (0.8 MB). Loaded Objects now: 6197.
Memory consumption went from 233.5 MB to 232.8 MB.
Total: 77.519200 ms (FindLiveObjects: 5.030800 ms CreateObjectMapping: 4.681100 ms MarkObjects: 66.087800 ms  DeleteObjects: 1.714700 ms)

AssetImportParameters requested are different than current active one (requested -> active):
  custom:video-decoder-ogg-theora: a1e56fd34408186e4bbccfd4996cb3dc -> 
  custom:container-muxer-webm: aa71ff27fc2769a1b78a27578f13a17b -> 
  custom:container-demuxer-webm: 4f35f7cbe854078d1ac9338744f61a02 -> 
  custom:video-encoder-webm-vp8: eb34c28f22e8b96e1ab97ce403110664 -> 
  custom:audio-encoder-webm-vorbis: bf7c407c2cedff20999df2af8eb42d56 -> 
  custom:framework-win-MediaFoundation: 216162199b28c13a410421893ffa2e32 -> 
  custom:container-demuxer-ogg: 62fdf1f143b41e24485cea50d1cbac27 -> 
  custom:video-decoder-webm-vp8: 9c59270c3fd7afecdb556c50c9e8de78 -> 
  custom:audio-decoder-ogg-vorbis: bf7c407c2cedff20999df2af8eb42d56 -> 
========================================================================
Received Import Request.
  Time since last request: 994.421510 seconds.
  path: Assets/Scripts/UI/MainMenu/PauseManager.cs
  artifactKey: Guid(6d37ebee85ab3324fa221f29d5d97129) Importer(815301076,1909f56bfc062723c751e8b465ee728b)
Start importing Assets/Scripts/UI/MainMenu/PauseManager.cs using Guid(6d37ebee85ab3324fa221f29d5d97129) Importer(815301076,1909f56bfc062723c751e8b465ee728b)  -> (artifact id: '6be2b11dfdd85690fe84df60f2d3f1e1') in 0.040225 seconds 
========================================================================
Received Prepare
Registering precompiled user dll's ...
Registered in 0.110219 seconds.
Begin MonoManager ReloadAssembly
Symbol file LoadedFromMemory doesn't match image C:\Users\liopo\OneDrive\桌面\Unity Projects\Monster Evolution\Library\PackageCache\com.unity.visualscripting@1.7.8\Editor\VisualScripting.Core\Dependencies\YamlDotNet\Unity.VisualScripting.YamlDotNet.dll
Symbol file LoadedFromMemory doesn't match image C:\Users\liopo\OneDrive\桌面\Unity Projects\Monster Evolution\Library\PackageCache\com.unity.visualscripting@1.7.8\Editor\VisualScripting.Core\Dependencies\DotNetZip\Unity.VisualScripting.IonicZip.dll
Native extension for WindowsStandalone target not found
Native extension for iOS target not found
Native extension for WebGL target not found
Refreshing native plugins compatible for Editor in 3.22 ms, found 4 plugins.
Preloading 0 native plugins for Editor in 0.00 ms.
Mono: successfully reloaded assembly
- Completed reload, in  8.446 seconds
Domain Reload Profiling:
	ReloadAssembly (8464ms)
		BeginReloadAssembly (3140ms)
			ExecutionOrderSort (0ms)
			DisableScriptedObjects (261ms)
			BackupInstance (0ms)
			ReleaseScriptingObjects (1ms)
			CreateAndSetChildDomain (1890ms)
		EndReloadAssembly (4806ms)
			LoadAssemblies (1029ms)
			RebuildTransferFunctionScriptingTraits (2ms)
			SetupTypeCache (1361ms)
			ReleaseScriptCaches (16ms)
			RebuildScriptCaches (225ms)
			SetupLoadedEditorAssemblies (2011ms)
				LogAssemblyErrors (0ms)
				InitializePlatformSupportModulesInManaged (78ms)
				SetLoadedEditorAssemblies (2ms)
				RefreshPlugins (3ms)
				BeforeProcessingInitializeOnLoad (238ms)
				ProcessInitializeOnLoadAttributes (1006ms)
				ProcessInitializeOnLoadMethodAttributes (638ms)
				AfterProcessingInitializeOnLoad (44ms)
				EditorAssembliesLoaded (1ms)
			ExecutionOrderSort2 (0ms)
			AwakeInstancesAfterBackupRestoration (69ms)
Platform modules already initialized, skipping
Refreshing native plugins compatible for Editor in 20.94 ms, found 4 plugins.
Preloading 0 native plugins for Editor in 0.00 ms.
Unloading 5460 Unused Serialized files (Serialized files now loaded: 0)
Unloading 35 unused Assets / (0.8 MB). Loaded Objects now: 6200.
Memory consumption went from 233.6 MB to 232.8 MB.
Total: 27.058800 ms (FindLiveObjects: 1.326300 ms CreateObjectMapping: 1.051000 ms MarkObjects: 19.745900 ms  DeleteObjects: 4.931900 ms)

AssetImportParameters requested are different than current active one (requested -> active):
  custom:video-decoder-ogg-theora: a1e56fd34408186e4bbccfd4996cb3dc -> 
  custom:container-muxer-webm: aa71ff27fc2769a1b78a27578f13a17b -> 
  custom:container-demuxer-webm: 4f35f7cbe854078d1ac9338744f61a02 -> 
  custom:video-encoder-webm-vp8: eb34c28f22e8b96e1ab97ce403110664 -> 
  custom:audio-encoder-webm-vorbis: bf7c407c2cedff20999df2af8eb42d56 -> 
  custom:framework-win-MediaFoundation: 216162199b28c13a410421893ffa2e32 -> 
  custom:container-demuxer-ogg: 62fdf1f143b41e24485cea50d1cbac27 -> 
  custom:video-decoder-webm-vp8: 9c59270c3fd7afecdb556c50c9e8de78 -> 
  custom:audio-decoder-ogg-vorbis: bf7c407c2cedff20999df2af8eb42d56 -> 
========================================================================
Received Prepare
Registering precompiled user dll's ...
Registered in 0.037378 seconds.
Begin MonoManager ReloadAssembly
Symbol file LoadedFromMemory doesn't match image C:\Users\liopo\OneDrive\桌面\Unity Projects\Monster Evolution\Library\PackageCache\com.unity.visualscripting@1.7.8\Editor\VisualScripting.Core\Dependencies\YamlDotNet\Unity.VisualScripting.YamlDotNet.dll
Symbol file LoadedFromMemory doesn't match image C:\Users\liopo\OneDrive\桌面\Unity Projects\Monster Evolution\Library\PackageCache\com.unity.visualscripting@1.7.8\Editor\VisualScripting.Core\Dependencies\DotNetZip\Unity.VisualScripting.IonicZip.dll
Native extension for WindowsStandalone target not found
Native extension for iOS target not found
Native extension for WebGL target not found
Refreshing native plugins compatible for Editor in 7.34 ms, found 4 plugins.
Preloading 0 native plugins for Editor in 0.00 ms.
Mono: successfully reloaded assembly
- Completed reload, in 12.093 seconds
Domain Reload Profiling:
	ReloadAssembly (12102ms)
		BeginReloadAssembly (4108ms)
			ExecutionOrderSort (0ms)
			DisableScriptedObjects (975ms)
			BackupInstance (0ms)
			ReleaseScriptingObjects (1ms)
			CreateAndSetChildDomain (1424ms)
		EndReloadAssembly (7092ms)
			LoadAssemblies (1655ms)
			RebuildTransferFunctionScriptingTraits (0ms)
			SetupTypeCache (2050ms)
			ReleaseScriptCaches (21ms)
			RebuildScriptCaches (362ms)
			SetupLoadedEditorAssemblies (3450ms)
				LogAssemblyErrors (0ms)
				InitializePlatformSupportModulesInManaged (141ms)
				SetLoadedEditorAssemblies (6ms)
				RefreshPlugins (8ms)
				BeforeProcessingInitializeOnLoad (569ms)
				ProcessInitializeOnLoadAttributes (1921ms)
				ProcessInitializeOnLoadMethodAttributes (764ms)
				AfterProcessingInitializeOnLoad (41ms)
				EditorAssembliesLoaded (1ms)
			ExecutionOrderSort2 (0ms)
			AwakeInstancesAfterBackupRestoration (83ms)
Platform modules already initialized, skipping
Refreshing native plugins compatible for Editor in 33.27 ms, found 4 plugins.
Preloading 0 native plugins for Editor in 0.00 ms.
Unloading 5460 Unused Serialized files (Serialized files now loaded: 0)
Unloading 35 unused Assets / (0.8 MB). Loaded Objects now: 6203.
Memory consumption went from 233.6 MB to 232.8 MB.
Total: 41.523800 ms (FindLiveObjects: 2.021700 ms CreateObjectMapping: 1.779500 ms MarkObjects: 35.857500 ms  DeleteObjects: 1.859500 ms)

AssetImportParameters requested are different than current active one (requested -> active):
  custom:video-decoder-ogg-theora: a1e56fd34408186e4bbccfd4996cb3dc -> 
  custom:container-muxer-webm: aa71ff27fc2769a1b78a27578f13a17b -> 
  custom:container-demuxer-webm: 4f35f7cbe854078d1ac9338744f61a02 -> 
  custom:video-encoder-webm-vp8: eb34c28f22e8b96e1ab97ce403110664 -> 
  custom:audio-encoder-webm-vorbis: bf7c407c2cedff20999df2af8eb42d56 -> 
  custom:framework-win-MediaFoundation: 216162199b28c13a410421893ffa2e32 -> 
  custom:container-demuxer-ogg: 62fdf1f143b41e24485cea50d1cbac27 -> 
  custom:video-decoder-webm-vp8: 9c59270c3fd7afecdb556c50c9e8de78 -> 
  custom:audio-decoder-ogg-vorbis: bf7c407c2cedff20999df2af8eb42d56 -> 
