Using pre-set license
Built from '2021.3/staging' branch; Version is '2021.3.8f1 (b30333d56e81) revision 11731763'; Using compiler version '192829333'; Build Type 'Release'
OS: 'Windows 11  (10.0.22631) 64bit Core' Language: 'en' Physical Memory: 8006 MB
BatchMode: 1, IsHumanControllingUs: 0, StartBugReporterOnCrash: 0, Is64bit: 1, IsPro: 1

COMMAND LINE ARGUMENTS:
C:\Program Files\Unity\Hub\Editor\2021.3.8f1\Editor\Unity.exe
-adb2
-batchMode
-noUpm
-name
AssetImportWorker4
-projectPath
C:/Users/liopo/OneDrive/桌面/Unity Projects/Monster Evolution
-logFile
Logs/AssetImportWorker4.log
-srvPort
56419
Successfully changed project path to: C:/Users/liopo/OneDrive/桌面/Unity Projects/Monster Evolution
C:/Users/liopo/OneDrive/桌面/Unity Projects/Monster Evolution
[UnityMemory] Configuration Parameters - Can be set up in boot.config
    "memorysetup-bucket-allocator-granularity=16"
    "memorysetup-bucket-allocator-bucket-count=8"
    "memorysetup-bucket-allocator-block-size=33554432"
    "memorysetup-bucket-allocator-block-count=8"
    "memorysetup-main-allocator-block-size=16777216"
    "memorysetup-thread-allocator-block-size=16777216"
    "memorysetup-gfx-main-allocator-block-size=16777216"
    "memorysetup-gfx-thread-allocator-block-size=16777216"
    "memorysetup-cache-allocator-block-size=4194304"
    "memorysetup-typetree-allocator-block-size=2097152"
    "memorysetup-profiler-bucket-allocator-granularity=16"
    "memorysetup-profiler-bucket-allocator-bucket-count=8"
    "memorysetup-profiler-bucket-allocator-block-size=33554432"
    "memorysetup-profiler-bucket-allocator-block-count=8"
    "memorysetup-profiler-allocator-block-size=16777216"
    "memorysetup-profiler-editor-allocator-block-size=1048576"
    "memorysetup-temp-allocator-size-main=16777216"
    "memorysetup-job-temp-allocator-block-size=2097152"
    "memorysetup-job-temp-allocator-block-size-background=1048576"
    "memorysetup-job-temp-allocator-reduction-small-platforms=262144"
    "memorysetup-temp-allocator-size-background-worker=32768"
    "memorysetup-temp-allocator-size-job-worker=262144"
    "memorysetup-temp-allocator-size-preload-manager=33554432"
    "memorysetup-temp-allocator-size-nav-mesh-worker=65536"
    "memorysetup-temp-allocator-size-audio-worker=65536"
    "memorysetup-temp-allocator-size-cloud-worker=32768"
    "memorysetup-temp-allocator-size-gi-baking-worker=262144"
    "memorysetup-temp-allocator-size-gfx=262144"
Refreshing native plugins compatible for Editor in 607.86 ms, found 4 plugins.
Preloading 0 native plugins for Editor in 0.00 ms.
Initialize engine version: 2021.3.8f1 (b30333d56e81)
[Subsystems] Discovering subsystems at path C:/Program Files/Unity/Hub/Editor/2021.3.8f1/Editor/Data/Resources/UnitySubsystems
[Subsystems] Discovering subsystems at path C:/Users/liopo/OneDrive/桌面/Unity Projects/Monster Evolution/Assets
GfxDevice: creating device client; threaded=0; jobified=0
Direct3D:
    Version:  Direct3D 11.0 [level 11.1]
    Renderer: Intel(R) UHD Graphics 620 (ID=0x3ea0)
    Vendor:   Intel
    VRAM:     4003 MB
    Driver:   27.20.100.8681
Initialize mono
Mono path[0] = 'C:/Program Files/Unity/Hub/Editor/2021.3.8f1/Editor/Data/Managed'
Mono path[1] = 'C:/Program Files/Unity/Hub/Editor/2021.3.8f1/Editor/Data/MonoBleedingEdge/lib/mono/unityjit-win32'
Mono config path = 'C:/Program Files/Unity/Hub/Editor/2021.3.8f1/Editor/Data/MonoBleedingEdge/etc'
Using monoOptions --debugger-agent=transport=dt_socket,embedding=1,server=y,suspend=n,address=127.0.0.1:56812
Begin MonoManager ReloadAssembly
Registering precompiled unity dll's ...
Register platform support module: C:/Program Files/Unity/Hub/Editor/2021.3.8f1/Editor/Data/PlaybackEngines/WebGLSupport/UnityEditor.WebGL.Extensions.dll
Register platform support module: C:/Program Files/Unity/Hub/Editor/2021.3.8f1/Editor/Data/PlaybackEngines/iOSSupport/UnityEditor.iOS.Extensions.dll
Register platform support module: C:/Program Files/Unity/Hub/Editor/2021.3.8f1/Editor/Data/PlaybackEngines/WindowsStandaloneSupport/UnityEditor.WindowsStandalone.Extensions.dll
Registered in 0.025330 seconds.
Native extension for WindowsStandalone target not found
[usbmuxd] Start listen thread
[usbmuxd] Listen thread started
Native extension for iOS target not found
Native extension for WebGL target not found
Refreshing native plugins compatible for Editor in 365.75 ms, found 4 plugins.
Preloading 0 native plugins for Editor in 0.00 ms.
Mono: successfully reloaded assembly
- Completed reload, in  2.801 seconds
Domain Reload Profiling:
	ReloadAssembly (2803ms)
		BeginReloadAssembly (646ms)
			ExecutionOrderSort (0ms)
			DisableScriptedObjects (0ms)
			BackupInstance (0ms)
			ReleaseScriptingObjects (0ms)
			CreateAndSetChildDomain (3ms)
		EndReloadAssembly (1784ms)
			LoadAssemblies (639ms)
			RebuildTransferFunctionScriptingTraits (0ms)
			SetupTypeCache (444ms)
			ReleaseScriptCaches (0ms)
			RebuildScriptCaches (79ms)
			SetupLoadedEditorAssemblies (1111ms)
				LogAssemblyErrors (0ms)
				InitializePlatformSupportModulesInManaged (68ms)
				SetLoadedEditorAssemblies (1ms)
				RefreshPlugins (366ms)
				BeforeProcessingInitializeOnLoad (3ms)
				ProcessInitializeOnLoadAttributes (449ms)
				ProcessInitializeOnLoadMethodAttributes (225ms)
				AfterProcessingInitializeOnLoad (0ms)
				EditorAssembliesLoaded (0ms)
			ExecutionOrderSort2 (0ms)
			AwakeInstancesAfterBackupRestoration (0ms)
Platform modules already initialized, skipping
Registering precompiled user dll's ...
Registered in 0.032144 seconds.
Begin MonoManager ReloadAssembly
Symbol file LoadedFromMemory doesn't match image C:\Users\liopo\OneDrive\桌面\Unity Projects\Monster Evolution\Library\PackageCache\com.unity.visualscripting@1.7.8\Editor\VisualScripting.Core\Dependencies\YamlDotNet\Unity.VisualScripting.YamlDotNet.dll
Symbol file LoadedFromMemory doesn't match image C:\Users\liopo\OneDrive\桌面\Unity Projects\Monster Evolution\Library\PackageCache\com.unity.visualscripting@1.7.8\Editor\VisualScripting.Core\Dependencies\DotNetZip\Unity.VisualScripting.IonicZip.dll
Native extension for WindowsStandalone target not found
Native extension for iOS target not found
Native extension for WebGL target not found
Refreshing native plugins compatible for Editor in 617.97 ms, found 4 plugins.
Preloading 0 native plugins for Editor in 0.00 ms.
Mono: successfully reloaded assembly
- Completed reload, in  7.361 seconds
Domain Reload Profiling:
	ReloadAssembly (7363ms)
		BeginReloadAssembly (475ms)
			ExecutionOrderSort (0ms)
			DisableScriptedObjects (19ms)
			BackupInstance (0ms)
			ReleaseScriptingObjects (1ms)
			CreateAndSetChildDomain (64ms)
		EndReloadAssembly (6431ms)
			LoadAssemblies (658ms)
			RebuildTransferFunctionScriptingTraits (0ms)
			SetupTypeCache (1227ms)
			ReleaseScriptCaches (3ms)
			RebuildScriptCaches (386ms)
			SetupLoadedEditorAssemblies (3868ms)
				LogAssemblyErrors (0ms)
				InitializePlatformSupportModulesInManaged (98ms)
				SetLoadedEditorAssemblies (1ms)
				RefreshPlugins (618ms)
				BeforeProcessingInitializeOnLoad (823ms)
				ProcessInitializeOnLoadAttributes (1849ms)
				ProcessInitializeOnLoadMethodAttributes (444ms)
				AfterProcessingInitializeOnLoad (33ms)
				EditorAssembliesLoaded (1ms)
			ExecutionOrderSort2 (0ms)
			AwakeInstancesAfterBackupRestoration (26ms)
Platform modules already initialized, skipping
========================================================================
Worker process is ready to serve import requests
Launched and connected shader compiler UnityShaderCompiler.exe after 0.38 seconds
Refreshing native plugins compatible for Editor in 6.47 ms, found 4 plugins.
Preloading 0 native plugins for Editor in 0.00 ms.
Unloading 5588 Unused Serialized files (Serialized files now loaded: 0)
Unloading 47 unused Assets / (0.8 MB). Loaded Objects now: 6054.
Memory consumption went from 235.5 MB to 234.7 MB.
Total: 42.822400 ms (FindLiveObjects: 2.547300 ms CreateObjectMapping: 7.121600 ms MarkObjects: 31.497900 ms  DeleteObjects: 1.650900 ms)

AssetImportParameters requested are different than current active one (requested -> active):
  custom:video-decoder-ogg-theora: a1e56fd34408186e4bbccfd4996cb3dc -> 
  custom:container-muxer-webm: aa71ff27fc2769a1b78a27578f13a17b -> 
  custom:container-demuxer-webm: 4f35f7cbe854078d1ac9338744f61a02 -> 
  custom:video-encoder-webm-vp8: eb34c28f22e8b96e1ab97ce403110664 -> 
  custom:audio-encoder-webm-vorbis: bf7c407c2cedff20999df2af8eb42d56 -> 
  custom:framework-win-MediaFoundation: 216162199b28c13a410421893ffa2e32 -> 
  custom:container-demuxer-ogg: 62fdf1f143b41e24485cea50d1cbac27 -> 
  custom:video-decoder-webm-vp8: 9c59270c3fd7afecdb556c50c9e8de78 -> 
  custom:audio-decoder-ogg-vorbis: bf7c407c2cedff20999df2af8eb42d56 -> 
========================================================================
Received Import Request.
  Time since last request: 1231928.997143 seconds.
  path: Assets/Scripts/Player/Weapons/WeaponData.cs
  artifactKey: Guid(74b06f7d6fbcab94cb1aa96df6de1b52) Importer(815301076,1909f56bfc062723c751e8b465ee728b)
Start importing Assets/Scripts/Player/Weapons/WeaponData.cs using Guid(74b06f7d6fbcab94cb1aa96df6de1b52) Importer(815301076,1909f56bfc062723c751e8b465ee728b)  -> (artifact id: '00000000000000000000000000000000') in 0.555956 seconds  code(4) message(Build asset version error: assets/scripts/player/weapons/weapondata.cs in SourceAssetDB has modification time of '2024-01-04T05:00:34.8556208Z' while content on disk has modification time of '2024-07-27T06:03:52.3082122Z')
  ERROR: Build asset version error: assets/scripts/player/weapons/weapondata.cs in SourceAssetDB has modification time of '2024-01-04T05:00:34.8556208Z' while content on disk has modification time of '2024-07-27T06:03:52.3082122Z'
========================================================================
Received Prepare
Registering precompiled user dll's ...
Registered in 0.026047 seconds.
Begin MonoManager ReloadAssembly
Symbol file LoadedFromMemory doesn't match image C:\Users\liopo\OneDrive\桌面\Unity Projects\Monster Evolution\Library\PackageCache\com.unity.visualscripting@1.7.8\Editor\VisualScripting.Core\Dependencies\YamlDotNet\Unity.VisualScripting.YamlDotNet.dll
Symbol file LoadedFromMemory doesn't match image C:\Users\liopo\OneDrive\桌面\Unity Projects\Monster Evolution\Library\PackageCache\com.unity.visualscripting@1.7.8\Editor\VisualScripting.Core\Dependencies\DotNetZip\Unity.VisualScripting.IonicZip.dll
Native extension for WindowsStandalone target not found
Native extension for iOS target not found
Native extension for WebGL target not found
Refreshing native plugins compatible for Editor in 8.01 ms, found 4 plugins.
Preloading 0 native plugins for Editor in 0.00 ms.
Mono: successfully reloaded assembly
- Completed reload, in  8.875 seconds
Domain Reload Profiling:
	ReloadAssembly (8894ms)
		BeginReloadAssembly (2714ms)
			ExecutionOrderSort (0ms)
			DisableScriptedObjects (361ms)
			BackupInstance (0ms)
			ReleaseScriptingObjects (1ms)
			CreateAndSetChildDomain (1137ms)
		EndReloadAssembly (5527ms)
			LoadAssemblies (1241ms)
			RebuildTransferFunctionScriptingTraits (1ms)
			SetupTypeCache (2335ms)
			ReleaseScriptCaches (14ms)
			RebuildScriptCaches (388ms)
			SetupLoadedEditorAssemblies (1840ms)
				LogAssemblyErrors (0ms)
				InitializePlatformSupportModulesInManaged (114ms)
				SetLoadedEditorAssemblies (4ms)
				RefreshPlugins (8ms)
				BeforeProcessingInitializeOnLoad (367ms)
				ProcessInitializeOnLoadAttributes (991ms)
				ProcessInitializeOnLoadMethodAttributes (324ms)
				AfterProcessingInitializeOnLoad (31ms)
				EditorAssembliesLoaded (1ms)
			ExecutionOrderSort2 (0ms)
			AwakeInstancesAfterBackupRestoration (52ms)
Platform modules already initialized, skipping
Refreshing native plugins compatible for Editor in 39.90 ms, found 4 plugins.
Preloading 0 native plugins for Editor in 0.00 ms.
Unloading 5449 Unused Serialized files (Serialized files now loaded: 0)
Unloading 35 unused Assets / (0.8 MB). Loaded Objects now: 6057.
Memory consumption went from 226.4 MB to 225.7 MB.
Total: 133.249000 ms (FindLiveObjects: 25.811600 ms CreateObjectMapping: 4.160600 ms MarkObjects: 100.753900 ms  DeleteObjects: 2.517800 ms)

AssetImportParameters requested are different than current active one (requested -> active):
  custom:video-decoder-ogg-theora: a1e56fd34408186e4bbccfd4996cb3dc -> 
  custom:container-muxer-webm: aa71ff27fc2769a1b78a27578f13a17b -> 
  custom:container-demuxer-webm: 4f35f7cbe854078d1ac9338744f61a02 -> 
  custom:video-encoder-webm-vp8: eb34c28f22e8b96e1ab97ce403110664 -> 
  custom:audio-encoder-webm-vorbis: bf7c407c2cedff20999df2af8eb42d56 -> 
  custom:framework-win-MediaFoundation: 216162199b28c13a410421893ffa2e32 -> 
  custom:container-demuxer-ogg: 62fdf1f143b41e24485cea50d1cbac27 -> 
  custom:video-decoder-webm-vp8: 9c59270c3fd7afecdb556c50c9e8de78 -> 
  custom:audio-decoder-ogg-vorbis: bf7c407c2cedff20999df2af8eb42d56 -> 
========================================================================
Received Import Request.
  Time since last request: 200.783235 seconds.
  path: Assets/Items/WeaponData/Whip.asset
  artifactKey: Guid(5f39a36f7339d0046819c38e1f6c201a) Importer(815301076,1909f56bfc062723c751e8b465ee728b)
Start importing Assets/Items/WeaponData/Whip.asset using Guid(5f39a36f7339d0046819c38e1f6c201a) Importer(815301076,1909f56bfc062723c751e8b465ee728b)  -> (artifact id: '85e91040acd7c1b6e5cdd50c55c74d95') in 0.494485 seconds 
========================================================================
Received Import Request.
  Time since last request: 208.865786 seconds.
  path: Assets/Scripts/Player/Weapons/ThrowingKnifeWeapon.cs
  artifactKey: Guid(29ae3989663ff5747ad56df302cb0e13) Importer(815301076,1909f56bfc062723c751e8b465ee728b)
Start importing Assets/Scripts/Player/Weapons/ThrowingKnifeWeapon.cs using Guid(29ae3989663ff5747ad56df302cb0e13) Importer(815301076,1909f56bfc062723c751e8b465ee728b)  -> (artifact id: '4de3aa90784f127f291d48d7e47d82ad') in 0.398620 seconds 
========================================================================
Received Prepare
Registering precompiled user dll's ...
Registered in 0.257709 seconds.
Begin MonoManager ReloadAssembly
Symbol file LoadedFromMemory doesn't match image C:\Users\liopo\OneDrive\桌面\Unity Projects\Monster Evolution\Library\PackageCache\com.unity.visualscripting@1.7.8\Editor\VisualScripting.Core\Dependencies\YamlDotNet\Unity.VisualScripting.YamlDotNet.dll
Symbol file LoadedFromMemory doesn't match image C:\Users\liopo\OneDrive\桌面\Unity Projects\Monster Evolution\Library\PackageCache\com.unity.visualscripting@1.7.8\Editor\VisualScripting.Core\Dependencies\DotNetZip\Unity.VisualScripting.IonicZip.dll
Native extension for WindowsStandalone target not found
Native extension for iOS target not found
Native extension for WebGL target not found
Refreshing native plugins compatible for Editor in 120.12 ms, found 4 plugins.
Preloading 0 native plugins for Editor in 0.00 ms.
Mono: successfully reloaded assembly
- Completed reload, in 25.379 seconds
Domain Reload Profiling:
	ReloadAssembly (25539ms)
		BeginReloadAssembly (8980ms)
			ExecutionOrderSort (0ms)
			DisableScriptedObjects (1278ms)
			BackupInstance (0ms)
			ReleaseScriptingObjects (3ms)
			CreateAndSetChildDomain (4058ms)
		EndReloadAssembly (15648ms)
			LoadAssemblies (1417ms)
			RebuildTransferFunctionScriptingTraits (4ms)
			SetupTypeCache (6570ms)
			ReleaseScriptCaches (62ms)
			RebuildScriptCaches (1126ms)
			SetupLoadedEditorAssemblies (5891ms)
				LogAssemblyErrors (0ms)
				InitializePlatformSupportModulesInManaged (242ms)
				SetLoadedEditorAssemblies (6ms)
				RefreshPlugins (121ms)
				BeforeProcessingInitializeOnLoad (1562ms)
				ProcessInitializeOnLoadAttributes (2952ms)
				ProcessInitializeOnLoadMethodAttributes (912ms)
				AfterProcessingInitializeOnLoad (95ms)
				EditorAssembliesLoaded (2ms)
			ExecutionOrderSort2 (0ms)
			AwakeInstancesAfterBackupRestoration (211ms)
Platform modules already initialized, skipping
Refreshing native plugins compatible for Editor in 117.92 ms, found 4 plugins.
Preloading 0 native plugins for Editor in 0.00 ms.
Unloading 5449 Unused Serialized files (Serialized files now loaded: 0)
Unloading 35 unused Assets / (0.8 MB). Loaded Objects now: 6061.
Memory consumption went from 226.5 MB to 225.7 MB.
Total: 919.920700 ms (FindLiveObjects: 14.976300 ms CreateObjectMapping: 18.399700 ms MarkObjects: 872.283900 ms  DeleteObjects: 14.254300 ms)

AssetImportParameters requested are different than current active one (requested -> active):
  custom:video-decoder-ogg-theora: a1e56fd34408186e4bbccfd4996cb3dc -> 
  custom:container-muxer-webm: aa71ff27fc2769a1b78a27578f13a17b -> 
  custom:container-demuxer-webm: 4f35f7cbe854078d1ac9338744f61a02 -> 
  custom:video-encoder-webm-vp8: eb34c28f22e8b96e1ab97ce403110664 -> 
  custom:audio-encoder-webm-vorbis: bf7c407c2cedff20999df2af8eb42d56 -> 
  custom:framework-win-MediaFoundation: 216162199b28c13a410421893ffa2e32 -> 
  custom:container-demuxer-ogg: 62fdf1f143b41e24485cea50d1cbac27 -> 
  custom:video-decoder-webm-vp8: 9c59270c3fd7afecdb556c50c9e8de78 -> 
  custom:audio-decoder-ogg-vorbis: bf7c407c2cedff20999df2af8eb42d56 -> 
========================================================================
Received Prepare
Registering precompiled user dll's ...
Registered in 0.094859 seconds.
Begin MonoManager ReloadAssembly
Symbol file LoadedFromMemory doesn't match image C:\Users\liopo\OneDrive\桌面\Unity Projects\Monster Evolution\Library\PackageCache\com.unity.visualscripting@1.7.8\Editor\VisualScripting.Core\Dependencies\YamlDotNet\Unity.VisualScripting.YamlDotNet.dll
Symbol file LoadedFromMemory doesn't match image C:\Users\liopo\OneDrive\桌面\Unity Projects\Monster Evolution\Library\PackageCache\com.unity.visualscripting@1.7.8\Editor\VisualScripting.Core\Dependencies\DotNetZip\Unity.VisualScripting.IonicZip.dll
Native extension for WindowsStandalone target not found
Native extension for iOS target not found
Native extension for WebGL target not found
Refreshing native plugins compatible for Editor in 6.73 ms, found 4 plugins.
Preloading 0 native plugins for Editor in 0.00 ms.
Mono: successfully reloaded assembly
- Completed reload, in 14.603 seconds
Domain Reload Profiling:
	ReloadAssembly (14612ms)
		BeginReloadAssembly (1570ms)
			ExecutionOrderSort (0ms)
			DisableScriptedObjects (119ms)
			BackupInstance (0ms)
			ReleaseScriptingObjects (0ms)
			CreateAndSetChildDomain (850ms)
		EndReloadAssembly (12499ms)
			LoadAssemblies (823ms)
			RebuildTransferFunctionScriptingTraits (0ms)
			SetupTypeCache (3282ms)
			ReleaseScriptCaches (21ms)
			RebuildScriptCaches (1984ms)
			SetupLoadedEditorAssemblies (4616ms)
				LogAssemblyErrors (0ms)
				InitializePlatformSupportModulesInManaged (333ms)
				SetLoadedEditorAssemblies (5ms)
				RefreshPlugins (7ms)
				BeforeProcessingInitializeOnLoad (1591ms)
				ProcessInitializeOnLoadAttributes (1989ms)
				ProcessInitializeOnLoadMethodAttributes (643ms)
				AfterProcessingInitializeOnLoad (47ms)
				EditorAssembliesLoaded (1ms)
			ExecutionOrderSort2 (0ms)
			AwakeInstancesAfterBackupRestoration (69ms)
Platform modules already initialized, skipping
Refreshing native plugins compatible for Editor in 114.40 ms, found 4 plugins.
Preloading 0 native plugins for Editor in 0.00 ms.
Unloading 5449 Unused Serialized files (Serialized files now loaded: 0)
Unloading 35 unused Assets / (0.8 MB). Loaded Objects now: 6064.
Memory consumption went from 226.5 MB to 225.7 MB.
Total: 47.581500 ms (FindLiveObjects: 4.988600 ms CreateObjectMapping: 1.879800 ms MarkObjects: 38.673000 ms  DeleteObjects: 2.034900 ms)

AssetImportParameters requested are different than current active one (requested -> active):
  custom:video-decoder-ogg-theora: a1e56fd34408186e4bbccfd4996cb3dc -> 
  custom:container-muxer-webm: aa71ff27fc2769a1b78a27578f13a17b -> 
  custom:container-demuxer-webm: 4f35f7cbe854078d1ac9338744f61a02 -> 
  custom:video-encoder-webm-vp8: eb34c28f22e8b96e1ab97ce403110664 -> 
  custom:audio-encoder-webm-vorbis: bf7c407c2cedff20999df2af8eb42d56 -> 
  custom:framework-win-MediaFoundation: 216162199b28c13a410421893ffa2e32 -> 
  custom:container-demuxer-ogg: 62fdf1f143b41e24485cea50d1cbac27 -> 
  custom:video-decoder-webm-vp8: 9c59270c3fd7afecdb556c50c9e8de78 -> 
  custom:audio-decoder-ogg-vorbis: bf7c407c2cedff20999df2af8eb42d56 -> 
========================================================================
Received Import Request.
  Time since last request: 301.879953 seconds.
  path: Assets/Items/Upgrades/Throwing Dagger/Throwing Dagger (Better Grip).asset
  artifactKey: Guid(78c1bccff633c084d910223e1539e4fd) Importer(815301076,1909f56bfc062723c751e8b465ee728b)
Start importing Assets/Items/Upgrades/Throwing Dagger/Throwing Dagger (Better Grip).asset using Guid(78c1bccff633c084d910223e1539e4fd) Importer(815301076,1909f56bfc062723c751e8b465ee728b)  -> (artifact id: '45619acf204588f61700b0f6bc35700f') in 0.382293 seconds 
========================================================================
Received Import Request.
  Time since last request: 9.869557 seconds.
  path: Assets/Items/Upgrades/Throwing Dagger/Throwing Knife (Better Grip).asset
  artifactKey: Guid(78c1bccff633c084d910223e1539e4fd) Importer(815301076,1909f56bfc062723c751e8b465ee728b)
Start importing Assets/Items/Upgrades/Throwing Dagger/Throwing Knife (Better Grip).asset using Guid(78c1bccff633c084d910223e1539e4fd) Importer(815301076,1909f56bfc062723c751e8b465ee728b)  -> (artifact id: 'c1574fdbd229f009168bdfd23ce64205') in 0.300987 seconds 
========================================================================
Received Import Request.
  Time since last request: 8.234446 seconds.
  path: Assets/Items/Upgrades/Throwing Dagger/Throwing Knife (More Damage).asset
  artifactKey: Guid(aa9724f3090f06e48842784cd246ff28) Importer(815301076,1909f56bfc062723c751e8b465ee728b)
Start importing Assets/Items/Upgrades/Throwing Dagger/Throwing Knife (More Damage).asset using Guid(aa9724f3090f06e48842784cd246ff28) Importer(815301076,1909f56bfc062723c751e8b465ee728b)  -> (artifact id: 'da9237f559fc5457096f11bc38b648ee') in 0.254186 seconds 
========================================================================
Received Import Request.
  Time since last request: 6.981180 seconds.
  path: Assets/Items/Upgrades/Throwing Dagger/ThrowingKnife WeaponAcquireUpgrade.asset
  artifactKey: Guid(197887f3142c6804ea5203fe02afb848) Importer(815301076,1909f56bfc062723c751e8b465ee728b)
Start importing Assets/Items/Upgrades/Throwing Dagger/ThrowingKnife WeaponAcquireUpgrade.asset using Guid(197887f3142c6804ea5203fe02afb848) Importer(815301076,1909f56bfc062723c751e8b465ee728b)  -> (artifact id: '335027d6cb29fbf0effbf65afc68f0e2') in 0.135349 seconds 
========================================================================
Received Import Request.
  Time since last request: 5.859494 seconds.
  path: Assets/Items/Upgrades/Throwing Dagger/Throwing Knife (Blunt Stunt Damage).asset
  artifactKey: Guid(e15645e84035f3142af0c9dd5db334aa) Importer(815301076,1909f56bfc062723c751e8b465ee728b)
Start importing Assets/Items/Upgrades/Throwing Dagger/Throwing Knife (Blunt Stunt Damage).asset using Guid(e15645e84035f3142af0c9dd5db334aa) Importer(815301076,1909f56bfc062723c751e8b465ee728b)  -> (artifact id: 'b91eacb350ce931f320e321e016a6a7a') in 0.250015 seconds 
========================================================================
Received Prepare
Registering precompiled user dll's ...
Registered in 0.029557 seconds.
Begin MonoManager ReloadAssembly
Symbol file LoadedFromMemory doesn't match image C:\Users\liopo\OneDrive\桌面\Unity Projects\Monster Evolution\Library\PackageCache\com.unity.visualscripting@1.7.8\Editor\VisualScripting.Core\Dependencies\YamlDotNet\Unity.VisualScripting.YamlDotNet.dll
Symbol file LoadedFromMemory doesn't match image C:\Users\liopo\OneDrive\桌面\Unity Projects\Monster Evolution\Library\PackageCache\com.unity.visualscripting@1.7.8\Editor\VisualScripting.Core\Dependencies\DotNetZip\Unity.VisualScripting.IonicZip.dll
Native extension for WindowsStandalone target not found
Native extension for iOS target not found
Native extension for WebGL target not found
Refreshing native plugins compatible for Editor in 32.94 ms, found 4 plugins.
Preloading 0 native plugins for Editor in 0.00 ms.
Mono: successfully reloaded assembly
- Completed reload, in 64.775 seconds
Domain Reload Profiling:
	ReloadAssembly (64792ms)
		BeginReloadAssembly (5729ms)
			ExecutionOrderSort (0ms)
			DisableScriptedObjects (184ms)
			BackupInstance (0ms)
			ReleaseScriptingObjects (6ms)
			CreateAndSetChildDomain (2947ms)
		EndReloadAssembly (56881ms)
			LoadAssemblies (4083ms)
			RebuildTransferFunctionScriptingTraits (1ms)
			SetupTypeCache (9528ms)
			ReleaseScriptCaches (53ms)
			RebuildScriptCaches (2556ms)
			SetupLoadedEditorAssemblies (37116ms)
				LogAssemblyErrors (0ms)
				InitializePlatformSupportModulesInManaged (2308ms)
				SetLoadedEditorAssemblies (10ms)
				RefreshPlugins (33ms)
				BeforeProcessingInitializeOnLoad (4493ms)
				ProcessInitializeOnLoadAttributes (24943ms)
				ProcessInitializeOnLoadMethodAttributes (5020ms)
				AfterProcessingInitializeOnLoad (306ms)
				EditorAssembliesLoaded (3ms)
			ExecutionOrderSort2 (0ms)
			AwakeInstancesAfterBackupRestoration (388ms)
Platform modules already initialized, skipping
Refreshing native plugins compatible for Editor in 77.50 ms, found 4 plugins.
Preloading 0 native plugins for Editor in 0.00 ms.
Unloading 5449 Unused Serialized files (Serialized files now loaded: 0)
Unloading 35 unused Assets / (0.8 MB). Loaded Objects now: 6067.
Memory consumption went from 226.5 MB to 225.7 MB.
Total: 159.970200 ms (FindLiveObjects: 5.740300 ms CreateObjectMapping: 9.677000 ms MarkObjects: 123.219200 ms  DeleteObjects: 21.319300 ms)

AssetImportParameters requested are different than current active one (requested -> active):
  custom:video-decoder-ogg-theora: a1e56fd34408186e4bbccfd4996cb3dc -> 
  custom:container-muxer-webm: aa71ff27fc2769a1b78a27578f13a17b -> 
  custom:container-demuxer-webm: 4f35f7cbe854078d1ac9338744f61a02 -> 
  custom:video-encoder-webm-vp8: eb34c28f22e8b96e1ab97ce403110664 -> 
  custom:audio-encoder-webm-vorbis: bf7c407c2cedff20999df2af8eb42d56 -> 
  custom:framework-win-MediaFoundation: 216162199b28c13a410421893ffa2e32 -> 
  custom:container-demuxer-ogg: 62fdf1f143b41e24485cea50d1cbac27 -> 
  custom:video-decoder-webm-vp8: 9c59270c3fd7afecdb556c50c9e8de78 -> 
  custom:audio-decoder-ogg-vorbis: bf7c407c2cedff20999df2af8eb42d56 -> 
========================================================================
Received Prepare
Script is not up to date after domain reload: guid(29ae3989663ff5747ad56df302cb0e13) path("Assets/Scripts/Player/Weapons/ThrowingKnifeWeapon.cs") state(2)
Registering precompiled user dll's ...
Registered in 1.271919 seconds.
Begin MonoManager ReloadAssembly
Symbol file LoadedFromMemory doesn't match image C:\Users\liopo\OneDrive\桌面\Unity Projects\Monster Evolution\Library\PackageCache\com.unity.visualscripting@1.7.8\Editor\VisualScripting.Core\Dependencies\YamlDotNet\Unity.VisualScripting.YamlDotNet.dll
Symbol file LoadedFromMemory doesn't match image C:\Users\liopo\OneDrive\桌面\Unity Projects\Monster Evolution\Library\PackageCache\com.unity.visualscripting@1.7.8\Editor\VisualScripting.Core\Dependencies\DotNetZip\Unity.VisualScripting.IonicZip.dll
Native extension for WindowsStandalone target not found
Native extension for iOS target not found
Native extension for WebGL target not found
Refreshing native plugins compatible for Editor in 100.64 ms, found 4 plugins.
Preloading 0 native plugins for Editor in 0.00 ms.
Mono: successfully reloaded assembly
- Completed reload, in 37.172 seconds
Domain Reload Profiling:
	ReloadAssembly (37210ms)
		BeginReloadAssembly (5034ms)
			ExecutionOrderSort (0ms)
			DisableScriptedObjects (486ms)
			BackupInstance (0ms)
			ReleaseScriptingObjects (1ms)
			CreateAndSetChildDomain (3183ms)
		EndReloadAssembly (31142ms)
			LoadAssemblies (1227ms)
			RebuildTransferFunctionScriptingTraits (1ms)
			SetupTypeCache (3340ms)
			ReleaseScriptCaches (441ms)
			RebuildScriptCaches (2069ms)
			SetupLoadedEditorAssemblies (21521ms)
				LogAssemblyErrors (0ms)
				InitializePlatformSupportModulesInManaged (2410ms)
				SetLoadedEditorAssemblies (255ms)
				RefreshPlugins (101ms)
				BeforeProcessingInitializeOnLoad (10467ms)
				ProcessInitializeOnLoadAttributes (7328ms)
				ProcessInitializeOnLoadMethodAttributes (897ms)
				AfterProcessingInitializeOnLoad (59ms)
				EditorAssembliesLoaded (2ms)
			ExecutionOrderSort2 (0ms)
			AwakeInstancesAfterBackupRestoration (91ms)
Platform modules already initialized, skipping
Script is not up to date after domain reload: guid(29ae3989663ff5747ad56df302cb0e13) path("Assets/Scripts/Player/Weapons/ThrowingKnifeWeapon.cs") state(2)
Refreshing native plugins compatible for Editor in 51.27 ms, found 4 plugins.
Preloading 0 native plugins for Editor in 0.00 ms.
Unloading 5448 Unused Serialized files (Serialized files now loaded: 0)
Unloading 36 unused Assets / (0.8 MB). Loaded Objects now: 6069.
Memory consumption went from 226.5 MB to 225.7 MB.
Total: 150.272200 ms (FindLiveObjects: 3.110000 ms CreateObjectMapping: 1.797600 ms MarkObjects: 140.638700 ms  DeleteObjects: 4.719400 ms)

AssetImportParameters requested are different than current active one (requested -> active):
  custom:video-decoder-ogg-theora: a1e56fd34408186e4bbccfd4996cb3dc -> 
  custom:container-muxer-webm: aa71ff27fc2769a1b78a27578f13a17b -> 
  custom:container-demuxer-webm: 4f35f7cbe854078d1ac9338744f61a02 -> 
  custom:video-encoder-webm-vp8: eb34c28f22e8b96e1ab97ce403110664 -> 
  custom:audio-encoder-webm-vorbis: bf7c407c2cedff20999df2af8eb42d56 -> 
  custom:framework-win-MediaFoundation: 216162199b28c13a410421893ffa2e32 -> 
  custom:container-demuxer-ogg: 62fdf1f143b41e24485cea50d1cbac27 -> 
  custom:video-decoder-webm-vp8: 9c59270c3fd7afecdb556c50c9e8de78 -> 
  custom:audio-decoder-ogg-vorbis: bf7c407c2cedff20999df2af8eb42d56 -> 
========================================================================
Received Prepare
Registering precompiled user dll's ...
Registered in 0.066611 seconds.
Begin MonoManager ReloadAssembly
Symbol file LoadedFromMemory doesn't match image C:\Users\liopo\OneDrive\桌面\Unity Projects\Monster Evolution\Library\PackageCache\com.unity.visualscripting@1.7.8\Editor\VisualScripting.Core\Dependencies\YamlDotNet\Unity.VisualScripting.YamlDotNet.dll
Symbol file LoadedFromMemory doesn't match image C:\Users\liopo\OneDrive\桌面\Unity Projects\Monster Evolution\Library\PackageCache\com.unity.visualscripting@1.7.8\Editor\VisualScripting.Core\Dependencies\DotNetZip\Unity.VisualScripting.IonicZip.dll
Native extension for WindowsStandalone target not found
Native extension for iOS target not found
Native extension for WebGL target not found
Refreshing native plugins compatible for Editor in 3.33 ms, found 4 plugins.
Preloading 0 native plugins for Editor in 0.00 ms.
Mono: successfully reloaded assembly
- Completed reload, in 12.878 seconds
Domain Reload Profiling:
	ReloadAssembly (12883ms)
		BeginReloadAssembly (1556ms)
			ExecutionOrderSort (0ms)
			DisableScriptedObjects (74ms)
			BackupInstance (0ms)
			ReleaseScriptingObjects (1ms)
			CreateAndSetChildDomain (488ms)
		EndReloadAssembly (10245ms)
			LoadAssemblies (1367ms)
			RebuildTransferFunctionScriptingTraits (0ms)
			SetupTypeCache (3761ms)
			ReleaseScriptCaches (13ms)
			RebuildScriptCaches (528ms)
			SetupLoadedEditorAssemblies (4405ms)
				LogAssemblyErrors (0ms)
				InitializePlatformSupportModulesInManaged (161ms)
				SetLoadedEditorAssemblies (2ms)
				RefreshPlugins (4ms)
				BeforeProcessingInitializeOnLoad (526ms)
				ProcessInitializeOnLoadAttributes (3011ms)
				ProcessInitializeOnLoadMethodAttributes (648ms)
				AfterProcessingInitializeOnLoad (50ms)
				EditorAssembliesLoaded (1ms)
			ExecutionOrderSort2 (0ms)
			AwakeInstancesAfterBackupRestoration (61ms)
Platform modules already initialized, skipping
Refreshing native plugins compatible for Editor in 52.29 ms, found 4 plugins.
Preloading 0 native plugins for Editor in 0.00 ms.
Unloading 5449 Unused Serialized files (Serialized files now loaded: 0)
Unloading 35 unused Assets / (0.8 MB). Loaded Objects now: 6073.
Memory consumption went from 226.5 MB to 225.7 MB.
Total: 94.166300 ms (FindLiveObjects: 15.594100 ms CreateObjectMapping: 11.016100 ms MarkObjects: 64.136200 ms  DeleteObjects: 3.412300 ms)

AssetImportParameters requested are different than current active one (requested -> active):
  custom:video-decoder-ogg-theora: a1e56fd34408186e4bbccfd4996cb3dc -> 
  custom:container-muxer-webm: aa71ff27fc2769a1b78a27578f13a17b -> 
  custom:container-demuxer-webm: 4f35f7cbe854078d1ac9338744f61a02 -> 
  custom:video-encoder-webm-vp8: eb34c28f22e8b96e1ab97ce403110664 -> 
  custom:audio-encoder-webm-vorbis: bf7c407c2cedff20999df2af8eb42d56 -> 
  custom:framework-win-MediaFoundation: 216162199b28c13a410421893ffa2e32 -> 
  custom:container-demuxer-ogg: 62fdf1f143b41e24485cea50d1cbac27 -> 
  custom:video-decoder-webm-vp8: 9c59270c3fd7afecdb556c50c9e8de78 -> 
  custom:audio-decoder-ogg-vorbis: bf7c407c2cedff20999df2af8eb42d56 -> 
========================================================================
Received Import Request.
  Time since last request: 1171.661970 seconds.
  path: Assets/Prefabs/WeaponBase/wpn_ThrowingKnife.prefab
  artifactKey: Guid(c20339a59f3e2c641a9559cd8761c812) Importer(815301076,1909f56bfc062723c751e8b465ee728b)
Start importing Assets/Prefabs/WeaponBase/wpn_ThrowingKnife.prefab using Guid(c20339a59f3e2c641a9559cd8761c812) Importer(815301076,1909f56bfc062723c751e8b465ee728b)  -> (artifact id: '5f49c6a171aaa8f7fae9bae1f3e1844b') in 1.390351 seconds 
========================================================================
Received Import Request.
  Time since last request: 32.023772 seconds.
  path: Assets/Items/Upgrades/Throwing Knife
  artifactKey: Guid(b9ec957b4bfa6e24990541d7a2955fee) Importer(815301076,1909f56bfc062723c751e8b465ee728b)
Start importing Assets/Items/Upgrades/Throwing Knife using Guid(b9ec957b4bfa6e24990541d7a2955fee) Importer(815301076,1909f56bfc062723c751e8b465ee728b)  -> (artifact id: 'b0efafbf9c329269662b650395dd84cb') in 0.023714 seconds 
========================================================================
Received Prepare
Registering precompiled user dll's ...
Registered in 0.042502 seconds.
Begin MonoManager ReloadAssembly
Symbol file LoadedFromMemory doesn't match image C:\Users\liopo\OneDrive\桌面\Unity Projects\Monster Evolution\Library\PackageCache\com.unity.visualscripting@1.7.8\Editor\VisualScripting.Core\Dependencies\YamlDotNet\Unity.VisualScripting.YamlDotNet.dll
Symbol file LoadedFromMemory doesn't match image C:\Users\liopo\OneDrive\桌面\Unity Projects\Monster Evolution\Library\PackageCache\com.unity.visualscripting@1.7.8\Editor\VisualScripting.Core\Dependencies\DotNetZip\Unity.VisualScripting.IonicZip.dll
Native extension for WindowsStandalone target not found
Native extension for iOS target not found
Native extension for WebGL target not found
Refreshing native plugins compatible for Editor in 13.25 ms, found 4 plugins.
Preloading 0 native plugins for Editor in 0.00 ms.
Mono: successfully reloaded assembly
- Completed reload, in 14.110 seconds
Domain Reload Profiling:
	ReloadAssembly (14120ms)
		BeginReloadAssembly (2456ms)
			ExecutionOrderSort (0ms)
			DisableScriptedObjects (217ms)
			BackupInstance (0ms)
			ReleaseScriptingObjects (1ms)
			CreateAndSetChildDomain (850ms)
		EndReloadAssembly (10617ms)
			LoadAssemblies (1965ms)
			RebuildTransferFunctionScriptingTraits (2ms)
			SetupTypeCache (2905ms)
			ReleaseScriptCaches (21ms)
			RebuildScriptCaches (587ms)
			SetupLoadedEditorAssemblies (4845ms)
				LogAssemblyErrors (0ms)
				InitializePlatformSupportModulesInManaged (349ms)
				SetLoadedEditorAssemblies (7ms)
				RefreshPlugins (14ms)
				BeforeProcessingInitializeOnLoad (1181ms)
				ProcessInitializeOnLoadAttributes (2412ms)
				ProcessInitializeOnLoadMethodAttributes (807ms)
				AfterProcessingInitializeOnLoad (74ms)
				EditorAssembliesLoaded (1ms)
			ExecutionOrderSort2 (0ms)
			AwakeInstancesAfterBackupRestoration (83ms)
Platform modules already initialized, skipping
Refreshing native plugins compatible for Editor in 69.15 ms, found 4 plugins.
Preloading 0 native plugins for Editor in 0.00 ms.
Unloading 5449 Unused Serialized files (Serialized files now loaded: 0)
Unloading 35 unused Assets / (0.8 MB). Loaded Objects now: 6076.
Memory consumption went from 226.5 MB to 225.7 MB.
Total: 204.462200 ms (FindLiveObjects: 6.543200 ms CreateObjectMapping: 2.993100 ms MarkObjects: 173.047000 ms  DeleteObjects: 21.872300 ms)

AssetImportParameters requested are different than current active one (requested -> active):
  custom:video-decoder-ogg-theora: a1e56fd34408186e4bbccfd4996cb3dc -> 
  custom:container-muxer-webm: aa71ff27fc2769a1b78a27578f13a17b -> 
  custom:container-demuxer-webm: 4f35f7cbe854078d1ac9338744f61a02 -> 
  custom:video-encoder-webm-vp8: eb34c28f22e8b96e1ab97ce403110664 -> 
  custom:audio-encoder-webm-vorbis: bf7c407c2cedff20999df2af8eb42d56 -> 
  custom:framework-win-MediaFoundation: 216162199b28c13a410421893ffa2e32 -> 
  custom:container-demuxer-ogg: 62fdf1f143b41e24485cea50d1cbac27 -> 
  custom:video-decoder-webm-vp8: 9c59270c3fd7afecdb556c50c9e8de78 -> 
  custom:audio-decoder-ogg-vorbis: bf7c407c2cedff20999df2af8eb42d56 -> 
========================================================================
Received Prepare
Registering precompiled user dll's ...
Registered in 0.092148 seconds.
Begin MonoManager ReloadAssembly
Symbol file LoadedFromMemory doesn't match image C:\Users\liopo\OneDrive\桌面\Unity Projects\Monster Evolution\Library\PackageCache\com.unity.visualscripting@1.7.8\Editor\VisualScripting.Core\Dependencies\YamlDotNet\Unity.VisualScripting.YamlDotNet.dll
Symbol file LoadedFromMemory doesn't match image C:\Users\liopo\OneDrive\桌面\Unity Projects\Monster Evolution\Library\PackageCache\com.unity.visualscripting@1.7.8\Editor\VisualScripting.Core\Dependencies\DotNetZip\Unity.VisualScripting.IonicZip.dll
Native extension for WindowsStandalone target not found
Native extension for iOS target not found
Native extension for WebGL target not found
Refreshing native plugins compatible for Editor in 8.34 ms, found 4 plugins.
Preloading 0 native plugins for Editor in 0.00 ms.
Mono: successfully reloaded assembly
- Completed reload, in 16.484 seconds
Domain Reload Profiling:
	ReloadAssembly (16507ms)
		BeginReloadAssembly (5218ms)
			ExecutionOrderSort (0ms)
			DisableScriptedObjects (195ms)
			BackupInstance (0ms)
			ReleaseScriptingObjects (1ms)
			CreateAndSetChildDomain (2942ms)
		EndReloadAssembly (9381ms)
			LoadAssemblies (2221ms)
			RebuildTransferFunctionScriptingTraits (1ms)
			SetupTypeCache (3026ms)
			ReleaseScriptCaches (11ms)
			RebuildScriptCaches (672ms)
			SetupLoadedEditorAssemblies (3458ms)
				LogAssemblyErrors (0ms)
				InitializePlatformSupportModulesInManaged (210ms)
				SetLoadedEditorAssemblies (5ms)
				RefreshPlugins (9ms)
				BeforeProcessingInitializeOnLoad (559ms)
				ProcessInitializeOnLoadAttributes (1873ms)
				ProcessInitializeOnLoadMethodAttributes (746ms)
				AfterProcessingInitializeOnLoad (50ms)
				EditorAssembliesLoaded (7ms)
			ExecutionOrderSort2 (0ms)
			AwakeInstancesAfterBackupRestoration (340ms)
Platform modules already initialized, skipping
Refreshing native plugins compatible for Editor in 163.45 ms, found 4 plugins.
Preloading 0 native plugins for Editor in 0.00 ms.
Unloading 5449 Unused Serialized files (Serialized files now loaded: 0)
Unloading 35 unused Assets / (0.8 MB). Loaded Objects now: 6079.
Memory consumption went from 226.5 MB to 225.7 MB.
Total: 225.052200 ms (FindLiveObjects: 20.669200 ms CreateObjectMapping: 10.098500 ms MarkObjects: 187.496000 ms  DeleteObjects: 6.782600 ms)

AssetImportParameters requested are different than current active one (requested -> active):
  custom:video-decoder-ogg-theora: a1e56fd34408186e4bbccfd4996cb3dc -> 
  custom:container-muxer-webm: aa71ff27fc2769a1b78a27578f13a17b -> 
  custom:container-demuxer-webm: 4f35f7cbe854078d1ac9338744f61a02 -> 
  custom:video-encoder-webm-vp8: eb34c28f22e8b96e1ab97ce403110664 -> 
  custom:audio-encoder-webm-vorbis: bf7c407c2cedff20999df2af8eb42d56 -> 
  custom:framework-win-MediaFoundation: 216162199b28c13a410421893ffa2e32 -> 
  custom:container-demuxer-ogg: 62fdf1f143b41e24485cea50d1cbac27 -> 
  custom:video-decoder-webm-vp8: 9c59270c3fd7afecdb556c50c9e8de78 -> 
  custom:audio-decoder-ogg-vorbis: bf7c407c2cedff20999df2af8eb42d56 -> 
========================================================================
Received Import Request.
  Time since last request: 238.862598 seconds.
  path: Assets/Prefabs/DaggerPrefab.prefab
  artifactKey: Guid(2efebebb2730f014c821e638d6a50313) Importer(815301076,1909f56bfc062723c751e8b465ee728b)
Start importing Assets/Prefabs/DaggerPrefab.prefab using Guid(2efebebb2730f014c821e638d6a50313) Importer(815301076,1909f56bfc062723c751e8b465ee728b)  -> (artifact id: '47e031369e0dd7d0a7003e48d13f3a56') in 6.750306 seconds 
========================================================================
Received Import Request.
  Time since last request: 0.000127 seconds.
  path: Assets/Prefabs/Enemy2.prefab
  artifactKey: Guid(67d04222a078e9d44aed11b2904b5f5f) Importer(815301076,1909f56bfc062723c751e8b465ee728b)
Start importing Assets/Prefabs/Enemy2.prefab using Guid(67d04222a078e9d44aed11b2904b5f5f) Importer(815301076,1909f56bfc062723c751e8b465ee728b)  -> (artifact id: '12fc28ec3c5061e76c803c38c9fff561') in 0.214750 seconds 
========================================================================
Received Import Request.
  Time since last request: 0.000137 seconds.
  path: Assets/Prefabs/Enemy3.prefab
  artifactKey: Guid(df46f7d3149546b44ba876a706e83bec) Importer(815301076,1909f56bfc062723c751e8b465ee728b)
Start importing Assets/Prefabs/Enemy3.prefab using Guid(df46f7d3149546b44ba876a706e83bec) Importer(815301076,1909f56bfc062723c751e8b465ee728b)  -> (artifact id: '44850709b717a525072023e3e7492283') in 0.236452 seconds 
========================================================================
Received Import Request.
  Time since last request: 2.776270 seconds.
  path: Assets/Prefabs/WeaponBase/wpn_ThrowingKnife.prefab
  artifactKey: Guid(c20339a59f3e2c641a9559cd8761c812) Importer(815301076,1909f56bfc062723c751e8b465ee728b)
Start importing Assets/Prefabs/WeaponBase/wpn_ThrowingKnife.prefab using Guid(c20339a59f3e2c641a9559cd8761c812) Importer(815301076,1909f56bfc062723c751e8b465ee728b)  -> (artifact id: 'f57ab1b96b37258ab11b5a485c7a8f02') in 0.986326 seconds 
========================================================================
Received Import Request.
  Time since last request: 18.180336 seconds.
  path: Assets/Prefabs/KnifePrefab.prefab
  artifactKey: Guid(2efebebb2730f014c821e638d6a50313) Importer(815301076,1909f56bfc062723c751e8b465ee728b)
Start importing Assets/Prefabs/KnifePrefab.prefab using Guid(2efebebb2730f014c821e638d6a50313) Importer(815301076,1909f56bfc062723c751e8b465ee728b)  -> (artifact id: '9e2adf6d8dbe0027e82dc579880462b6') in 0.081741 seconds 
========================================================================
Received Import Request.
  Time since last request: 7.397578 seconds.
  path: Assets/Prefabs/WeaponBase/wpn_Whip.prefab
  artifactKey: Guid(65c2577b3a5060c4e910047466a6d1b4) Importer(815301076,1909f56bfc062723c751e8b465ee728b)
Start importing Assets/Prefabs/WeaponBase/wpn_Whip.prefab using Guid(65c2577b3a5060c4e910047466a6d1b4) Importer(815301076,1909f56bfc062723c751e8b465ee728b)  -> (artifact id: '06918566a46349454af4a8c33e4c80b1') in 0.099777 seconds 
========================================================================
Received Prepare
Registering precompiled user dll's ...
Registered in 0.082033 seconds.
Begin MonoManager ReloadAssembly
Symbol file LoadedFromMemory doesn't match image C:\Users\liopo\OneDrive\桌面\Unity Projects\Monster Evolution\Library\PackageCache\com.unity.visualscripting@1.7.8\Editor\VisualScripting.Core\Dependencies\YamlDotNet\Unity.VisualScripting.YamlDotNet.dll
Symbol file LoadedFromMemory doesn't match image C:\Users\liopo\OneDrive\桌面\Unity Projects\Monster Evolution\Library\PackageCache\com.unity.visualscripting@1.7.8\Editor\VisualScripting.Core\Dependencies\DotNetZip\Unity.VisualScripting.IonicZip.dll
Native extension for WindowsStandalone target not found
Native extension for iOS target not found
Native extension for WebGL target not found
Refreshing native plugins compatible for Editor in 12.92 ms, found 4 plugins.
Preloading 0 native plugins for Editor in 0.00 ms.
Mono: successfully reloaded assembly
- Completed reload, in 40.443 seconds
Domain Reload Profiling:
	ReloadAssembly (40450ms)
		BeginReloadAssembly (18737ms)
			ExecutionOrderSort (0ms)
			DisableScriptedObjects (123ms)
			BackupInstance (0ms)
			ReleaseScriptingObjects (2ms)
			CreateAndSetChildDomain (15742ms)
		EndReloadAssembly (18756ms)
			LoadAssemblies (2961ms)
			RebuildTransferFunctionScriptingTraits (0ms)
			SetupTypeCache (3548ms)
			ReleaseScriptCaches (31ms)
			RebuildScriptCaches (668ms)
			SetupLoadedEditorAssemblies (11333ms)
				LogAssemblyErrors (0ms)
				InitializePlatformSupportModulesInManaged (400ms)
				SetLoadedEditorAssemblies (7ms)
				RefreshPlugins (14ms)
				BeforeProcessingInitializeOnLoad (1532ms)
				ProcessInitializeOnLoadAttributes (7117ms)
				ProcessInitializeOnLoadMethodAttributes (2178ms)
				AfterProcessingInitializeOnLoad (84ms)
				EditorAssembliesLoaded (1ms)
			ExecutionOrderSort2 (0ms)
			AwakeInstancesAfterBackupRestoration (207ms)
Platform modules already initialized, skipping
Refreshing native plugins compatible for Editor in 956.91 ms, found 4 plugins.
Preloading 0 native plugins for Editor in 0.00 ms.
Unloading 5457 Unused Serialized files (Serialized files now loaded: 0)
Unloading 35 unused Assets / (0.8 MB). Loaded Objects now: 6132.
Memory consumption went from 233.6 MB to 232.8 MB.
Total: 126.278900 ms (FindLiveObjects: 3.799800 ms CreateObjectMapping: 17.915300 ms MarkObjects: 98.877700 ms  DeleteObjects: 5.680000 ms)

AssetImportParameters requested are different than current active one (requested -> active):
  custom:video-decoder-ogg-theora: a1e56fd34408186e4bbccfd4996cb3dc -> 
  custom:container-muxer-webm: aa71ff27fc2769a1b78a27578f13a17b -> 
  custom:container-demuxer-webm: 4f35f7cbe854078d1ac9338744f61a02 -> 
  custom:video-encoder-webm-vp8: eb34c28f22e8b96e1ab97ce403110664 -> 
  custom:audio-encoder-webm-vorbis: bf7c407c2cedff20999df2af8eb42d56 -> 
  custom:framework-win-MediaFoundation: 216162199b28c13a410421893ffa2e32 -> 
  custom:container-demuxer-ogg: 62fdf1f143b41e24485cea50d1cbac27 -> 
  custom:video-decoder-webm-vp8: 9c59270c3fd7afecdb556c50c9e8de78 -> 
  custom:audio-decoder-ogg-vorbis: bf7c407c2cedff20999df2af8eb42d56 -> 
========================================================================
Received Prepare
Registering precompiled user dll's ...
Registered in 0.454612 seconds.
Begin MonoManager ReloadAssembly
Symbol file LoadedFromMemory doesn't match image C:\Users\liopo\OneDrive\桌面\Unity Projects\Monster Evolution\Library\PackageCache\com.unity.visualscripting@1.7.8\Editor\VisualScripting.Core\Dependencies\YamlDotNet\Unity.VisualScripting.YamlDotNet.dll
Symbol file LoadedFromMemory doesn't match image C:\Users\liopo\OneDrive\桌面\Unity Projects\Monster Evolution\Library\PackageCache\com.unity.visualscripting@1.7.8\Editor\VisualScripting.Core\Dependencies\DotNetZip\Unity.VisualScripting.IonicZip.dll
Native extension for WindowsStandalone target not found
Native extension for iOS target not found
Native extension for WebGL target not found
Refreshing native plugins compatible for Editor in 8.40 ms, found 4 plugins.
Preloading 0 native plugins for Editor in 0.00 ms.
Mono: successfully reloaded assembly
- Completed reload, in 29.359 seconds
Domain Reload Profiling:
	ReloadAssembly (29383ms)
		BeginReloadAssembly (8161ms)
			ExecutionOrderSort (0ms)
			DisableScriptedObjects (452ms)
			BackupInstance (0ms)
			ReleaseScriptingObjects (1ms)
			CreateAndSetChildDomain (6488ms)
		EndReloadAssembly (19094ms)
			LoadAssemblies (2695ms)
			RebuildTransferFunctionScriptingTraits (2ms)
			SetupTypeCache (10934ms)
			ReleaseScriptCaches (48ms)
			RebuildScriptCaches (899ms)
			SetupLoadedEditorAssemblies (3673ms)
				LogAssemblyErrors (0ms)
				InitializePlatformSupportModulesInManaged (209ms)
				SetLoadedEditorAssemblies (5ms)
				RefreshPlugins (9ms)
				BeforeProcessingInitializeOnLoad (781ms)
				ProcessInitializeOnLoadAttributes (1787ms)
				ProcessInitializeOnLoadMethodAttributes (815ms)
				AfterProcessingInitializeOnLoad (63ms)
				EditorAssembliesLoaded (5ms)
			ExecutionOrderSort2 (0ms)
			AwakeInstancesAfterBackupRestoration (132ms)
Platform modules already initialized, skipping
Refreshing native plugins compatible for Editor in 551.03 ms, found 4 plugins.
Preloading 0 native plugins for Editor in 0.00 ms.
Unloading 5457 Unused Serialized files (Serialized files now loaded: 0)
Unloading 35 unused Assets / (0.8 MB). Loaded Objects now: 6135.
Memory consumption went from 233.5 MB to 232.8 MB.
Total: 5877.442600 ms (FindLiveObjects: 55.031700 ms CreateObjectMapping: 12.122500 ms MarkObjects: 5789.450300 ms  DeleteObjects: 20.826900 ms)

AssetImportParameters requested are different than current active one (requested -> active):
  custom:video-decoder-ogg-theora: a1e56fd34408186e4bbccfd4996cb3dc -> 
  custom:container-muxer-webm: aa71ff27fc2769a1b78a27578f13a17b -> 
  custom:container-demuxer-webm: 4f35f7cbe854078d1ac9338744f61a02 -> 
  custom:video-encoder-webm-vp8: eb34c28f22e8b96e1ab97ce403110664 -> 
  custom:audio-encoder-webm-vorbis: bf7c407c2cedff20999df2af8eb42d56 -> 
  custom:framework-win-MediaFoundation: 216162199b28c13a410421893ffa2e32 -> 
  custom:container-demuxer-ogg: 62fdf1f143b41e24485cea50d1cbac27 -> 
  custom:video-decoder-webm-vp8: 9c59270c3fd7afecdb556c50c9e8de78 -> 
  custom:audio-decoder-ogg-vorbis: bf7c407c2cedff20999df2af8eb42d56 -> 
========================================================================
Received Prepare
Registering precompiled user dll's ...
Registered in 0.105209 seconds.
Begin MonoManager ReloadAssembly
Symbol file LoadedFromMemory doesn't match image C:\Users\liopo\OneDrive\桌面\Unity Projects\Monster Evolution\Library\PackageCache\com.unity.visualscripting@1.7.8\Editor\VisualScripting.Core\Dependencies\YamlDotNet\Unity.VisualScripting.YamlDotNet.dll
Symbol file LoadedFromMemory doesn't match image C:\Users\liopo\OneDrive\桌面\Unity Projects\Monster Evolution\Library\PackageCache\com.unity.visualscripting@1.7.8\Editor\VisualScripting.Core\Dependencies\DotNetZip\Unity.VisualScripting.IonicZip.dll
Native extension for WindowsStandalone target not found
Native extension for iOS target not found
Native extension for WebGL target not found
Refreshing native plugins compatible for Editor in 20.92 ms, found 4 plugins.
Preloading 0 native plugins for Editor in 0.00 ms.
Mono: successfully reloaded assembly
- Completed reload, in 34.498 seconds
Domain Reload Profiling:
	ReloadAssembly (34565ms)
		BeginReloadAssembly (10301ms)
			ExecutionOrderSort (1ms)
			DisableScriptedObjects (1137ms)
			BackupInstance (0ms)
			ReleaseScriptingObjects (1ms)
			CreateAndSetChildDomain (7225ms)
		EndReloadAssembly (23192ms)
			LoadAssemblies (1575ms)
			RebuildTransferFunctionScriptingTraits (4ms)
			SetupTypeCache (9094ms)
			ReleaseScriptCaches (81ms)
			RebuildScriptCaches (1203ms)
			SetupLoadedEditorAssemblies (9952ms)
				LogAssemblyErrors (0ms)
				InitializePlatformSupportModulesInManaged (572ms)
				SetLoadedEditorAssemblies (12ms)
				RefreshPlugins (28ms)
				BeforeProcessingInitializeOnLoad (2395ms)
				ProcessInitializeOnLoadAttributes (5235ms)
				ProcessInitializeOnLoadMethodAttributes (1655ms)
				AfterProcessingInitializeOnLoad (54ms)
				EditorAssembliesLoaded (1ms)
			ExecutionOrderSort2 (0ms)
			AwakeInstancesAfterBackupRestoration (199ms)
Platform modules already initialized, skipping
Refreshing native plugins compatible for Editor in 166.25 ms, found 4 plugins.
Preloading 0 native plugins for Editor in 0.00 ms.
Unloading 5457 Unused Serialized files (Serialized files now loaded: 0)
Unloading 35 unused Assets / (0.8 MB). Loaded Objects now: 6138.
Memory consumption went from 233.6 MB to 232.8 MB.
Total: 510.297500 ms (FindLiveObjects: 4.326300 ms CreateObjectMapping: 4.663600 ms MarkObjects: 497.200000 ms  DeleteObjects: 4.100100 ms)

AssetImportParameters requested are different than current active one (requested -> active):
  custom:video-decoder-ogg-theora: a1e56fd34408186e4bbccfd4996cb3dc -> 
  custom:container-muxer-webm: aa71ff27fc2769a1b78a27578f13a17b -> 
  custom:container-demuxer-webm: 4f35f7cbe854078d1ac9338744f61a02 -> 
  custom:video-encoder-webm-vp8: eb34c28f22e8b96e1ab97ce403110664 -> 
  custom:audio-encoder-webm-vorbis: bf7c407c2cedff20999df2af8eb42d56 -> 
  custom:framework-win-MediaFoundation: 216162199b28c13a410421893ffa2e32 -> 
  custom:container-demuxer-ogg: 62fdf1f143b41e24485cea50d1cbac27 -> 
  custom:video-decoder-webm-vp8: 9c59270c3fd7afecdb556c50c9e8de78 -> 
  custom:audio-decoder-ogg-vorbis: bf7c407c2cedff20999df2af8eb42d56 -> 
========================================================================
Received Prepare
Registering precompiled user dll's ...
Registered in 0.120660 seconds.
Begin MonoManager ReloadAssembly
Symbol file LoadedFromMemory doesn't match image C:\Users\liopo\OneDrive\桌面\Unity Projects\Monster Evolution\Library\PackageCache\com.unity.visualscripting@1.7.8\Editor\VisualScripting.Core\Dependencies\YamlDotNet\Unity.VisualScripting.YamlDotNet.dll
Symbol file LoadedFromMemory doesn't match image C:\Users\liopo\OneDrive\桌面\Unity Projects\Monster Evolution\Library\PackageCache\com.unity.visualscripting@1.7.8\Editor\VisualScripting.Core\Dependencies\DotNetZip\Unity.VisualScripting.IonicZip.dll
Native extension for WindowsStandalone target not found
Native extension for iOS target not found
Native extension for WebGL target not found
Refreshing native plugins compatible for Editor in 6.28 ms, found 4 plugins.
Preloading 0 native plugins for Editor in 0.00 ms.
Mono: successfully reloaded assembly
- Completed reload, in 16.041 seconds
Domain Reload Profiling:
	ReloadAssembly (16046ms)
		BeginReloadAssembly (2257ms)
			ExecutionOrderSort (0ms)
			DisableScriptedObjects (73ms)
			BackupInstance (0ms)
			ReleaseScriptingObjects (1ms)
			CreateAndSetChildDomain (693ms)
		EndReloadAssembly (12049ms)
			LoadAssemblies (1808ms)
			RebuildTransferFunctionScriptingTraits (0ms)
			SetupTypeCache (3610ms)
			ReleaseScriptCaches (37ms)
			RebuildScriptCaches (871ms)
			SetupLoadedEditorAssemblies (5311ms)
				LogAssemblyErrors (0ms)
				InitializePlatformSupportModulesInManaged (211ms)
				SetLoadedEditorAssemblies (3ms)
				RefreshPlugins (7ms)
				BeforeProcessingInitializeOnLoad (711ms)
				ProcessInitializeOnLoadAttributes (3398ms)
				ProcessInitializeOnLoadMethodAttributes (928ms)
				AfterProcessingInitializeOnLoad (53ms)
				EditorAssembliesLoaded (1ms)
			ExecutionOrderSort2 (0ms)
			AwakeInstancesAfterBackupRestoration (104ms)
Platform modules already initialized, skipping
Refreshing native plugins compatible for Editor in 37.10 ms, found 4 plugins.
Preloading 0 native plugins for Editor in 0.00 ms.
Unloading 5457 Unused Serialized files (Serialized files now loaded: 0)
Unloading 35 unused Assets / (0.8 MB). Loaded Objects now: 6141.
Memory consumption went from 233.6 MB to 232.8 MB.
Total: 90.588400 ms (FindLiveObjects: 3.749300 ms CreateObjectMapping: 2.536200 ms MarkObjects: 78.830600 ms  DeleteObjects: 5.464400 ms)

AssetImportParameters requested are different than current active one (requested -> active):
  custom:video-decoder-ogg-theora: a1e56fd34408186e4bbccfd4996cb3dc -> 
  custom:container-muxer-webm: aa71ff27fc2769a1b78a27578f13a17b -> 
  custom:container-demuxer-webm: 4f35f7cbe854078d1ac9338744f61a02 -> 
  custom:video-encoder-webm-vp8: eb34c28f22e8b96e1ab97ce403110664 -> 
  custom:audio-encoder-webm-vorbis: bf7c407c2cedff20999df2af8eb42d56 -> 
  custom:framework-win-MediaFoundation: 216162199b28c13a410421893ffa2e32 -> 
  custom:container-demuxer-ogg: 62fdf1f143b41e24485cea50d1cbac27 -> 
  custom:video-decoder-webm-vp8: 9c59270c3fd7afecdb556c50c9e8de78 -> 
  custom:audio-decoder-ogg-vorbis: bf7c407c2cedff20999df2af8eb42d56 -> 
========================================================================
Received Prepare
Registering precompiled user dll's ...
Registered in 0.092578 seconds.
Begin MonoManager ReloadAssembly
Symbol file LoadedFromMemory doesn't match image C:\Users\liopo\OneDrive\桌面\Unity Projects\Monster Evolution\Library\PackageCache\com.unity.visualscripting@1.7.8\Editor\VisualScripting.Core\Dependencies\YamlDotNet\Unity.VisualScripting.YamlDotNet.dll
Symbol file LoadedFromMemory doesn't match image C:\Users\liopo\OneDrive\桌面\Unity Projects\Monster Evolution\Library\PackageCache\com.unity.visualscripting@1.7.8\Editor\VisualScripting.Core\Dependencies\DotNetZip\Unity.VisualScripting.IonicZip.dll
Native extension for WindowsStandalone target not found
Native extension for iOS target not found
Native extension for WebGL target not found
Refreshing native plugins compatible for Editor in 13.87 ms, found 4 plugins.
Preloading 0 native plugins for Editor in 0.00 ms.
Mono: successfully reloaded assembly
- Completed reload, in 30.677 seconds
Domain Reload Profiling:
	ReloadAssembly (30701ms)
		BeginReloadAssembly (2437ms)
			ExecutionOrderSort (0ms)
			DisableScriptedObjects (233ms)
			BackupInstance (0ms)
			ReleaseScriptingObjects (6ms)
			CreateAndSetChildDomain (535ms)
		EndReloadAssembly (26383ms)
			LoadAssemblies (2379ms)
			RebuildTransferFunctionScriptingTraits (1ms)
			SetupTypeCache (7197ms)
			ReleaseScriptCaches (40ms)
			RebuildScriptCaches (1017ms)
			SetupLoadedEditorAssemblies (13316ms)
				LogAssemblyErrors (0ms)
				InitializePlatformSupportModulesInManaged (586ms)
				SetLoadedEditorAssemblies (7ms)
				RefreshPlugins (15ms)
				BeforeProcessingInitializeOnLoad (2826ms)
				ProcessInitializeOnLoadAttributes (6794ms)
				ProcessInitializeOnLoadMethodAttributes (2962ms)
				AfterProcessingInitializeOnLoad (124ms)
				EditorAssembliesLoaded (2ms)
			ExecutionOrderSort2 (0ms)
			AwakeInstancesAfterBackupRestoration (254ms)
Platform modules already initialized, skipping
Refreshing native plugins compatible for Editor in 767.86 ms, found 4 plugins.
Preloading 0 native plugins for Editor in 0.00 ms.
Unloading 5457 Unused Serialized files (Serialized files now loaded: 0)
Unloading 35 unused Assets / (0.8 MB). Loaded Objects now: 6144.
Memory consumption went from 233.6 MB to 232.8 MB.
Total: 145.404800 ms (FindLiveObjects: 6.082000 ms CreateObjectMapping: 4.172400 ms MarkObjects: 127.319200 ms  DeleteObjects: 7.823000 ms)

AssetImportParameters requested are different than current active one (requested -> active):
  custom:video-decoder-ogg-theora: a1e56fd34408186e4bbccfd4996cb3dc -> 
  custom:container-muxer-webm: aa71ff27fc2769a1b78a27578f13a17b -> 
  custom:container-demuxer-webm: 4f35f7cbe854078d1ac9338744f61a02 -> 
  custom:video-encoder-webm-vp8: eb34c28f22e8b96e1ab97ce403110664 -> 
  custom:audio-encoder-webm-vorbis: bf7c407c2cedff20999df2af8eb42d56 -> 
  custom:framework-win-MediaFoundation: 216162199b28c13a410421893ffa2e32 -> 
  custom:container-demuxer-ogg: 62fdf1f143b41e24485cea50d1cbac27 -> 
  custom:video-decoder-webm-vp8: 9c59270c3fd7afecdb556c50c9e8de78 -> 
  custom:audio-decoder-ogg-vorbis: bf7c407c2cedff20999df2af8eb42d56 -> 
========================================================================
Received Prepare
Registering precompiled user dll's ...
Registered in 0.048905 seconds.
Begin MonoManager ReloadAssembly
Symbol file LoadedFromMemory doesn't match image C:\Users\liopo\OneDrive\桌面\Unity Projects\Monster Evolution\Library\PackageCache\com.unity.visualscripting@1.7.8\Editor\VisualScripting.Core\Dependencies\YamlDotNet\Unity.VisualScripting.YamlDotNet.dll
Symbol file LoadedFromMemory doesn't match image C:\Users\liopo\OneDrive\桌面\Unity Projects\Monster Evolution\Library\PackageCache\com.unity.visualscripting@1.7.8\Editor\VisualScripting.Core\Dependencies\DotNetZip\Unity.VisualScripting.IonicZip.dll
Native extension for WindowsStandalone target not found
Native extension for iOS target not found
Native extension for WebGL target not found
Refreshing native plugins compatible for Editor in 3.09 ms, found 4 plugins.
Preloading 0 native plugins for Editor in 0.00 ms.
Mono: successfully reloaded assembly
- Completed reload, in  9.886 seconds
Domain Reload Profiling:
	ReloadAssembly (9901ms)
		BeginReloadAssembly (4129ms)
			ExecutionOrderSort (0ms)
			DisableScriptedObjects (401ms)
			BackupInstance (0ms)
			ReleaseScriptingObjects (0ms)
			CreateAndSetChildDomain (2972ms)
		EndReloadAssembly (5007ms)
			LoadAssemblies (597ms)
			RebuildTransferFunctionScriptingTraits (1ms)
			SetupTypeCache (1690ms)
			ReleaseScriptCaches (19ms)
			RebuildScriptCaches (270ms)
			SetupLoadedEditorAssemblies (2075ms)
				LogAssemblyErrors (0ms)
				InitializePlatformSupportModulesInManaged (103ms)
				SetLoadedEditorAssemblies (4ms)
				RefreshPlugins (3ms)
				BeforeProcessingInitializeOnLoad (423ms)
				ProcessInitializeOnLoadAttributes (1117ms)
				ProcessInitializeOnLoadMethodAttributes (363ms)
				AfterProcessingInitializeOnLoad (62ms)
				EditorAssembliesLoaded (1ms)
			ExecutionOrderSort2 (0ms)
			AwakeInstancesAfterBackupRestoration (82ms)
Platform modules already initialized, skipping
Refreshing native plugins compatible for Editor in 32.07 ms, found 4 plugins.
Preloading 0 native plugins for Editor in 0.00 ms.
Unloading 5457 Unused Serialized files (Serialized files now loaded: 0)
Unloading 35 unused Assets / (0.8 MB). Loaded Objects now: 6147.
Memory consumption went from 233.6 MB to 232.8 MB.
Total: 54.456500 ms (FindLiveObjects: 6.989200 ms CreateObjectMapping: 5.589900 ms MarkObjects: 39.367000 ms  DeleteObjects: 2.505300 ms)

AssetImportParameters requested are different than current active one (requested -> active):
  custom:video-decoder-ogg-theora: a1e56fd34408186e4bbccfd4996cb3dc -> 
  custom:container-muxer-webm: aa71ff27fc2769a1b78a27578f13a17b -> 
  custom:container-demuxer-webm: 4f35f7cbe854078d1ac9338744f61a02 -> 
  custom:video-encoder-webm-vp8: eb34c28f22e8b96e1ab97ce403110664 -> 
  custom:audio-encoder-webm-vorbis: bf7c407c2cedff20999df2af8eb42d56 -> 
  custom:framework-win-MediaFoundation: 216162199b28c13a410421893ffa2e32 -> 
  custom:container-demuxer-ogg: 62fdf1f143b41e24485cea50d1cbac27 -> 
  custom:video-decoder-webm-vp8: 9c59270c3fd7afecdb556c50c9e8de78 -> 
  custom:audio-decoder-ogg-vorbis: bf7c407c2cedff20999df2af8eb42d56 -> 
========================================================================
Received Prepare
Registering precompiled user dll's ...
Registered in 0.067720 seconds.
Begin MonoManager ReloadAssembly
Symbol file LoadedFromMemory doesn't match image C:\Users\liopo\OneDrive\桌面\Unity Projects\Monster Evolution\Library\PackageCache\com.unity.visualscripting@1.7.8\Editor\VisualScripting.Core\Dependencies\YamlDotNet\Unity.VisualScripting.YamlDotNet.dll
Symbol file LoadedFromMemory doesn't match image C:\Users\liopo\OneDrive\桌面\Unity Projects\Monster Evolution\Library\PackageCache\com.unity.visualscripting@1.7.8\Editor\VisualScripting.Core\Dependencies\DotNetZip\Unity.VisualScripting.IonicZip.dll
Native extension for WindowsStandalone target not found
Native extension for iOS target not found
Native extension for WebGL target not found
Refreshing native plugins compatible for Editor in 3.59 ms, found 4 plugins.
Preloading 0 native plugins for Editor in 0.00 ms.
Mono: successfully reloaded assembly
- Completed reload, in  9.932 seconds
Domain Reload Profiling:
	ReloadAssembly (9936ms)
		BeginReloadAssembly (1386ms)
			ExecutionOrderSort (0ms)
			DisableScriptedObjects (54ms)
			BackupInstance (0ms)
			ReleaseScriptingObjects (0ms)
			CreateAndSetChildDomain (351ms)
		EndReloadAssembly (7859ms)
			LoadAssemblies (994ms)
			RebuildTransferFunctionScriptingTraits (0ms)
			SetupTypeCache (2580ms)
			ReleaseScriptCaches (15ms)
			RebuildScriptCaches (476ms)
			SetupLoadedEditorAssemblies (3466ms)
				LogAssemblyErrors (0ms)
				InitializePlatformSupportModulesInManaged (158ms)
				SetLoadedEditorAssemblies (2ms)
				RefreshPlugins (4ms)
				BeforeProcessingInitializeOnLoad (682ms)
				ProcessInitializeOnLoadAttributes (1972ms)
				ProcessInitializeOnLoadMethodAttributes (603ms)
				AfterProcessingInitializeOnLoad (44ms)
				EditorAssembliesLoaded (1ms)
			ExecutionOrderSort2 (0ms)
			AwakeInstancesAfterBackupRestoration (87ms)
Platform modules already initialized, skipping
Refreshing native plugins compatible for Editor in 23.60 ms, found 4 plugins.
Preloading 0 native plugins for Editor in 0.00 ms.
Unloading 5457 Unused Serialized files (Serialized files now loaded: 0)
Unloading 35 unused Assets / (0.8 MB). Loaded Objects now: 6150.
Memory consumption went from 233.6 MB to 232.8 MB.
Total: 37.224700 ms (FindLiveObjects: 3.593000 ms CreateObjectMapping: 2.082300 ms MarkObjects: 29.981700 ms  DeleteObjects: 1.564200 ms)

AssetImportParameters requested are different than current active one (requested -> active):
  custom:video-decoder-ogg-theora: a1e56fd34408186e4bbccfd4996cb3dc -> 
  custom:container-muxer-webm: aa71ff27fc2769a1b78a27578f13a17b -> 
  custom:container-demuxer-webm: 4f35f7cbe854078d1ac9338744f61a02 -> 
  custom:video-encoder-webm-vp8: eb34c28f22e8b96e1ab97ce403110664 -> 
  custom:audio-encoder-webm-vorbis: bf7c407c2cedff20999df2af8eb42d56 -> 
  custom:framework-win-MediaFoundation: 216162199b28c13a410421893ffa2e32 -> 
  custom:container-demuxer-ogg: 62fdf1f143b41e24485cea50d1cbac27 -> 
  custom:video-decoder-webm-vp8: 9c59270c3fd7afecdb556c50c9e8de78 -> 
  custom:audio-decoder-ogg-vorbis: bf7c407c2cedff20999df2af8eb42d56 -> 
========================================================================
Received Import Request.
  Time since last request: 1481.596599 seconds.
  path: Assets/Items/WeaponData/Whip.asset
  artifactKey: Guid(5f39a36f7339d0046819c38e1f6c201a) Importer(815301076,1909f56bfc062723c751e8b465ee728b)
Start importing Assets/Items/WeaponData/Whip.asset using Guid(5f39a36f7339d0046819c38e1f6c201a) Importer(815301076,1909f56bfc062723c751e8b465ee728b)  -> (artifact id: 'f67d8125dc52c1fab58f494fa1df2655') in 0.279969 seconds 
